[0.014s] Invoking command in '/home/samuisa/Documents/COGAR/ros_ws/src/build/bme_gazebo_sensors': CMAKE_PREFIX_PATH=${CMAKE_PREFIX_PATH}:/opt/ros/humble /usr/bin/cmake /home/samuisa/Documents/COGAR/ros_ws/src/bme_gazebo_sensors -DCMAKE_INSTALL_PREFIX=/home/samuisa/Documents/COGAR/ros_ws/src/install/bme_gazebo_sensors
[0.065s] -- The C compiler identification is GNU 11.4.0
[0.122s] -- The CXX compiler identification is GNU 11.4.0
[0.129s] -- Detecting C compiler ABI info
[0.195s] -- Detecting C compiler ABI info - done
[0.201s] -- Check for working C compiler: /usr/bin/cc - skipped
[0.201s] -- Detecting C compile features
[0.201s] -- Detecting C compile features - done
[0.204s] -- Detecting CXX compiler ABI info
[0.282s] -- Detecting CXX compiler ABI info - done
[0.288s] -- Check for working CXX compiler: /usr/bin/c++ - skipped
[0.289s] -- Detecting CXX compile features
[0.289s] -- Detecting CXX compile features - done
[0.292s] -- Found ament_cmake: 1.3.14 (/opt/ros/humble/share/ament_cmake/cmake)
[0.426s] -- Found Python3: /usr/bin/python3 (found version "3.10.12") found components: Interpreter 
[0.528s] -- Found ament_lint_auto: 0.12.15 (/opt/ros/humble/share/ament_lint_auto/cmake)
[0.596s] -- Added test 'flake8' to check Python code syntax and style conventions
[0.596s] -- Added test 'lint_cmake' to check CMake code style
[0.596s] -- Added test 'pep257' to check Python code against some of the docstring style conventions in PEP 257
[0.597s] -- Added test 'xmllint' to check XML markup files
[0.598s] -- Configuring done
[0.601s] -- Generating done
[0.603s] -- Build files have been written to: /home/samuisa/Documents/COGAR/ros_ws/src/build/bme_gazebo_sensors
[0.607s] Invoked command in '/home/samuisa/Documents/COGAR/ros_ws/src/build/bme_gazebo_sensors' returned '0': CMAKE_PREFIX_PATH=${CMAKE_PREFIX_PATH}:/opt/ros/humble /usr/bin/cmake /home/samuisa/Documents/COGAR/ros_ws/src/bme_gazebo_sensors -DCMAKE_INSTALL_PREFIX=/home/samuisa/Documents/COGAR/ros_ws/src/install/bme_gazebo_sensors
[0.609s] Invoking command in '/home/samuisa/Documents/COGAR/ros_ws/src/build/bme_gazebo_sensors': CMAKE_PREFIX_PATH=${CMAKE_PREFIX_PATH}:/opt/ros/humble /usr/bin/cmake --build /home/samuisa/Documents/COGAR/ros_ws/src/build/bme_gazebo_sensors -- -j16 -l16
[0.650s] Invoked command in '/home/samuisa/Documents/COGAR/ros_ws/src/build/bme_gazebo_sensors' returned '0': CMAKE_PREFIX_PATH=${CMAKE_PREFIX_PATH}:/opt/ros/humble /usr/bin/cmake --build /home/samuisa/Documents/COGAR/ros_ws/src/build/bme_gazebo_sensors -- -j16 -l16
[0.650s] Invoking command in '/home/samuisa/Documents/COGAR/ros_ws/src/build/bme_gazebo_sensors': CMAKE_PREFIX_PATH=${CMAKE_PREFIX_PATH}:/opt/ros/humble /usr/bin/cmake --install /home/samuisa/Documents/COGAR/ros_ws/src/build/bme_gazebo_sensors
[0.658s] -- Install configuration: ""
[0.658s] -- Installing: /home/samuisa/Documents/COGAR/ros_ws/src/install/bme_gazebo_sensors/share/bme_gazebo_sensors/launch
[0.658s] -- Installing: /home/samuisa/Documents/COGAR/ros_ws/src/install/bme_gazebo_sensors/share/bme_gazebo_sensors/launch/world.launch.py
[0.673s] -- Installing: /home/samuisa/Documents/COGAR/ros_ws/src/install/bme_gazebo_sensors/share/bme_gazebo_sensors/launch/spawn_robot_ex.launch.py
[0.673s] -- Installing: /home/samuisa/Documents/COGAR/ros_ws/src/install/bme_gazebo_sensors/share/bme_gazebo_sensors/launch/spawn_robot.launch.py
[0.674s] -- Installing: /home/samuisa/Documents/COGAR/ros_ws/src/install/bme_gazebo_sensors/share/bme_gazebo_sensors/worlds
[0.674s] -- Installing: /home/samuisa/Documents/COGAR/ros_ws/src/install/bme_gazebo_sensors/share/bme_gazebo_sensors/worlds/world.sdf
[0.709s] -- Installing: /home/samuisa/Documents/COGAR/ros_ws/src/install/bme_gazebo_sensors/share/bme_gazebo_sensors/worlds/home.sdf
[0.743s] -- Installing: /home/samuisa/Documents/COGAR/ros_ws/src/install/bme_gazebo_sensors/share/bme_gazebo_sensors/worlds/world_empty.sdf
[0.755s] -- Installing: /home/samuisa/Documents/COGAR/ros_ws/src/install/bme_gazebo_sensors/share/bme_gazebo_sensors/worlds/my_world.sdf
[0.814s] -- Installing: /home/samuisa/Documents/COGAR/ros_ws/src/install/bme_gazebo_sensors/share/bme_gazebo_sensors/worlds/my.sdf
[0.840s] -- Installing: /home/samuisa/Documents/COGAR/ros_ws/src/install/bme_gazebo_sensors/share/bme_gazebo_sensors/rviz
[0.840s] -- Installing: /home/samuisa/Documents/COGAR/ros_ws/src/install/bme_gazebo_sensors/share/bme_gazebo_sensors/rviz/urdf.rviz
[0.863s] -- Installing: /home/samuisa/Documents/COGAR/ros_ws/src/install/bme_gazebo_sensors/share/bme_gazebo_sensors/rviz/gps.rviz
[0.863s] -- Installing: /home/samuisa/Documents/COGAR/ros_ws/src/install/bme_gazebo_sensors/share/bme_gazebo_sensors/rviz/rviz.rviz
[0.864s] -- Installing: /home/samuisa/Documents/COGAR/ros_ws/src/install/bme_gazebo_sensors/share/bme_gazebo_sensors/urdf
[0.865s] -- Installing: /home/samuisa/Documents/COGAR/ros_ws/src/install/bme_gazebo_sensors/share/bme_gazebo_sensors/urdf/materials.xacro
[0.877s] -- Installing: /home/samuisa/Documents/COGAR/ros_ws/src/install/bme_gazebo_sensors/share/bme_gazebo_sensors/urdf/mogi_bot.gazebo
[0.878s] -- Installing: /home/samuisa/Documents/COGAR/ros_ws/src/install/bme_gazebo_sensors/share/bme_gazebo_sensors/urdf/mogi_bot.urdf
[0.878s] -- Installing: /home/samuisa/Documents/COGAR/ros_ws/src/install/bme_gazebo_sensors/share/bme_gazebo_sensors/meshes
[0.879s] -- Installing: /home/samuisa/Documents/COGAR/ros_ws/src/install/bme_gazebo_sensors/share/bme_gazebo_sensors/meshes/lidar.dae
[0.890s] -- Installing: /home/samuisa/Documents/COGAR/ros_ws/src/install/bme_gazebo_sensors/share/bme_gazebo_sensors/meshes/mogi_bot.dae
[0.891s] -- Installing: /home/samuisa/Documents/COGAR/ros_ws/src/install/bme_gazebo_sensors/share/bme_gazebo_sensors/meshes/wheel.dae
[0.900s] -- Installing: /home/samuisa/Documents/COGAR/ros_ws/src/install/bme_gazebo_sensors/share/bme_gazebo_sensors/config
[0.900s] -- Installing: /home/samuisa/Documents/COGAR/ros_ws/src/install/bme_gazebo_sensors/share/bme_gazebo_sensors/config/ekf.yaml
[0.929s] -- Installing: /home/samuisa/Documents/COGAR/ros_ws/src/install/bme_gazebo_sensors/share/ament_index/resource_index/package_run_dependencies/bme_gazebo_sensors
[0.929s] -- Installing: /home/samuisa/Documents/COGAR/ros_ws/src/install/bme_gazebo_sensors/share/ament_index/resource_index/parent_prefix_path/bme_gazebo_sensors
[0.930s] -- Installing: /home/samuisa/Documents/COGAR/ros_ws/src/install/bme_gazebo_sensors/share/bme_gazebo_sensors/environment/ament_prefix_path.sh
[0.930s] -- Installing: /home/samuisa/Documents/COGAR/ros_ws/src/install/bme_gazebo_sensors/share/bme_gazebo_sensors/environment/ament_prefix_path.dsv
[0.931s] -- Installing: /home/samuisa/Documents/COGAR/ros_ws/src/install/bme_gazebo_sensors/share/bme_gazebo_sensors/environment/path.sh
[0.931s] -- Installing: /home/samuisa/Documents/COGAR/ros_ws/src/install/bme_gazebo_sensors/share/bme_gazebo_sensors/environment/path.dsv
[0.931s] -- Installing: /home/samuisa/Documents/COGAR/ros_ws/src/install/bme_gazebo_sensors/share/bme_gazebo_sensors/local_setup.bash
[0.932s] -- Installing: /home/samuisa/Documents/COGAR/ros_ws/src/install/bme_gazebo_sensors/share/bme_gazebo_sensors/local_setup.sh
[0.932s] -- Installing: /home/samuisa/Documents/COGAR/ros_ws/src/install/bme_gazebo_sensors/share/bme_gazebo_sensors/local_setup.zsh
[0.932s] -- Installing: /home/samuisa/Documents/COGAR/ros_ws/src/install/bme_gazebo_sensors/share/bme_gazebo_sensors/local_setup.dsv
[0.933s] -- Installing: /home/samuisa/Documents/COGAR/ros_ws/src/install/bme_gazebo_sensors/share/bme_gazebo_sensors/package.dsv
[0.933s] -- Installing: /home/samuisa/Documents/COGAR/ros_ws/src/install/bme_gazebo_sensors/share/ament_index/resource_index/packages/bme_gazebo_sensors
[0.934s] -- Installing: /home/samuisa/Documents/COGAR/ros_ws/src/install/bme_gazebo_sensors/share/bme_gazebo_sensors/cmake/bme_gazebo_sensorsConfig.cmake
[0.934s] -- Installing: /home/samuisa/Documents/COGAR/ros_ws/src/install/bme_gazebo_sensors/share/bme_gazebo_sensors/cmake/bme_gazebo_sensorsConfig-version.cmake
[0.935s] -- Installing: /home/samuisa/Documents/COGAR/ros_ws/src/install/bme_gazebo_sensors/share/bme_gazebo_sensors/package.xml
[0.941s] Invoked command in '/home/samuisa/Documents/COGAR/ros_ws/src/build/bme_gazebo_sensors' returned '0': CMAKE_PREFIX_PATH=${CMAKE_PREFIX_PATH}:/opt/ros/humble /usr/bin/cmake --install /home/samuisa/Documents/COGAR/ros_ws/src/build/bme_gazebo_sensors
