[0.083s] DEBUG:colcon:Command line arguments: ['/usr/bin/colcon', 'build']
[0.083s] DEBUG:colcon:Parsed command line arguments: Namespace(log_base=None, log_level=None, verb_name='build', build_base='build', install_base='install', merge_install=False, symlink_install=False, test_result_base=None, continue_on_error=False, executor='parallel', parallel_workers=16, event_handlers=None, ignore_user_meta=False, metas=['./colcon.meta'], base_paths=['.'], packages_ignore=None, packages_ignore_regex=None, paths=None, packages_up_to=None, packages_up_to_regex=None, packages_above=None, packages_above_and_dependencies=None, packages_above_depth=None, packages_select_by_dep=None, packages_skip_by_dep=None, packages_skip_up_to=None, packages_select_build_failed=False, packages_skip_build_finished=False, packages_select_test_failures=False, packages_skip_test_passed=False, packages_select=None, packages_skip=None, packages_select_regex=None, packages_skip_regex=None, packages_start=None, packages_end=None, allow_overriding=[], cmake_args=None, cmake_target=None, cmake_target_skip_unavailable=False, cmake_clean_cache=False, cmake_clean_first=False, cmake_force_configure=False, ament_cmake_args=None, catkin_cmake_args=None, catkin_skip_building_tests=False, mixin_files=None, mixin=None, verb_parser=<colcon_mixin.mixin.mixin_argument.MixinArgumentDecorator object at 0x7aa146e15e10>, verb_extension=<colcon_core.verb.build.BuildVerb object at 0x7aa146f6ed40>, main=<bound method BuildVerb.main of <colcon_core.verb.build.BuildVerb object at 0x7aa146f6ed40>>, mixin_verb=('build',))
[0.214s] Level 1:colcon.colcon_core.package_discovery:discover_packages(colcon_meta) check parameters
[0.214s] Level 1:colcon.colcon_core.package_discovery:discover_packages(recursive) check parameters
[0.214s] Level 1:colcon.colcon_core.package_discovery:discover_packages(ignore) check parameters
[0.214s] Level 1:colcon.colcon_core.package_discovery:discover_packages(path) check parameters
[0.215s] Level 1:colcon.colcon_core.package_discovery:discover_packages(colcon_meta) discover
[0.215s] Level 1:colcon.colcon_core.package_discovery:discover_packages(recursive) discover
[0.215s] INFO:colcon.colcon_core.package_discovery:Crawling recursively for packages in '/home/samuisa/Documents/COGAR/ros_ws'
[0.215s] Level 1:colcon.colcon_core.package_identification:_identify(.) by extensions ['ignore', 'ignore_ament_install']
[0.215s] Level 1:colcon.colcon_core.package_identification:_identify(.) by extension 'ignore'
[0.215s] Level 1:colcon.colcon_core.package_identification:_identify(.) by extension 'ignore_ament_install'
[0.215s] Level 1:colcon.colcon_core.package_identification:_identify(.) by extensions ['colcon_pkg']
[0.215s] Level 1:colcon.colcon_core.package_identification:_identify(.) by extension 'colcon_pkg'
[0.215s] Level 1:colcon.colcon_core.package_identification:_identify(.) by extensions ['colcon_meta']
[0.215s] Level 1:colcon.colcon_core.package_identification:_identify(.) by extension 'colcon_meta'
[0.215s] Level 1:colcon.colcon_core.package_identification:_identify(.) by extensions ['ros']
[0.215s] Level 1:colcon.colcon_core.package_identification:_identify(.) by extension 'ros'
[0.223s] Level 1:colcon.colcon_core.package_identification:_identify(.) by extensions ['cmake', 'python']
[0.223s] Level 1:colcon.colcon_core.package_identification:_identify(.) by extension 'cmake'
[0.223s] Level 1:colcon.colcon_core.package_identification:_identify(.) by extension 'python'
[0.223s] Level 1:colcon.colcon_core.package_identification:_identify(.) by extensions ['python_setup_py']
[0.224s] Level 1:colcon.colcon_core.package_identification:_identify(.) by extension 'python_setup_py'
[0.224s] Level 1:colcon.colcon_core.package_identification:_identify(build) by extensions ['ignore', 'ignore_ament_install']
[0.224s] Level 1:colcon.colcon_core.package_identification:_identify(build) by extension 'ignore'
[0.224s] Level 1:colcon.colcon_core.package_identification:_identify(build) ignored
[0.224s] Level 1:colcon.colcon_core.package_identification:_identify(install) by extensions ['ignore', 'ignore_ament_install']
[0.224s] Level 1:colcon.colcon_core.package_identification:_identify(install) by extension 'ignore'
[0.224s] Level 1:colcon.colcon_core.package_identification:_identify(install) ignored
[0.224s] Level 1:colcon.colcon_core.package_identification:_identify(log) by extensions ['ignore', 'ignore_ament_install']
[0.224s] Level 1:colcon.colcon_core.package_identification:_identify(log) by extension 'ignore'
[0.224s] Level 1:colcon.colcon_core.package_identification:_identify(log) ignored
[0.224s] Level 1:colcon.colcon_core.package_identification:_identify(src) by extensions ['ignore', 'ignore_ament_install']
[0.224s] Level 1:colcon.colcon_core.package_identification:_identify(src) by extension 'ignore'
[0.224s] Level 1:colcon.colcon_core.package_identification:_identify(src) by extension 'ignore_ament_install'
[0.224s] Level 1:colcon.colcon_core.package_identification:_identify(src) by extensions ['colcon_pkg']
[0.224s] Level 1:colcon.colcon_core.package_identification:_identify(src) by extension 'colcon_pkg'
[0.224s] Level 1:colcon.colcon_core.package_identification:_identify(src) by extensions ['colcon_meta']
[0.224s] Level 1:colcon.colcon_core.package_identification:_identify(src) by extension 'colcon_meta'
[0.224s] Level 1:colcon.colcon_core.package_identification:_identify(src) by extensions ['ros']
[0.224s] Level 1:colcon.colcon_core.package_identification:_identify(src) by extension 'ros'
[0.224s] Level 1:colcon.colcon_core.package_identification:_identify(src) by extensions ['cmake', 'python']
[0.224s] Level 1:colcon.colcon_core.package_identification:_identify(src) by extension 'cmake'
[0.224s] Level 1:colcon.colcon_core.package_identification:_identify(src) by extension 'python'
[0.225s] Level 1:colcon.colcon_core.package_identification:_identify(src) by extensions ['python_setup_py']
[0.225s] Level 1:colcon.colcon_core.package_identification:_identify(src) by extension 'python_setup_py'
[0.225s] Level 1:colcon.colcon_core.package_identification:_identify(src/aws-robomaker-small-house-world) by extensions ['ignore', 'ignore_ament_install']
[0.225s] Level 1:colcon.colcon_core.package_identification:_identify(src/aws-robomaker-small-house-world) by extension 'ignore'
[0.225s] Level 1:colcon.colcon_core.package_identification:_identify(src/aws-robomaker-small-house-world) by extension 'ignore_ament_install'
[0.225s] Level 1:colcon.colcon_core.package_identification:_identify(src/aws-robomaker-small-house-world) by extensions ['colcon_pkg']
[0.225s] Level 1:colcon.colcon_core.package_identification:_identify(src/aws-robomaker-small-house-world) by extension 'colcon_pkg'
[0.225s] Level 1:colcon.colcon_core.package_identification:_identify(src/aws-robomaker-small-house-world) by extensions ['colcon_meta']
[0.225s] Level 1:colcon.colcon_core.package_identification:_identify(src/aws-robomaker-small-house-world) by extension 'colcon_meta'
[0.225s] Level 1:colcon.colcon_core.package_identification:_identify(src/aws-robomaker-small-house-world) by extensions ['ros']
[0.225s] Level 1:colcon.colcon_core.package_identification:_identify(src/aws-robomaker-small-house-world) by extension 'ros'
[0.227s] DEBUG:colcon.colcon_core.package_identification:Package 'src/aws-robomaker-small-house-world' with type 'ros.ament_cmake' and name 'aws_robomaker_small_house_world'
[0.227s] Level 1:colcon.colcon_core.package_identification:_identify(src/bme_gazebo_sensors) by extensions ['ignore', 'ignore_ament_install']
[0.227s] Level 1:colcon.colcon_core.package_identification:_identify(src/bme_gazebo_sensors) by extension 'ignore'
[0.227s] Level 1:colcon.colcon_core.package_identification:_identify(src/bme_gazebo_sensors) by extension 'ignore_ament_install'
[0.227s] Level 1:colcon.colcon_core.package_identification:_identify(src/bme_gazebo_sensors) by extensions ['colcon_pkg']
[0.227s] Level 1:colcon.colcon_core.package_identification:_identify(src/bme_gazebo_sensors) by extension 'colcon_pkg'
[0.227s] Level 1:colcon.colcon_core.package_identification:_identify(src/bme_gazebo_sensors) by extensions ['colcon_meta']
[0.227s] Level 1:colcon.colcon_core.package_identification:_identify(src/bme_gazebo_sensors) by extension 'colcon_meta'
[0.227s] Level 1:colcon.colcon_core.package_identification:_identify(src/bme_gazebo_sensors) by extensions ['ros']
[0.227s] Level 1:colcon.colcon_core.package_identification:_identify(src/bme_gazebo_sensors) by extension 'ros'
[0.227s] DEBUG:colcon.colcon_core.package_identification:Package 'src/bme_gazebo_sensors' with type 'ros.ament_cmake' and name 'bme_gazebo_sensors'
[0.228s] Level 1:colcon.colcon_core.package_identification:_identify(src/build) by extensions ['ignore', 'ignore_ament_install']
[0.228s] Level 1:colcon.colcon_core.package_identification:_identify(src/build) by extension 'ignore'
[0.228s] Level 1:colcon.colcon_core.package_identification:_identify(src/build) ignored
[0.228s] Level 1:colcon.colcon_core.package_identification:_identify(src/g1_description) by extensions ['ignore', 'ignore_ament_install']
[0.228s] Level 1:colcon.colcon_core.package_identification:_identify(src/g1_description) by extension 'ignore'
[0.228s] Level 1:colcon.colcon_core.package_identification:_identify(src/g1_description) by extension 'ignore_ament_install'
[0.228s] Level 1:colcon.colcon_core.package_identification:_identify(src/g1_description) by extensions ['colcon_pkg']
[0.228s] Level 1:colcon.colcon_core.package_identification:_identify(src/g1_description) by extension 'colcon_pkg'
[0.228s] Level 1:colcon.colcon_core.package_identification:_identify(src/g1_description) by extensions ['colcon_meta']
[0.228s] Level 1:colcon.colcon_core.package_identification:_identify(src/g1_description) by extension 'colcon_meta'
[0.228s] Level 1:colcon.colcon_core.package_identification:_identify(src/g1_description) by extensions ['ros']
[0.228s] Level 1:colcon.colcon_core.package_identification:_identify(src/g1_description) by extension 'ros'
[0.230s] DEBUG:colcon.colcon_core.package_identification:Package 'src/g1_description' with type 'ros.ament_cmake' and name 'g1_description'
[0.230s] Level 1:colcon.colcon_core.package_identification:_identify(src/install) by extensions ['ignore', 'ignore_ament_install']
[0.230s] Level 1:colcon.colcon_core.package_identification:_identify(src/install) by extension 'ignore'
[0.230s] Level 1:colcon.colcon_core.package_identification:_identify(src/install) ignored
[0.230s] Level 1:colcon.colcon_core.package_identification:_identify(src/log) by extensions ['ignore', 'ignore_ament_install']
[0.230s] Level 1:colcon.colcon_core.package_identification:_identify(src/log) by extension 'ignore'
[0.230s] Level 1:colcon.colcon_core.package_identification:_identify(src/log) ignored
[0.230s] Level 1:colcon.colcon_core.package_discovery:discover_packages(recursive) using defaults
[0.230s] Level 1:colcon.colcon_core.package_discovery:discover_packages(ignore) discover
[0.230s] Level 1:colcon.colcon_core.package_discovery:discover_packages(ignore) using defaults
[0.231s] Level 1:colcon.colcon_core.package_discovery:discover_packages(path) discover
[0.231s] Level 1:colcon.colcon_core.package_discovery:discover_packages(path) using defaults
[0.258s] Level 1:colcon.colcon_core.package_discovery:discover_packages(prefix_path) check parameters
[0.258s] Level 1:colcon.colcon_core.package_discovery:discover_packages(prefix_path) discover
[0.258s] WARNING:colcon.colcon_ros.prefix_path.ament:The path '/home/samuisa/Documents/COGAR/ros_ws/install/g1_description' in the environment variable AMENT_PREFIX_PATH doesn't exist
[0.259s] WARNING:colcon.colcon_ros.prefix_path.ament:The path '/home/samuisa/Documents/COGAR/ros_ws/install/bme_gazebo_sensors' in the environment variable AMENT_PREFIX_PATH doesn't exist
[0.259s] WARNING:colcon.colcon_ros.prefix_path.ament:The path '/home/samuisa/Documents/COGAR/ros_ws/install/aws_robomaker_small_house_world' in the environment variable AMENT_PREFIX_PATH doesn't exist
[0.259s] WARNING:colcon.colcon_ros.prefix_path.catkin:The path '/home/samuisa/Documents/COGAR/ros_ws/install/g1_description' in the environment variable CMAKE_PREFIX_PATH doesn't exist
[0.259s] WARNING:colcon.colcon_ros.prefix_path.catkin:The path '/home/samuisa/Documents/COGAR/ros_ws/install/bme_gazebo_sensors' in the environment variable CMAKE_PREFIX_PATH doesn't exist
[0.259s] WARNING:colcon.colcon_ros.prefix_path.catkin:The path '/home/samuisa/Documents/COGAR/ros_ws/install/aws_robomaker_small_house_world' in the environment variable CMAKE_PREFIX_PATH doesn't exist
[0.259s] DEBUG:colcon.colcon_installed_package_information.package_discovery:Found 0 installed packages in /home/samuisa/Documents/COGAR/ros_ws/install
[0.261s] DEBUG:colcon.colcon_installed_package_information.package_discovery:Found 389 installed packages in /opt/ros/humble
[0.262s] Level 1:colcon.colcon_core.package_discovery:discover_packages(prefix_path) using defaults
[0.298s] Level 5:colcon.colcon_core.verb:set package 'aws_robomaker_small_house_world' build argument 'cmake_args' from command line to 'None'
[0.298s] Level 5:colcon.colcon_core.verb:set package 'aws_robomaker_small_house_world' build argument 'cmake_target' from command line to 'None'
[0.298s] Level 5:colcon.colcon_core.verb:set package 'aws_robomaker_small_house_world' build argument 'cmake_target_skip_unavailable' from command line to 'False'
[0.298s] Level 5:colcon.colcon_core.verb:set package 'aws_robomaker_small_house_world' build argument 'cmake_clean_cache' from command line to 'False'
[0.298s] Level 5:colcon.colcon_core.verb:set package 'aws_robomaker_small_house_world' build argument 'cmake_clean_first' from command line to 'False'
[0.298s] Level 5:colcon.colcon_core.verb:set package 'aws_robomaker_small_house_world' build argument 'cmake_force_configure' from command line to 'False'
[0.298s] Level 5:colcon.colcon_core.verb:set package 'aws_robomaker_small_house_world' build argument 'ament_cmake_args' from command line to 'None'
[0.298s] Level 5:colcon.colcon_core.verb:set package 'aws_robomaker_small_house_world' build argument 'catkin_cmake_args' from command line to 'None'
[0.298s] Level 5:colcon.colcon_core.verb:set package 'aws_robomaker_small_house_world' build argument 'catkin_skip_building_tests' from command line to 'False'
[0.298s] DEBUG:colcon.colcon_core.verb:Building package 'aws_robomaker_small_house_world' with the following arguments: {'ament_cmake_args': None, 'build_base': '/home/samuisa/Documents/COGAR/ros_ws/build/aws_robomaker_small_house_world', 'catkin_cmake_args': None, 'catkin_skip_building_tests': False, 'cmake_args': None, 'cmake_clean_cache': False, 'cmake_clean_first': False, 'cmake_force_configure': False, 'cmake_target': None, 'cmake_target_skip_unavailable': False, 'install_base': '/home/samuisa/Documents/COGAR/ros_ws/install/aws_robomaker_small_house_world', 'merge_install': False, 'path': '/home/samuisa/Documents/COGAR/ros_ws/src/aws-robomaker-small-house-world', 'symlink_install': False, 'test_result_base': None}
[0.299s] Level 5:colcon.colcon_core.verb:set package 'bme_gazebo_sensors' build argument 'cmake_args' from command line to 'None'
[0.299s] Level 5:colcon.colcon_core.verb:set package 'bme_gazebo_sensors' build argument 'cmake_target' from command line to 'None'
[0.299s] Level 5:colcon.colcon_core.verb:set package 'bme_gazebo_sensors' build argument 'cmake_target_skip_unavailable' from command line to 'False'
[0.299s] Level 5:colcon.colcon_core.verb:set package 'bme_gazebo_sensors' build argument 'cmake_clean_cache' from command line to 'False'
[0.299s] Level 5:colcon.colcon_core.verb:set package 'bme_gazebo_sensors' build argument 'cmake_clean_first' from command line to 'False'
[0.299s] Level 5:colcon.colcon_core.verb:set package 'bme_gazebo_sensors' build argument 'cmake_force_configure' from command line to 'False'
[0.299s] Level 5:colcon.colcon_core.verb:set package 'bme_gazebo_sensors' build argument 'ament_cmake_args' from command line to 'None'
[0.299s] Level 5:colcon.colcon_core.verb:set package 'bme_gazebo_sensors' build argument 'catkin_cmake_args' from command line to 'None'
[0.299s] Level 5:colcon.colcon_core.verb:set package 'bme_gazebo_sensors' build argument 'catkin_skip_building_tests' from command line to 'False'
[0.299s] DEBUG:colcon.colcon_core.verb:Building package 'bme_gazebo_sensors' with the following arguments: {'ament_cmake_args': None, 'build_base': '/home/samuisa/Documents/COGAR/ros_ws/build/bme_gazebo_sensors', 'catkin_cmake_args': None, 'catkin_skip_building_tests': False, 'cmake_args': None, 'cmake_clean_cache': False, 'cmake_clean_first': False, 'cmake_force_configure': False, 'cmake_target': None, 'cmake_target_skip_unavailable': False, 'install_base': '/home/samuisa/Documents/COGAR/ros_ws/install/bme_gazebo_sensors', 'merge_install': False, 'path': '/home/samuisa/Documents/COGAR/ros_ws/src/bme_gazebo_sensors', 'symlink_install': False, 'test_result_base': None}
[0.299s] Level 5:colcon.colcon_core.verb:set package 'g1_description' build argument 'cmake_args' from command line to 'None'
[0.299s] Level 5:colcon.colcon_core.verb:set package 'g1_description' build argument 'cmake_target' from command line to 'None'
[0.299s] Level 5:colcon.colcon_core.verb:set package 'g1_description' build argument 'cmake_target_skip_unavailable' from command line to 'False'
[0.299s] Level 5:colcon.colcon_core.verb:set package 'g1_description' build argument 'cmake_clean_cache' from command line to 'False'
[0.299s] Level 5:colcon.colcon_core.verb:set package 'g1_description' build argument 'cmake_clean_first' from command line to 'False'
[0.299s] Level 5:colcon.colcon_core.verb:set package 'g1_description' build argument 'cmake_force_configure' from command line to 'False'
[0.299s] Level 5:colcon.colcon_core.verb:set package 'g1_description' build argument 'ament_cmake_args' from command line to 'None'
[0.299s] Level 5:colcon.colcon_core.verb:set package 'g1_description' build argument 'catkin_cmake_args' from command line to 'None'
[0.299s] Level 5:colcon.colcon_core.verb:set package 'g1_description' build argument 'catkin_skip_building_tests' from command line to 'False'
[0.299s] DEBUG:colcon.colcon_core.verb:Building package 'g1_description' with the following arguments: {'ament_cmake_args': None, 'build_base': '/home/samuisa/Documents/COGAR/ros_ws/build/g1_description', 'catkin_cmake_args': None, 'catkin_skip_building_tests': False, 'cmake_args': None, 'cmake_clean_cache': False, 'cmake_clean_first': False, 'cmake_force_configure': False, 'cmake_target': None, 'cmake_target_skip_unavailable': False, 'install_base': '/home/samuisa/Documents/COGAR/ros_ws/install/g1_description', 'merge_install': False, 'path': '/home/samuisa/Documents/COGAR/ros_ws/src/g1_description', 'symlink_install': False, 'test_result_base': None}
[0.299s] INFO:colcon.colcon_core.executor:Executing jobs using 'parallel' executor
[0.300s] DEBUG:colcon.colcon_parallel_executor.executor.parallel:run_until_complete
[0.300s] INFO:colcon.colcon_ros.task.ament_cmake.build:Building ROS package in '/home/samuisa/Documents/COGAR/ros_ws/src/aws-robomaker-small-house-world' with build type 'ament_cmake'
[0.300s] INFO:colcon.colcon_cmake.task.cmake.build:Building CMake package in '/home/samuisa/Documents/COGAR/ros_ws/src/aws-robomaker-small-house-world'
[0.303s] INFO:colcon.colcon_core.plugin_system:Skipping extension 'colcon_core.shell.bat': Not used on non-Windows systems
[0.303s] INFO:colcon.colcon_core.shell:Skip shell extension 'powershell' for command environment: Not usable outside of PowerShell
[0.303s] DEBUG:colcon.colcon_core.shell:Skip shell extension 'dsv' for command environment
[0.306s] INFO:colcon.colcon_ros.task.ament_cmake.build:Building ROS package in '/home/samuisa/Documents/COGAR/ros_ws/src/bme_gazebo_sensors' with build type 'ament_cmake'
[0.306s] INFO:colcon.colcon_cmake.task.cmake.build:Building CMake package in '/home/samuisa/Documents/COGAR/ros_ws/src/bme_gazebo_sensors'
[0.306s] INFO:colcon.colcon_core.shell:Skip shell extension 'powershell' for command environment: Not usable outside of PowerShell
[0.306s] DEBUG:colcon.colcon_core.shell:Skip shell extension 'dsv' for command environment
[0.309s] INFO:colcon.colcon_ros.task.ament_cmake.build:Building ROS package in '/home/samuisa/Documents/COGAR/ros_ws/src/g1_description' with build type 'ament_cmake'
[0.309s] INFO:colcon.colcon_cmake.task.cmake.build:Building CMake package in '/home/samuisa/Documents/COGAR/ros_ws/src/g1_description'
[0.310s] INFO:colcon.colcon_core.shell:Skip shell extension 'powershell' for command environment: Not usable outside of PowerShell
[0.310s] DEBUG:colcon.colcon_core.shell:Skip shell extension 'dsv' for command environment
[0.316s] DEBUG:colcon.colcon_core.event_handler.log_command:Invoking command in '/home/samuisa/Documents/COGAR/ros_ws/build/aws_robomaker_small_house_world': CMAKE_PREFIX_PATH=${CMAKE_PREFIX_PATH}:/opt/ros/humble /usr/bin/cmake /home/samuisa/Documents/COGAR/ros_ws/src/aws-robomaker-small-house-world -DCMAKE_INSTALL_PREFIX=/home/samuisa/Documents/COGAR/ros_ws/install/aws_robomaker_small_house_world
[0.319s] DEBUG:colcon.colcon_core.event_handler.log_command:Invoking command in '/home/samuisa/Documents/COGAR/ros_ws/build/bme_gazebo_sensors': CMAKE_PREFIX_PATH=${CMAKE_PREFIX_PATH}:/opt/ros/humble /usr/bin/cmake /home/samuisa/Documents/COGAR/ros_ws/src/bme_gazebo_sensors -DCMAKE_INSTALL_PREFIX=/home/samuisa/Documents/COGAR/ros_ws/install/bme_gazebo_sensors
[0.322s] DEBUG:colcon.colcon_core.event_handler.log_command:Invoking command in '/home/samuisa/Documents/COGAR/ros_ws/build/g1_description': CMAKE_PREFIX_PATH=${CMAKE_PREFIX_PATH}:/opt/ros/humble /usr/bin/cmake /home/samuisa/Documents/COGAR/ros_ws/src/g1_description -DCMAKE_INSTALL_PREFIX=/home/samuisa/Documents/COGAR/ros_ws/install/g1_description
[0.905s] DEBUG:colcon.colcon_core.event_handler.log_command:Invoked command in '/home/samuisa/Documents/COGAR/ros_ws/build/g1_description' returned '0': CMAKE_PREFIX_PATH=${CMAKE_PREFIX_PATH}:/opt/ros/humble /usr/bin/cmake /home/samuisa/Documents/COGAR/ros_ws/src/g1_description -DCMAKE_INSTALL_PREFIX=/home/samuisa/Documents/COGAR/ros_ws/install/g1_description
[0.907s] DEBUG:colcon.colcon_core.event_handler.log_command:Invoking command in '/home/samuisa/Documents/COGAR/ros_ws/build/g1_description': CMAKE_PREFIX_PATH=${CMAKE_PREFIX_PATH}:/opt/ros/humble /usr/bin/cmake --build /home/samuisa/Documents/COGAR/ros_ws/build/g1_description -- -j16 -l16
[0.933s] DEBUG:colcon.colcon_core.event_handler.log_command:Invoked command in '/home/samuisa/Documents/COGAR/ros_ws/build/bme_gazebo_sensors' returned '0': CMAKE_PREFIX_PATH=${CMAKE_PREFIX_PATH}:/opt/ros/humble /usr/bin/cmake /home/samuisa/Documents/COGAR/ros_ws/src/bme_gazebo_sensors -DCMAKE_INSTALL_PREFIX=/home/samuisa/Documents/COGAR/ros_ws/install/bme_gazebo_sensors
[0.936s] DEBUG:colcon.colcon_core.event_handler.log_command:Invoking command in '/home/samuisa/Documents/COGAR/ros_ws/build/bme_gazebo_sensors': CMAKE_PREFIX_PATH=${CMAKE_PREFIX_PATH}:/opt/ros/humble /usr/bin/cmake --build /home/samuisa/Documents/COGAR/ros_ws/build/bme_gazebo_sensors -- -j16 -l16
[0.948s] DEBUG:colcon.colcon_core.event_handler.log_command:Invoked command in '/home/samuisa/Documents/COGAR/ros_ws/build/g1_description' returned '0': CMAKE_PREFIX_PATH=${CMAKE_PREFIX_PATH}:/opt/ros/humble /usr/bin/cmake --build /home/samuisa/Documents/COGAR/ros_ws/build/g1_description -- -j16 -l16
[0.958s] DEBUG:colcon.colcon_core.event_handler.log_command:Invoking command in '/home/samuisa/Documents/COGAR/ros_ws/build/g1_description': CMAKE_PREFIX_PATH=${CMAKE_PREFIX_PATH}:/opt/ros/humble /usr/bin/cmake --install /home/samuisa/Documents/COGAR/ros_ws/build/g1_description
[0.974s] DEBUG:colcon.colcon_core.event_handler.log_command:Invoked command in '/home/samuisa/Documents/COGAR/ros_ws/build/bme_gazebo_sensors' returned '0': CMAKE_PREFIX_PATH=${CMAKE_PREFIX_PATH}:/opt/ros/humble /usr/bin/cmake --build /home/samuisa/Documents/COGAR/ros_ws/build/bme_gazebo_sensors -- -j16 -l16
[0.976s] DEBUG:colcon.colcon_core.event_handler.log_command:Invoking command in '/home/samuisa/Documents/COGAR/ros_ws/build/bme_gazebo_sensors': CMAKE_PREFIX_PATH=${CMAKE_PREFIX_PATH}:/opt/ros/humble /usr/bin/cmake --install /home/samuisa/Documents/COGAR/ros_ws/build/bme_gazebo_sensors
[0.991s] Level 1:colcon.colcon_core.environment:create_environment_scripts_only(bme_gazebo_sensors)
[0.992s] DEBUG:colcon.colcon_core.event_handler.log_command:Invoked command in '/home/samuisa/Documents/COGAR/ros_ws/build/bme_gazebo_sensors' returned '0': CMAKE_PREFIX_PATH=${CMAKE_PREFIX_PATH}:/opt/ros/humble /usr/bin/cmake --install /home/samuisa/Documents/COGAR/ros_ws/build/bme_gazebo_sensors
[0.994s] Level 1:colcon.colcon_core.environment:checking '/home/samuisa/Documents/COGAR/ros_ws/install/bme_gazebo_sensors' for CMake module files
[0.995s] Level 1:colcon.colcon_core.environment:checking '/home/samuisa/Documents/COGAR/ros_ws/install/bme_gazebo_sensors' for CMake config files
[0.995s] Level 1:colcon.colcon_core.shell:create_environment_hook('bme_gazebo_sensors', 'cmake_prefix_path')
[0.995s] INFO:colcon.colcon_core.shell:Creating environment hook '/home/samuisa/Documents/COGAR/ros_ws/install/bme_gazebo_sensors/share/bme_gazebo_sensors/hook/cmake_prefix_path.ps1'
[0.995s] INFO:colcon.colcon_core.shell:Creating environment descriptor '/home/samuisa/Documents/COGAR/ros_ws/install/bme_gazebo_sensors/share/bme_gazebo_sensors/hook/cmake_prefix_path.dsv'
[0.996s] INFO:colcon.colcon_core.shell:Creating environment hook '/home/samuisa/Documents/COGAR/ros_ws/install/bme_gazebo_sensors/share/bme_gazebo_sensors/hook/cmake_prefix_path.sh'
[0.997s] Level 1:colcon.colcon_core.environment:checking '/home/samuisa/Documents/COGAR/ros_ws/install/bme_gazebo_sensors/bin'
[0.997s] Level 1:colcon.colcon_core.environment:checking '/home/samuisa/Documents/COGAR/ros_ws/install/bme_gazebo_sensors/lib/pkgconfig/bme_gazebo_sensors.pc'
[0.997s] Level 1:colcon.colcon_core.environment:checking '/home/samuisa/Documents/COGAR/ros_ws/install/bme_gazebo_sensors/lib/python3.10/site-packages'
[0.997s] Level 1:colcon.colcon_core.environment:checking '/home/samuisa/Documents/COGAR/ros_ws/install/bme_gazebo_sensors/bin'
[0.997s] INFO:colcon.colcon_core.shell:Creating package script '/home/samuisa/Documents/COGAR/ros_ws/install/bme_gazebo_sensors/share/bme_gazebo_sensors/package.ps1'
[0.999s] INFO:colcon.colcon_core.shell:Creating package descriptor '/home/samuisa/Documents/COGAR/ros_ws/install/bme_gazebo_sensors/share/bme_gazebo_sensors/package.dsv'
[1.002s] INFO:colcon.colcon_core.shell:Creating package script '/home/samuisa/Documents/COGAR/ros_ws/install/bme_gazebo_sensors/share/bme_gazebo_sensors/package.sh'
[1.003s] INFO:colcon.colcon_core.shell:Creating package script '/home/samuisa/Documents/COGAR/ros_ws/install/bme_gazebo_sensors/share/bme_gazebo_sensors/package.bash'
[1.003s] INFO:colcon.colcon_core.shell:Creating package script '/home/samuisa/Documents/COGAR/ros_ws/install/bme_gazebo_sensors/share/bme_gazebo_sensors/package.zsh'
[1.004s] Level 1:colcon.colcon_core.environment:create_file_with_runtime_dependencies(/home/samuisa/Documents/COGAR/ros_ws/install/bme_gazebo_sensors/share/colcon-core/packages/bme_gazebo_sensors)
[1.004s] Level 1:colcon.colcon_core.environment:create_environment_scripts_only(bme_gazebo_sensors)
[1.004s] Level 1:colcon.colcon_core.environment:checking '/home/samuisa/Documents/COGAR/ros_ws/install/bme_gazebo_sensors' for CMake module files
[1.005s] Level 1:colcon.colcon_core.environment:checking '/home/samuisa/Documents/COGAR/ros_ws/install/bme_gazebo_sensors' for CMake config files
[1.005s] Level 1:colcon.colcon_core.shell:create_environment_hook('bme_gazebo_sensors', 'cmake_prefix_path')
[1.005s] INFO:colcon.colcon_core.shell:Creating environment hook '/home/samuisa/Documents/COGAR/ros_ws/install/bme_gazebo_sensors/share/bme_gazebo_sensors/hook/cmake_prefix_path.ps1'
[1.005s] INFO:colcon.colcon_core.shell:Creating environment descriptor '/home/samuisa/Documents/COGAR/ros_ws/install/bme_gazebo_sensors/share/bme_gazebo_sensors/hook/cmake_prefix_path.dsv'
[1.006s] INFO:colcon.colcon_core.shell:Creating environment hook '/home/samuisa/Documents/COGAR/ros_ws/install/bme_gazebo_sensors/share/bme_gazebo_sensors/hook/cmake_prefix_path.sh'
[1.006s] Level 1:colcon.colcon_core.environment:checking '/home/samuisa/Documents/COGAR/ros_ws/install/bme_gazebo_sensors/bin'
[1.006s] Level 1:colcon.colcon_core.environment:checking '/home/samuisa/Documents/COGAR/ros_ws/install/bme_gazebo_sensors/lib/pkgconfig/bme_gazebo_sensors.pc'
[1.006s] Level 1:colcon.colcon_core.environment:checking '/home/samuisa/Documents/COGAR/ros_ws/install/bme_gazebo_sensors/lib/python3.10/site-packages'
[1.007s] Level 1:colcon.colcon_core.environment:checking '/home/samuisa/Documents/COGAR/ros_ws/install/bme_gazebo_sensors/bin'
[1.007s] INFO:colcon.colcon_core.shell:Creating package script '/home/samuisa/Documents/COGAR/ros_ws/install/bme_gazebo_sensors/share/bme_gazebo_sensors/package.ps1'
[1.007s] INFO:colcon.colcon_core.shell:Creating package descriptor '/home/samuisa/Documents/COGAR/ros_ws/install/bme_gazebo_sensors/share/bme_gazebo_sensors/package.dsv'
[1.008s] INFO:colcon.colcon_core.shell:Creating package script '/home/samuisa/Documents/COGAR/ros_ws/install/bme_gazebo_sensors/share/bme_gazebo_sensors/package.sh'
[1.008s] INFO:colcon.colcon_core.shell:Creating package script '/home/samuisa/Documents/COGAR/ros_ws/install/bme_gazebo_sensors/share/bme_gazebo_sensors/package.bash'
[1.008s] INFO:colcon.colcon_core.shell:Creating package script '/home/samuisa/Documents/COGAR/ros_ws/install/bme_gazebo_sensors/share/bme_gazebo_sensors/package.zsh'
[1.009s] Level 1:colcon.colcon_core.environment:create_file_with_runtime_dependencies(/home/samuisa/Documents/COGAR/ros_ws/install/bme_gazebo_sensors/share/colcon-core/packages/bme_gazebo_sensors)
[1.010s] Level 1:colcon.colcon_core.environment:create_environment_scripts_only(g1_description)
[1.010s] Level 1:colcon.colcon_core.environment:checking '/home/samuisa/Documents/COGAR/ros_ws/install/g1_description' for CMake module files
[1.011s] DEBUG:colcon.colcon_core.event_handler.log_command:Invoked command in '/home/samuisa/Documents/COGAR/ros_ws/build/g1_description' returned '0': CMAKE_PREFIX_PATH=${CMAKE_PREFIX_PATH}:/opt/ros/humble /usr/bin/cmake --install /home/samuisa/Documents/COGAR/ros_ws/build/g1_description
[1.011s] Level 1:colcon.colcon_core.environment:checking '/home/samuisa/Documents/COGAR/ros_ws/install/g1_description' for CMake config files
[1.011s] Level 1:colcon.colcon_core.shell:create_environment_hook('g1_description', 'cmake_prefix_path')
[1.011s] INFO:colcon.colcon_core.shell:Creating environment hook '/home/samuisa/Documents/COGAR/ros_ws/install/g1_description/share/g1_description/hook/cmake_prefix_path.ps1'
[1.012s] INFO:colcon.colcon_core.shell:Creating environment descriptor '/home/samuisa/Documents/COGAR/ros_ws/install/g1_description/share/g1_description/hook/cmake_prefix_path.dsv'
[1.012s] INFO:colcon.colcon_core.shell:Creating environment hook '/home/samuisa/Documents/COGAR/ros_ws/install/g1_description/share/g1_description/hook/cmake_prefix_path.sh'
[1.013s] Level 1:colcon.colcon_core.environment:checking '/home/samuisa/Documents/COGAR/ros_ws/install/g1_description/bin'
[1.013s] Level 1:colcon.colcon_core.environment:checking '/home/samuisa/Documents/COGAR/ros_ws/install/g1_description/lib/pkgconfig/g1_description.pc'
[1.013s] Level 1:colcon.colcon_core.environment:checking '/home/samuisa/Documents/COGAR/ros_ws/install/g1_description/lib/python3.10/site-packages'
[1.013s] Level 1:colcon.colcon_core.environment:checking '/home/samuisa/Documents/COGAR/ros_ws/install/g1_description/bin'
[1.013s] INFO:colcon.colcon_core.shell:Creating package script '/home/samuisa/Documents/COGAR/ros_ws/install/g1_description/share/g1_description/package.ps1'
[1.014s] INFO:colcon.colcon_core.shell:Creating package descriptor '/home/samuisa/Documents/COGAR/ros_ws/install/g1_description/share/g1_description/package.dsv'
[1.014s] INFO:colcon.colcon_core.shell:Creating package script '/home/samuisa/Documents/COGAR/ros_ws/install/g1_description/share/g1_description/package.sh'
[1.014s] INFO:colcon.colcon_core.shell:Creating package script '/home/samuisa/Documents/COGAR/ros_ws/install/g1_description/share/g1_description/package.bash'
[1.014s] INFO:colcon.colcon_core.shell:Creating package script '/home/samuisa/Documents/COGAR/ros_ws/install/g1_description/share/g1_description/package.zsh'
[1.015s] Level 1:colcon.colcon_core.environment:create_file_with_runtime_dependencies(/home/samuisa/Documents/COGAR/ros_ws/install/g1_description/share/colcon-core/packages/g1_description)
[1.015s] Level 1:colcon.colcon_core.environment:create_environment_scripts_only(g1_description)
[1.015s] Level 1:colcon.colcon_core.environment:checking '/home/samuisa/Documents/COGAR/ros_ws/install/g1_description' for CMake module files
[1.016s] Level 1:colcon.colcon_core.environment:checking '/home/samuisa/Documents/COGAR/ros_ws/install/g1_description' for CMake config files
[1.016s] Level 1:colcon.colcon_core.shell:create_environment_hook('g1_description', 'cmake_prefix_path')
[1.016s] INFO:colcon.colcon_core.shell:Creating environment hook '/home/samuisa/Documents/COGAR/ros_ws/install/g1_description/share/g1_description/hook/cmake_prefix_path.ps1'
[1.016s] INFO:colcon.colcon_core.shell:Creating environment descriptor '/home/samuisa/Documents/COGAR/ros_ws/install/g1_description/share/g1_description/hook/cmake_prefix_path.dsv'
[1.017s] INFO:colcon.colcon_core.shell:Creating environment hook '/home/samuisa/Documents/COGAR/ros_ws/install/g1_description/share/g1_description/hook/cmake_prefix_path.sh'
[1.017s] Level 1:colcon.colcon_core.environment:checking '/home/samuisa/Documents/COGAR/ros_ws/install/g1_description/bin'
[1.017s] Level 1:colcon.colcon_core.environment:checking '/home/samuisa/Documents/COGAR/ros_ws/install/g1_description/lib/pkgconfig/g1_description.pc'
[1.017s] Level 1:colcon.colcon_core.environment:checking '/home/samuisa/Documents/COGAR/ros_ws/install/g1_description/lib/python3.10/site-packages'
[1.017s] Level 1:colcon.colcon_core.environment:checking '/home/samuisa/Documents/COGAR/ros_ws/install/g1_description/bin'
[1.018s] INFO:colcon.colcon_core.shell:Creating package script '/home/samuisa/Documents/COGAR/ros_ws/install/g1_description/share/g1_description/package.ps1'
[1.018s] INFO:colcon.colcon_core.shell:Creating package descriptor '/home/samuisa/Documents/COGAR/ros_ws/install/g1_description/share/g1_description/package.dsv'
[1.019s] INFO:colcon.colcon_core.shell:Creating package script '/home/samuisa/Documents/COGAR/ros_ws/install/g1_description/share/g1_description/package.sh'
[1.019s] INFO:colcon.colcon_core.shell:Creating package script '/home/samuisa/Documents/COGAR/ros_ws/install/g1_description/share/g1_description/package.bash'
[1.019s] INFO:colcon.colcon_core.shell:Creating package script '/home/samuisa/Documents/COGAR/ros_ws/install/g1_description/share/g1_description/package.zsh'
[1.020s] Level 1:colcon.colcon_core.environment:create_file_with_runtime_dependencies(/home/samuisa/Documents/COGAR/ros_ws/install/g1_description/share/colcon-core/packages/g1_description)
[2.758s] DEBUG:colcon.colcon_core.event_handler.log_command:Invoked command in '/home/samuisa/Documents/COGAR/ros_ws/build/aws_robomaker_small_house_world' returned '0': CMAKE_PREFIX_PATH=${CMAKE_PREFIX_PATH}:/opt/ros/humble /usr/bin/cmake /home/samuisa/Documents/COGAR/ros_ws/src/aws-robomaker-small-house-world -DCMAKE_INSTALL_PREFIX=/home/samuisa/Documents/COGAR/ros_ws/install/aws_robomaker_small_house_world
[2.761s] DEBUG:colcon.colcon_core.event_handler.log_command:Invoking command in '/home/samuisa/Documents/COGAR/ros_ws/build/aws_robomaker_small_house_world': CMAKE_PREFIX_PATH=${CMAKE_PREFIX_PATH}:/opt/ros/humble /usr/bin/cmake --build /home/samuisa/Documents/COGAR/ros_ws/build/aws_robomaker_small_house_world -- -j16 -l16
[2.809s] DEBUG:colcon.colcon_core.event_handler.log_command:Invoked command in '/home/samuisa/Documents/COGAR/ros_ws/build/aws_robomaker_small_house_world' returned '0': CMAKE_PREFIX_PATH=${CMAKE_PREFIX_PATH}:/opt/ros/humble /usr/bin/cmake --build /home/samuisa/Documents/COGAR/ros_ws/build/aws_robomaker_small_house_world -- -j16 -l16
[2.810s] DEBUG:colcon.colcon_core.event_handler.log_command:Invoking command in '/home/samuisa/Documents/COGAR/ros_ws/build/aws_robomaker_small_house_world': CMAKE_PREFIX_PATH=${CMAKE_PREFIX_PATH}:/opt/ros/humble /usr/bin/cmake --install /home/samuisa/Documents/COGAR/ros_ws/build/aws_robomaker_small_house_world
[3.010s] Level 1:colcon.colcon_core.environment:create_environment_scripts_only(aws_robomaker_small_house_world)
[3.011s] Level 1:colcon.colcon_core.environment:checking '/home/samuisa/Documents/COGAR/ros_ws/install/aws_robomaker_small_house_world' for CMake module files
[3.012s] DEBUG:colcon.colcon_core.event_handler.log_command:Invoked command in '/home/samuisa/Documents/COGAR/ros_ws/build/aws_robomaker_small_house_world' returned '0': CMAKE_PREFIX_PATH=${CMAKE_PREFIX_PATH}:/opt/ros/humble /usr/bin/cmake --install /home/samuisa/Documents/COGAR/ros_ws/build/aws_robomaker_small_house_world
[3.012s] Level 1:colcon.colcon_core.environment:checking '/home/samuisa/Documents/COGAR/ros_ws/install/aws_robomaker_small_house_world' for CMake config files
[3.013s] Level 1:colcon.colcon_core.shell:create_environment_hook('aws_robomaker_small_house_world', 'cmake_prefix_path')
[3.013s] INFO:colcon.colcon_core.shell:Creating environment hook '/home/samuisa/Documents/COGAR/ros_ws/install/aws_robomaker_small_house_world/share/aws_robomaker_small_house_world/hook/cmake_prefix_path.ps1'
[3.015s] INFO:colcon.colcon_core.shell:Creating environment descriptor '/home/samuisa/Documents/COGAR/ros_ws/install/aws_robomaker_small_house_world/share/aws_robomaker_small_house_world/hook/cmake_prefix_path.dsv'
[3.015s] INFO:colcon.colcon_core.shell:Creating environment hook '/home/samuisa/Documents/COGAR/ros_ws/install/aws_robomaker_small_house_world/share/aws_robomaker_small_house_world/hook/cmake_prefix_path.sh'
[3.016s] Level 1:colcon.colcon_core.environment:checking '/home/samuisa/Documents/COGAR/ros_ws/install/aws_robomaker_small_house_world/bin'
[3.017s] Level 1:colcon.colcon_core.environment:checking '/home/samuisa/Documents/COGAR/ros_ws/install/aws_robomaker_small_house_world/lib/pkgconfig/aws_robomaker_small_house_world.pc'
[3.017s] Level 1:colcon.colcon_core.environment:checking '/home/samuisa/Documents/COGAR/ros_ws/install/aws_robomaker_small_house_world/lib/python3.10/site-packages'
[3.018s] Level 1:colcon.colcon_core.environment:checking '/home/samuisa/Documents/COGAR/ros_ws/install/aws_robomaker_small_house_world/bin'
[3.018s] INFO:colcon.colcon_core.shell:Creating package script '/home/samuisa/Documents/COGAR/ros_ws/install/aws_robomaker_small_house_world/share/aws_robomaker_small_house_world/package.ps1'
[3.020s] INFO:colcon.colcon_core.shell:Creating package descriptor '/home/samuisa/Documents/COGAR/ros_ws/install/aws_robomaker_small_house_world/share/aws_robomaker_small_house_world/package.dsv'
[3.020s] INFO:colcon.colcon_core.shell:Creating package script '/home/samuisa/Documents/COGAR/ros_ws/install/aws_robomaker_small_house_world/share/aws_robomaker_small_house_world/package.sh'
[3.021s] INFO:colcon.colcon_core.shell:Creating package script '/home/samuisa/Documents/COGAR/ros_ws/install/aws_robomaker_small_house_world/share/aws_robomaker_small_house_world/package.bash'
[3.022s] INFO:colcon.colcon_core.shell:Creating package script '/home/samuisa/Documents/COGAR/ros_ws/install/aws_robomaker_small_house_world/share/aws_robomaker_small_house_world/package.zsh'
[3.022s] Level 1:colcon.colcon_core.environment:create_file_with_runtime_dependencies(/home/samuisa/Documents/COGAR/ros_ws/install/aws_robomaker_small_house_world/share/colcon-core/packages/aws_robomaker_small_house_world)
[3.024s] Level 1:colcon.colcon_core.environment:create_environment_scripts_only(aws_robomaker_small_house_world)
[3.024s] Level 1:colcon.colcon_core.environment:checking '/home/samuisa/Documents/COGAR/ros_ws/install/aws_robomaker_small_house_world' for CMake module files
[3.025s] Level 1:colcon.colcon_core.environment:checking '/home/samuisa/Documents/COGAR/ros_ws/install/aws_robomaker_small_house_world' for CMake config files
[3.025s] Level 1:colcon.colcon_core.shell:create_environment_hook('aws_robomaker_small_house_world', 'cmake_prefix_path')
[3.026s] INFO:colcon.colcon_core.shell:Creating environment hook '/home/samuisa/Documents/COGAR/ros_ws/install/aws_robomaker_small_house_world/share/aws_robomaker_small_house_world/hook/cmake_prefix_path.ps1'
[3.027s] INFO:colcon.colcon_core.shell:Creating environment descriptor '/home/samuisa/Documents/COGAR/ros_ws/install/aws_robomaker_small_house_world/share/aws_robomaker_small_house_world/hook/cmake_prefix_path.dsv'
[3.027s] INFO:colcon.colcon_core.shell:Creating environment hook '/home/samuisa/Documents/COGAR/ros_ws/install/aws_robomaker_small_house_world/share/aws_robomaker_small_house_world/hook/cmake_prefix_path.sh'
[3.028s] Level 1:colcon.colcon_core.environment:checking '/home/samuisa/Documents/COGAR/ros_ws/install/aws_robomaker_small_house_world/bin'
[3.028s] Level 1:colcon.colcon_core.environment:checking '/home/samuisa/Documents/COGAR/ros_ws/install/aws_robomaker_small_house_world/lib/pkgconfig/aws_robomaker_small_house_world.pc'
[3.029s] Level 1:colcon.colcon_core.environment:checking '/home/samuisa/Documents/COGAR/ros_ws/install/aws_robomaker_small_house_world/lib/python3.10/site-packages'
[3.029s] Level 1:colcon.colcon_core.environment:checking '/home/samuisa/Documents/COGAR/ros_ws/install/aws_robomaker_small_house_world/bin'
[3.030s] INFO:colcon.colcon_core.shell:Creating package script '/home/samuisa/Documents/COGAR/ros_ws/install/aws_robomaker_small_house_world/share/aws_robomaker_small_house_world/package.ps1'
[3.032s] INFO:colcon.colcon_core.shell:Creating package descriptor '/home/samuisa/Documents/COGAR/ros_ws/install/aws_robomaker_small_house_world/share/aws_robomaker_small_house_world/package.dsv'
[3.033s] INFO:colcon.colcon_core.shell:Creating package script '/home/samuisa/Documents/COGAR/ros_ws/install/aws_robomaker_small_house_world/share/aws_robomaker_small_house_world/package.sh'
[3.034s] INFO:colcon.colcon_core.shell:Creating package script '/home/samuisa/Documents/COGAR/ros_ws/install/aws_robomaker_small_house_world/share/aws_robomaker_small_house_world/package.bash'
[3.035s] INFO:colcon.colcon_core.shell:Creating package script '/home/samuisa/Documents/COGAR/ros_ws/install/aws_robomaker_small_house_world/share/aws_robomaker_small_house_world/package.zsh'
[3.036s] Level 1:colcon.colcon_core.environment:create_file_with_runtime_dependencies(/home/samuisa/Documents/COGAR/ros_ws/install/aws_robomaker_small_house_world/share/colcon-core/packages/aws_robomaker_small_house_world)
[3.036s] DEBUG:colcon.colcon_parallel_executor.executor.parallel:closing loop
[3.037s] DEBUG:colcon.colcon_parallel_executor.executor.parallel:loop closed
[3.037s] DEBUG:colcon.colcon_parallel_executor.executor.parallel:run_until_complete finished with '0'
[3.037s] DEBUG:colcon.colcon_core.event_reactor:joining thread
[3.048s] INFO:colcon.colcon_core.plugin_system:Skipping extension 'colcon_notification.desktop_notification.terminal_notifier': Not used on non-Darwin systems
[3.049s] INFO:colcon.colcon_core.plugin_system:Skipping extension 'colcon_notification.desktop_notification.win32': Not used on non-Windows systems
[3.049s] INFO:colcon.colcon_notification.desktop_notification:Sending desktop notification using 'notify2'
[3.067s] DEBUG:colcon.colcon_core.event_reactor:joined thread
[3.068s] INFO:colcon.colcon_core.shell:Creating prefix script '/home/samuisa/Documents/COGAR/ros_ws/install/local_setup.ps1'
[3.070s] INFO:colcon.colcon_core.shell:Creating prefix util module '/home/samuisa/Documents/COGAR/ros_ws/install/_local_setup_util_ps1.py'
[3.073s] INFO:colcon.colcon_core.shell:Creating prefix chain script '/home/samuisa/Documents/COGAR/ros_ws/install/setup.ps1'
[3.076s] INFO:colcon.colcon_core.shell:Creating prefix script '/home/samuisa/Documents/COGAR/ros_ws/install/local_setup.sh'
[3.078s] INFO:colcon.colcon_core.shell:Creating prefix util module '/home/samuisa/Documents/COGAR/ros_ws/install/_local_setup_util_sh.py'
[3.079s] INFO:colcon.colcon_core.shell:Creating prefix chain script '/home/samuisa/Documents/COGAR/ros_ws/install/setup.sh'
[3.082s] INFO:colcon.colcon_core.shell:Creating prefix script '/home/samuisa/Documents/COGAR/ros_ws/install/local_setup.bash'
[3.083s] INFO:colcon.colcon_core.shell:Creating prefix chain script '/home/samuisa/Documents/COGAR/ros_ws/install/setup.bash'
[3.086s] INFO:colcon.colcon_core.shell:Creating prefix script '/home/samuisa/Documents/COGAR/ros_ws/install/local_setup.zsh'
[3.087s] INFO:colcon.colcon_core.shell:Creating prefix chain script '/home/samuisa/Documents/COGAR/ros_ws/install/setup.zsh'
