[0.084s] DEBUG:colcon:Command line arguments: ['/usr/bin/colcon', 'build']
[0.084s] DEBUG:colcon:Parsed command line arguments: Namespace(log_base=None, log_level=None, verb_name='build', build_base='build', install_base='install', merge_install=False, symlink_install=False, test_result_base=None, continue_on_error=False, executor='parallel', parallel_workers=16, event_handlers=None, ignore_user_meta=False, metas=['./colcon.meta'], base_paths=['.'], packages_ignore=None, packages_ignore_regex=None, paths=None, packages_up_to=None, packages_up_to_regex=None, packages_above=None, packages_above_and_dependencies=None, packages_above_depth=None, packages_select_by_dep=None, packages_skip_by_dep=None, packages_skip_up_to=None, packages_select_build_failed=False, packages_skip_build_finished=False, packages_select_test_failures=False, packages_skip_test_passed=False, packages_select=None, packages_skip=None, packages_select_regex=None, packages_skip_regex=None, packages_start=None, packages_end=None, allow_overriding=[], cmake_args=None, cmake_target=None, cmake_target_skip_unavailable=False, cmake_clean_cache=False, cmake_clean_first=False, cmake_force_configure=False, ament_cmake_args=None, catkin_cmake_args=None, catkin_skip_building_tests=False, mixin_files=None, mixin=None, verb_parser=<colcon_mixin.mixin.mixin_argument.MixinArgumentDecorator object at 0x73281e569e10>, verb_extension=<colcon_core.verb.build.BuildVerb object at 0x73281e67ad40>, main=<bound method BuildVerb.main of <colcon_core.verb.build.BuildVerb object at 0x73281e67ad40>>, mixin_verb=('build',))
[0.219s] Level 1:colcon.colcon_core.package_discovery:discover_packages(colcon_meta) check parameters
[0.219s] Level 1:colcon.colcon_core.package_discovery:discover_packages(recursive) check parameters
[0.219s] Level 1:colcon.colcon_core.package_discovery:discover_packages(ignore) check parameters
[0.219s] Level 1:colcon.colcon_core.package_discovery:discover_packages(path) check parameters
[0.219s] Level 1:colcon.colcon_core.package_discovery:discover_packages(colcon_meta) discover
[0.219s] Level 1:colcon.colcon_core.package_discovery:discover_packages(recursive) discover
[0.219s] INFO:colcon.colcon_core.package_discovery:Crawling recursively for packages in '/home/samuisa/Documents/COGAR/ros_ws'
[0.219s] Level 1:colcon.colcon_core.package_identification:_identify(.) by extensions ['ignore', 'ignore_ament_install']
[0.219s] Level 1:colcon.colcon_core.package_identification:_identify(.) by extension 'ignore'
[0.219s] Level 1:colcon.colcon_core.package_identification:_identify(.) by extension 'ignore_ament_install'
[0.219s] Level 1:colcon.colcon_core.package_identification:_identify(.) by extensions ['colcon_pkg']
[0.220s] Level 1:colcon.colcon_core.package_identification:_identify(.) by extension 'colcon_pkg'
[0.220s] Level 1:colcon.colcon_core.package_identification:_identify(.) by extensions ['colcon_meta']
[0.220s] Level 1:colcon.colcon_core.package_identification:_identify(.) by extension 'colcon_meta'
[0.220s] Level 1:colcon.colcon_core.package_identification:_identify(.) by extensions ['ros']
[0.220s] Level 1:colcon.colcon_core.package_identification:_identify(.) by extension 'ros'
[0.228s] Level 1:colcon.colcon_core.package_identification:_identify(.) by extensions ['cmake', 'python']
[0.228s] Level 1:colcon.colcon_core.package_identification:_identify(.) by extension 'cmake'
[0.228s] Level 1:colcon.colcon_core.package_identification:_identify(.) by extension 'python'
[0.228s] Level 1:colcon.colcon_core.package_identification:_identify(.) by extensions ['python_setup_py']
[0.228s] Level 1:colcon.colcon_core.package_identification:_identify(.) by extension 'python_setup_py'
[0.228s] Level 1:colcon.colcon_core.package_identification:_identify(build) by extensions ['ignore', 'ignore_ament_install']
[0.228s] Level 1:colcon.colcon_core.package_identification:_identify(build) by extension 'ignore'
[0.228s] Level 1:colcon.colcon_core.package_identification:_identify(build) ignored
[0.229s] Level 1:colcon.colcon_core.package_identification:_identify(install) by extensions ['ignore', 'ignore_ament_install']
[0.229s] Level 1:colcon.colcon_core.package_identification:_identify(install) by extension 'ignore'
[0.229s] Level 1:colcon.colcon_core.package_identification:_identify(install) ignored
[0.229s] Level 1:colcon.colcon_core.package_identification:_identify(log) by extensions ['ignore', 'ignore_ament_install']
[0.229s] Level 1:colcon.colcon_core.package_identification:_identify(log) by extension 'ignore'
[0.229s] Level 1:colcon.colcon_core.package_identification:_identify(log) ignored
[0.229s] Level 1:colcon.colcon_core.package_identification:_identify(src) by extensions ['ignore', 'ignore_ament_install']
[0.229s] Level 1:colcon.colcon_core.package_identification:_identify(src) by extension 'ignore'
[0.229s] Level 1:colcon.colcon_core.package_identification:_identify(src) by extension 'ignore_ament_install'
[0.229s] Level 1:colcon.colcon_core.package_identification:_identify(src) by extensions ['colcon_pkg']
[0.229s] Level 1:colcon.colcon_core.package_identification:_identify(src) by extension 'colcon_pkg'
[0.229s] Level 1:colcon.colcon_core.package_identification:_identify(src) by extensions ['colcon_meta']
[0.229s] Level 1:colcon.colcon_core.package_identification:_identify(src) by extension 'colcon_meta'
[0.229s] Level 1:colcon.colcon_core.package_identification:_identify(src) by extensions ['ros']
[0.229s] Level 1:colcon.colcon_core.package_identification:_identify(src) by extension 'ros'
[0.229s] Level 1:colcon.colcon_core.package_identification:_identify(src) by extensions ['cmake', 'python']
[0.229s] Level 1:colcon.colcon_core.package_identification:_identify(src) by extension 'cmake'
[0.229s] Level 1:colcon.colcon_core.package_identification:_identify(src) by extension 'python'
[0.229s] Level 1:colcon.colcon_core.package_identification:_identify(src) by extensions ['python_setup_py']
[0.229s] Level 1:colcon.colcon_core.package_identification:_identify(src) by extension 'python_setup_py'
[0.229s] Level 1:colcon.colcon_core.package_identification:_identify(src/aws-robomaker-small-house-world) by extensions ['ignore', 'ignore_ament_install']
[0.230s] Level 1:colcon.colcon_core.package_identification:_identify(src/aws-robomaker-small-house-world) by extension 'ignore'
[0.230s] Level 1:colcon.colcon_core.package_identification:_identify(src/aws-robomaker-small-house-world) by extension 'ignore_ament_install'
[0.230s] Level 1:colcon.colcon_core.package_identification:_identify(src/aws-robomaker-small-house-world) by extensions ['colcon_pkg']
[0.230s] Level 1:colcon.colcon_core.package_identification:_identify(src/aws-robomaker-small-house-world) by extension 'colcon_pkg'
[0.230s] Level 1:colcon.colcon_core.package_identification:_identify(src/aws-robomaker-small-house-world) by extensions ['colcon_meta']
[0.230s] Level 1:colcon.colcon_core.package_identification:_identify(src/aws-robomaker-small-house-world) by extension 'colcon_meta'
[0.230s] Level 1:colcon.colcon_core.package_identification:_identify(src/aws-robomaker-small-house-world) by extensions ['ros']
[0.230s] Level 1:colcon.colcon_core.package_identification:_identify(src/aws-robomaker-small-house-world) by extension 'ros'
[0.232s] DEBUG:colcon.colcon_core.package_identification:Package 'src/aws-robomaker-small-house-world' with type 'ros.ament_cmake' and name 'aws_robomaker_small_house_world'
[0.232s] Level 1:colcon.colcon_core.package_identification:_identify(src/bme_gazebo_sensors) by extensions ['ignore', 'ignore_ament_install']
[0.232s] Level 1:colcon.colcon_core.package_identification:_identify(src/bme_gazebo_sensors) by extension 'ignore'
[0.232s] Level 1:colcon.colcon_core.package_identification:_identify(src/bme_gazebo_sensors) by extension 'ignore_ament_install'
[0.232s] Level 1:colcon.colcon_core.package_identification:_identify(src/bme_gazebo_sensors) by extensions ['colcon_pkg']
[0.232s] Level 1:colcon.colcon_core.package_identification:_identify(src/bme_gazebo_sensors) by extension 'colcon_pkg'
[0.232s] Level 1:colcon.colcon_core.package_identification:_identify(src/bme_gazebo_sensors) by extensions ['colcon_meta']
[0.232s] Level 1:colcon.colcon_core.package_identification:_identify(src/bme_gazebo_sensors) by extension 'colcon_meta'
[0.232s] Level 1:colcon.colcon_core.package_identification:_identify(src/bme_gazebo_sensors) by extensions ['ros']
[0.232s] Level 1:colcon.colcon_core.package_identification:_identify(src/bme_gazebo_sensors) by extension 'ros'
[0.232s] DEBUG:colcon.colcon_core.package_identification:Package 'src/bme_gazebo_sensors' with type 'ros.ament_cmake' and name 'bme_gazebo_sensors'
[0.233s] Level 1:colcon.colcon_core.package_identification:_identify(src/build) by extensions ['ignore', 'ignore_ament_install']
[0.233s] Level 1:colcon.colcon_core.package_identification:_identify(src/build) by extension 'ignore'
[0.233s] Level 1:colcon.colcon_core.package_identification:_identify(src/build) ignored
[0.233s] Level 1:colcon.colcon_core.package_identification:_identify(src/g1_description) by extensions ['ignore', 'ignore_ament_install']
[0.233s] Level 1:colcon.colcon_core.package_identification:_identify(src/g1_description) by extension 'ignore'
[0.233s] Level 1:colcon.colcon_core.package_identification:_identify(src/g1_description) by extension 'ignore_ament_install'
[0.233s] Level 1:colcon.colcon_core.package_identification:_identify(src/g1_description) by extensions ['colcon_pkg']
[0.233s] Level 1:colcon.colcon_core.package_identification:_identify(src/g1_description) by extension 'colcon_pkg'
[0.233s] Level 1:colcon.colcon_core.package_identification:_identify(src/g1_description) by extensions ['colcon_meta']
[0.233s] Level 1:colcon.colcon_core.package_identification:_identify(src/g1_description) by extension 'colcon_meta'
[0.233s] Level 1:colcon.colcon_core.package_identification:_identify(src/g1_description) by extensions ['ros']
[0.233s] Level 1:colcon.colcon_core.package_identification:_identify(src/g1_description) by extension 'ros'
[0.235s] DEBUG:colcon.colcon_core.package_identification:Package 'src/g1_description' with type 'ros.ament_cmake' and name 'g1_description'
[0.235s] Level 1:colcon.colcon_core.package_identification:_identify(src/install) by extensions ['ignore', 'ignore_ament_install']
[0.235s] Level 1:colcon.colcon_core.package_identification:_identify(src/install) by extension 'ignore'
[0.235s] Level 1:colcon.colcon_core.package_identification:_identify(src/install) ignored
[0.235s] Level 1:colcon.colcon_core.package_identification:_identify(src/log) by extensions ['ignore', 'ignore_ament_install']
[0.236s] Level 1:colcon.colcon_core.package_identification:_identify(src/log) by extension 'ignore'
[0.236s] Level 1:colcon.colcon_core.package_identification:_identify(src/log) ignored
[0.236s] Level 1:colcon.colcon_core.package_discovery:discover_packages(recursive) using defaults
[0.236s] Level 1:colcon.colcon_core.package_discovery:discover_packages(ignore) discover
[0.236s] Level 1:colcon.colcon_core.package_discovery:discover_packages(ignore) using defaults
[0.236s] Level 1:colcon.colcon_core.package_discovery:discover_packages(path) discover
[0.236s] Level 1:colcon.colcon_core.package_discovery:discover_packages(path) using defaults
[0.263s] Level 1:colcon.colcon_core.package_discovery:discover_packages(prefix_path) check parameters
[0.263s] Level 1:colcon.colcon_core.package_discovery:discover_packages(prefix_path) discover
[0.264s] WARNING:colcon.colcon_core.prefix_path.colcon:The path '/home/samuisa/Documents/COGAR/ros_ws/src/aws-robomaker-small-house-world/models/install' in the environment variable COLCON_PREFIX_PATH doesn't exist
[0.265s] DEBUG:colcon.colcon_installed_package_information.package_discovery:Found 3 installed packages in /home/samuisa/Documents/COGAR/ros_ws/install
[0.266s] DEBUG:colcon.colcon_installed_package_information.package_discovery:Found 389 installed packages in /opt/ros/humble
[0.268s] Level 1:colcon.colcon_core.package_discovery:discover_packages(prefix_path) using defaults
[0.304s] Level 5:colcon.colcon_core.verb:set package 'aws_robomaker_small_house_world' build argument 'cmake_args' from command line to 'None'
[0.304s] Level 5:colcon.colcon_core.verb:set package 'aws_robomaker_small_house_world' build argument 'cmake_target' from command line to 'None'
[0.305s] Level 5:colcon.colcon_core.verb:set package 'aws_robomaker_small_house_world' build argument 'cmake_target_skip_unavailable' from command line to 'False'
[0.305s] Level 5:colcon.colcon_core.verb:set package 'aws_robomaker_small_house_world' build argument 'cmake_clean_cache' from command line to 'False'
[0.305s] Level 5:colcon.colcon_core.verb:set package 'aws_robomaker_small_house_world' build argument 'cmake_clean_first' from command line to 'False'
[0.305s] Level 5:colcon.colcon_core.verb:set package 'aws_robomaker_small_house_world' build argument 'cmake_force_configure' from command line to 'False'
[0.305s] Level 5:colcon.colcon_core.verb:set package 'aws_robomaker_small_house_world' build argument 'ament_cmake_args' from command line to 'None'
[0.305s] Level 5:colcon.colcon_core.verb:set package 'aws_robomaker_small_house_world' build argument 'catkin_cmake_args' from command line to 'None'
[0.305s] Level 5:colcon.colcon_core.verb:set package 'aws_robomaker_small_house_world' build argument 'catkin_skip_building_tests' from command line to 'False'
[0.305s] DEBUG:colcon.colcon_core.verb:Building package 'aws_robomaker_small_house_world' with the following arguments: {'ament_cmake_args': None, 'build_base': '/home/samuisa/Documents/COGAR/ros_ws/build/aws_robomaker_small_house_world', 'catkin_cmake_args': None, 'catkin_skip_building_tests': False, 'cmake_args': None, 'cmake_clean_cache': False, 'cmake_clean_first': False, 'cmake_force_configure': False, 'cmake_target': None, 'cmake_target_skip_unavailable': False, 'install_base': '/home/samuisa/Documents/COGAR/ros_ws/install/aws_robomaker_small_house_world', 'merge_install': False, 'path': '/home/samuisa/Documents/COGAR/ros_ws/src/aws-robomaker-small-house-world', 'symlink_install': False, 'test_result_base': None}
[0.305s] Level 5:colcon.colcon_core.verb:set package 'bme_gazebo_sensors' build argument 'cmake_args' from command line to 'None'
[0.305s] Level 5:colcon.colcon_core.verb:set package 'bme_gazebo_sensors' build argument 'cmake_target' from command line to 'None'
[0.305s] Level 5:colcon.colcon_core.verb:set package 'bme_gazebo_sensors' build argument 'cmake_target_skip_unavailable' from command line to 'False'
[0.305s] Level 5:colcon.colcon_core.verb:set package 'bme_gazebo_sensors' build argument 'cmake_clean_cache' from command line to 'False'
[0.305s] Level 5:colcon.colcon_core.verb:set package 'bme_gazebo_sensors' build argument 'cmake_clean_first' from command line to 'False'
[0.305s] Level 5:colcon.colcon_core.verb:set package 'bme_gazebo_sensors' build argument 'cmake_force_configure' from command line to 'False'
[0.305s] Level 5:colcon.colcon_core.verb:set package 'bme_gazebo_sensors' build argument 'ament_cmake_args' from command line to 'None'
[0.305s] Level 5:colcon.colcon_core.verb:set package 'bme_gazebo_sensors' build argument 'catkin_cmake_args' from command line to 'None'
[0.305s] Level 5:colcon.colcon_core.verb:set package 'bme_gazebo_sensors' build argument 'catkin_skip_building_tests' from command line to 'False'
[0.305s] DEBUG:colcon.colcon_core.verb:Building package 'bme_gazebo_sensors' with the following arguments: {'ament_cmake_args': None, 'build_base': '/home/samuisa/Documents/COGAR/ros_ws/build/bme_gazebo_sensors', 'catkin_cmake_args': None, 'catkin_skip_building_tests': False, 'cmake_args': None, 'cmake_clean_cache': False, 'cmake_clean_first': False, 'cmake_force_configure': False, 'cmake_target': None, 'cmake_target_skip_unavailable': False, 'install_base': '/home/samuisa/Documents/COGAR/ros_ws/install/bme_gazebo_sensors', 'merge_install': False, 'path': '/home/samuisa/Documents/COGAR/ros_ws/src/bme_gazebo_sensors', 'symlink_install': False, 'test_result_base': None}
[0.305s] Level 5:colcon.colcon_core.verb:set package 'g1_description' build argument 'cmake_args' from command line to 'None'
[0.305s] Level 5:colcon.colcon_core.verb:set package 'g1_description' build argument 'cmake_target' from command line to 'None'
[0.305s] Level 5:colcon.colcon_core.verb:set package 'g1_description' build argument 'cmake_target_skip_unavailable' from command line to 'False'
[0.305s] Level 5:colcon.colcon_core.verb:set package 'g1_description' build argument 'cmake_clean_cache' from command line to 'False'
[0.305s] Level 5:colcon.colcon_core.verb:set package 'g1_description' build argument 'cmake_clean_first' from command line to 'False'
[0.305s] Level 5:colcon.colcon_core.verb:set package 'g1_description' build argument 'cmake_force_configure' from command line to 'False'
[0.305s] Level 5:colcon.colcon_core.verb:set package 'g1_description' build argument 'ament_cmake_args' from command line to 'None'
[0.306s] Level 5:colcon.colcon_core.verb:set package 'g1_description' build argument 'catkin_cmake_args' from command line to 'None'
[0.306s] Level 5:colcon.colcon_core.verb:set package 'g1_description' build argument 'catkin_skip_building_tests' from command line to 'False'
[0.306s] DEBUG:colcon.colcon_core.verb:Building package 'g1_description' with the following arguments: {'ament_cmake_args': None, 'build_base': '/home/samuisa/Documents/COGAR/ros_ws/build/g1_description', 'catkin_cmake_args': None, 'catkin_skip_building_tests': False, 'cmake_args': None, 'cmake_clean_cache': False, 'cmake_clean_first': False, 'cmake_force_configure': False, 'cmake_target': None, 'cmake_target_skip_unavailable': False, 'install_base': '/home/samuisa/Documents/COGAR/ros_ws/install/g1_description', 'merge_install': False, 'path': '/home/samuisa/Documents/COGAR/ros_ws/src/g1_description', 'symlink_install': False, 'test_result_base': None}
[0.306s] INFO:colcon.colcon_core.executor:Executing jobs using 'parallel' executor
[0.307s] DEBUG:colcon.colcon_parallel_executor.executor.parallel:run_until_complete
[0.307s] INFO:colcon.colcon_ros.task.ament_cmake.build:Building ROS package in '/home/samuisa/Documents/COGAR/ros_ws/src/aws-robomaker-small-house-world' with build type 'ament_cmake'
[0.307s] INFO:colcon.colcon_cmake.task.cmake.build:Building CMake package in '/home/samuisa/Documents/COGAR/ros_ws/src/aws-robomaker-small-house-world'
[0.309s] INFO:colcon.colcon_core.plugin_system:Skipping extension 'colcon_core.shell.bat': Not used on non-Windows systems
[0.309s] INFO:colcon.colcon_core.shell:Skip shell extension 'powershell' for command environment: Not usable outside of PowerShell
[0.309s] DEBUG:colcon.colcon_core.shell:Skip shell extension 'dsv' for command environment
[0.313s] INFO:colcon.colcon_ros.task.ament_cmake.build:Building ROS package in '/home/samuisa/Documents/COGAR/ros_ws/src/bme_gazebo_sensors' with build type 'ament_cmake'
[0.313s] INFO:colcon.colcon_cmake.task.cmake.build:Building CMake package in '/home/samuisa/Documents/COGAR/ros_ws/src/bme_gazebo_sensors'
[0.313s] INFO:colcon.colcon_core.shell:Skip shell extension 'powershell' for command environment: Not usable outside of PowerShell
[0.313s] DEBUG:colcon.colcon_core.shell:Skip shell extension 'dsv' for command environment
[0.316s] INFO:colcon.colcon_ros.task.ament_cmake.build:Building ROS package in '/home/samuisa/Documents/COGAR/ros_ws/src/g1_description' with build type 'ament_cmake'
[0.317s] INFO:colcon.colcon_cmake.task.cmake.build:Building CMake package in '/home/samuisa/Documents/COGAR/ros_ws/src/g1_description'
[0.317s] INFO:colcon.colcon_core.shell:Skip shell extension 'powershell' for command environment: Not usable outside of PowerShell
[0.317s] DEBUG:colcon.colcon_core.shell:Skip shell extension 'dsv' for command environment
[0.325s] DEBUG:colcon.colcon_core.event_handler.log_command:Invoking command in '/home/samuisa/Documents/COGAR/ros_ws/build/aws_robomaker_small_house_world': CMAKE_PREFIX_PATH=${CMAKE_PREFIX_PATH}:/opt/ros/humble /usr/bin/cmake --build /home/samuisa/Documents/COGAR/ros_ws/build/aws_robomaker_small_house_world -- -j16 -l16
[0.329s] DEBUG:colcon.colcon_core.event_handler.log_command:Invoking command in '/home/samuisa/Documents/COGAR/ros_ws/build/bme_gazebo_sensors': CMAKE_PREFIX_PATH=${CMAKE_PREFIX_PATH}:/opt/ros/humble /usr/bin/cmake --build /home/samuisa/Documents/COGAR/ros_ws/build/bme_gazebo_sensors -- -j16 -l16
[0.332s] DEBUG:colcon.colcon_core.event_handler.log_command:Invoking command in '/home/samuisa/Documents/COGAR/ros_ws/build/g1_description': CMAKE_PREFIX_PATH=${CMAKE_PREFIX_PATH}:/opt/ros/humble /usr/bin/cmake --build /home/samuisa/Documents/COGAR/ros_ws/build/g1_description -- -j16 -l16
[0.364s] DEBUG:colcon.colcon_core.event_handler.log_command:Invoked command in '/home/samuisa/Documents/COGAR/ros_ws/build/bme_gazebo_sensors' returned '0': CMAKE_PREFIX_PATH=${CMAKE_PREFIX_PATH}:/opt/ros/humble /usr/bin/cmake --build /home/samuisa/Documents/COGAR/ros_ws/build/bme_gazebo_sensors -- -j16 -l16
[0.375s] DEBUG:colcon.colcon_core.event_handler.log_command:Invoking command in '/home/samuisa/Documents/COGAR/ros_ws/build/bme_gazebo_sensors': CMAKE_PREFIX_PATH=${CMAKE_PREFIX_PATH}:/opt/ros/humble /usr/bin/cmake --install /home/samuisa/Documents/COGAR/ros_ws/build/bme_gazebo_sensors
[0.376s] DEBUG:colcon.colcon_core.event_handler.log_command:Invoked command in '/home/samuisa/Documents/COGAR/ros_ws/build/g1_description' returned '0': CMAKE_PREFIX_PATH=${CMAKE_PREFIX_PATH}:/opt/ros/humble /usr/bin/cmake --build /home/samuisa/Documents/COGAR/ros_ws/build/g1_description -- -j16 -l16
[0.378s] DEBUG:colcon.colcon_core.event_handler.log_command:Invoking command in '/home/samuisa/Documents/COGAR/ros_ws/build/g1_description': CMAKE_PREFIX_PATH=${CMAKE_PREFIX_PATH}:/opt/ros/humble /usr/bin/cmake --install /home/samuisa/Documents/COGAR/ros_ws/build/g1_description
[0.385s] Level 1:colcon.colcon_core.environment:create_environment_scripts_only(bme_gazebo_sensors)
[0.386s] DEBUG:colcon.colcon_core.event_handler.log_command:Invoked command in '/home/samuisa/Documents/COGAR/ros_ws/build/bme_gazebo_sensors' returned '0': CMAKE_PREFIX_PATH=${CMAKE_PREFIX_PATH}:/opt/ros/humble /usr/bin/cmake --install /home/samuisa/Documents/COGAR/ros_ws/build/bme_gazebo_sensors
[0.391s] Level 1:colcon.colcon_core.environment:checking '/home/samuisa/Documents/COGAR/ros_ws/install/bme_gazebo_sensors' for CMake module files
[0.393s] Level 1:colcon.colcon_core.environment:checking '/home/samuisa/Documents/COGAR/ros_ws/install/bme_gazebo_sensors' for CMake config files
[0.393s] Level 1:colcon.colcon_core.shell:create_environment_hook('bme_gazebo_sensors', 'cmake_prefix_path')
[0.393s] INFO:colcon.colcon_core.shell:Creating environment hook '/home/samuisa/Documents/COGAR/ros_ws/install/bme_gazebo_sensors/share/bme_gazebo_sensors/hook/cmake_prefix_path.ps1'
[0.394s] INFO:colcon.colcon_core.shell:Creating environment descriptor '/home/samuisa/Documents/COGAR/ros_ws/install/bme_gazebo_sensors/share/bme_gazebo_sensors/hook/cmake_prefix_path.dsv'
[0.394s] INFO:colcon.colcon_core.shell:Creating environment hook '/home/samuisa/Documents/COGAR/ros_ws/install/bme_gazebo_sensors/share/bme_gazebo_sensors/hook/cmake_prefix_path.sh'
[0.395s] Level 1:colcon.colcon_core.environment:checking '/home/samuisa/Documents/COGAR/ros_ws/install/bme_gazebo_sensors/bin'
[0.395s] Level 1:colcon.colcon_core.environment:checking '/home/samuisa/Documents/COGAR/ros_ws/install/bme_gazebo_sensors/lib/pkgconfig/bme_gazebo_sensors.pc'
[0.395s] Level 1:colcon.colcon_core.environment:checking '/home/samuisa/Documents/COGAR/ros_ws/install/bme_gazebo_sensors/lib/python3.10/site-packages'
[0.395s] Level 1:colcon.colcon_core.environment:checking '/home/samuisa/Documents/COGAR/ros_ws/install/bme_gazebo_sensors/bin'
[0.396s] INFO:colcon.colcon_core.shell:Creating package script '/home/samuisa/Documents/COGAR/ros_ws/install/bme_gazebo_sensors/share/bme_gazebo_sensors/package.ps1'
[0.397s] INFO:colcon.colcon_core.shell:Creating package descriptor '/home/samuisa/Documents/COGAR/ros_ws/install/bme_gazebo_sensors/share/bme_gazebo_sensors/package.dsv'
[0.397s] INFO:colcon.colcon_core.shell:Creating package script '/home/samuisa/Documents/COGAR/ros_ws/install/bme_gazebo_sensors/share/bme_gazebo_sensors/package.sh'
[0.398s] INFO:colcon.colcon_core.shell:Creating package script '/home/samuisa/Documents/COGAR/ros_ws/install/bme_gazebo_sensors/share/bme_gazebo_sensors/package.bash'
[0.398s] INFO:colcon.colcon_core.shell:Creating package script '/home/samuisa/Documents/COGAR/ros_ws/install/bme_gazebo_sensors/share/bme_gazebo_sensors/package.zsh'
[0.399s] Level 1:colcon.colcon_core.environment:create_file_with_runtime_dependencies(/home/samuisa/Documents/COGAR/ros_ws/install/bme_gazebo_sensors/share/colcon-core/packages/bme_gazebo_sensors)
[0.400s] Level 1:colcon.colcon_core.environment:create_environment_scripts_only(bme_gazebo_sensors)
[0.400s] Level 1:colcon.colcon_core.environment:checking '/home/samuisa/Documents/COGAR/ros_ws/install/bme_gazebo_sensors' for CMake module files
[0.400s] Level 1:colcon.colcon_core.environment:checking '/home/samuisa/Documents/COGAR/ros_ws/install/bme_gazebo_sensors' for CMake config files
[0.400s] Level 1:colcon.colcon_core.shell:create_environment_hook('bme_gazebo_sensors', 'cmake_prefix_path')
[0.400s] INFO:colcon.colcon_core.shell:Creating environment hook '/home/samuisa/Documents/COGAR/ros_ws/install/bme_gazebo_sensors/share/bme_gazebo_sensors/hook/cmake_prefix_path.ps1'
[0.401s] INFO:colcon.colcon_core.shell:Creating environment descriptor '/home/samuisa/Documents/COGAR/ros_ws/install/bme_gazebo_sensors/share/bme_gazebo_sensors/hook/cmake_prefix_path.dsv'
[0.401s] INFO:colcon.colcon_core.shell:Creating environment hook '/home/samuisa/Documents/COGAR/ros_ws/install/bme_gazebo_sensors/share/bme_gazebo_sensors/hook/cmake_prefix_path.sh'
[0.402s] Level 1:colcon.colcon_core.environment:checking '/home/samuisa/Documents/COGAR/ros_ws/install/bme_gazebo_sensors/bin'
[0.402s] Level 1:colcon.colcon_core.environment:checking '/home/samuisa/Documents/COGAR/ros_ws/install/bme_gazebo_sensors/lib/pkgconfig/bme_gazebo_sensors.pc'
[0.402s] Level 1:colcon.colcon_core.environment:checking '/home/samuisa/Documents/COGAR/ros_ws/install/bme_gazebo_sensors/lib/python3.10/site-packages'
[0.402s] Level 1:colcon.colcon_core.environment:checking '/home/samuisa/Documents/COGAR/ros_ws/install/bme_gazebo_sensors/bin'
[0.402s] INFO:colcon.colcon_core.shell:Creating package script '/home/samuisa/Documents/COGAR/ros_ws/install/bme_gazebo_sensors/share/bme_gazebo_sensors/package.ps1'
[0.403s] INFO:colcon.colcon_core.shell:Creating package descriptor '/home/samuisa/Documents/COGAR/ros_ws/install/bme_gazebo_sensors/share/bme_gazebo_sensors/package.dsv'
[0.403s] INFO:colcon.colcon_core.shell:Creating package script '/home/samuisa/Documents/COGAR/ros_ws/install/bme_gazebo_sensors/share/bme_gazebo_sensors/package.sh'
[0.404s] INFO:colcon.colcon_core.shell:Creating package script '/home/samuisa/Documents/COGAR/ros_ws/install/bme_gazebo_sensors/share/bme_gazebo_sensors/package.bash'
[0.404s] INFO:colcon.colcon_core.shell:Creating package script '/home/samuisa/Documents/COGAR/ros_ws/install/bme_gazebo_sensors/share/bme_gazebo_sensors/package.zsh'
[0.404s] Level 1:colcon.colcon_core.environment:create_file_with_runtime_dependencies(/home/samuisa/Documents/COGAR/ros_ws/install/bme_gazebo_sensors/share/colcon-core/packages/bme_gazebo_sensors)
[0.405s] Level 1:colcon.colcon_core.environment:create_environment_scripts_only(g1_description)
[0.406s] Level 1:colcon.colcon_core.environment:checking '/home/samuisa/Documents/COGAR/ros_ws/install/g1_description' for CMake module files
[0.406s] DEBUG:colcon.colcon_core.event_handler.log_command:Invoked command in '/home/samuisa/Documents/COGAR/ros_ws/build/g1_description' returned '0': CMAKE_PREFIX_PATH=${CMAKE_PREFIX_PATH}:/opt/ros/humble /usr/bin/cmake --install /home/samuisa/Documents/COGAR/ros_ws/build/g1_description
[0.406s] Level 1:colcon.colcon_core.environment:checking '/home/samuisa/Documents/COGAR/ros_ws/install/g1_description' for CMake config files
[0.407s] Level 1:colcon.colcon_core.shell:create_environment_hook('g1_description', 'cmake_prefix_path')
[0.407s] INFO:colcon.colcon_core.shell:Creating environment hook '/home/samuisa/Documents/COGAR/ros_ws/install/g1_description/share/g1_description/hook/cmake_prefix_path.ps1'
[0.407s] INFO:colcon.colcon_core.shell:Creating environment descriptor '/home/samuisa/Documents/COGAR/ros_ws/install/g1_description/share/g1_description/hook/cmake_prefix_path.dsv'
[0.408s] INFO:colcon.colcon_core.shell:Creating environment hook '/home/samuisa/Documents/COGAR/ros_ws/install/g1_description/share/g1_description/hook/cmake_prefix_path.sh'
[0.408s] Level 1:colcon.colcon_core.environment:checking '/home/samuisa/Documents/COGAR/ros_ws/install/g1_description/bin'
[0.408s] Level 1:colcon.colcon_core.environment:checking '/home/samuisa/Documents/COGAR/ros_ws/install/g1_description/lib/pkgconfig/g1_description.pc'
[0.408s] Level 1:colcon.colcon_core.environment:checking '/home/samuisa/Documents/COGAR/ros_ws/install/g1_description/lib/python3.10/site-packages'
[0.409s] Level 1:colcon.colcon_core.environment:checking '/home/samuisa/Documents/COGAR/ros_ws/install/g1_description/bin'
[0.409s] INFO:colcon.colcon_core.shell:Creating package script '/home/samuisa/Documents/COGAR/ros_ws/install/g1_description/share/g1_description/package.ps1'
[0.409s] INFO:colcon.colcon_core.shell:Creating package descriptor '/home/samuisa/Documents/COGAR/ros_ws/install/g1_description/share/g1_description/package.dsv'
[0.410s] INFO:colcon.colcon_core.shell:Creating package script '/home/samuisa/Documents/COGAR/ros_ws/install/g1_description/share/g1_description/package.sh'
[0.410s] INFO:colcon.colcon_core.shell:Creating package script '/home/samuisa/Documents/COGAR/ros_ws/install/g1_description/share/g1_description/package.bash'
[0.410s] INFO:colcon.colcon_core.shell:Creating package script '/home/samuisa/Documents/COGAR/ros_ws/install/g1_description/share/g1_description/package.zsh'
[0.410s] Level 1:colcon.colcon_core.environment:create_file_with_runtime_dependencies(/home/samuisa/Documents/COGAR/ros_ws/install/g1_description/share/colcon-core/packages/g1_description)
[0.411s] Level 1:colcon.colcon_core.environment:create_environment_scripts_only(g1_description)
[0.411s] Level 1:colcon.colcon_core.environment:checking '/home/samuisa/Documents/COGAR/ros_ws/install/g1_description' for CMake module files
[0.411s] Level 1:colcon.colcon_core.environment:checking '/home/samuisa/Documents/COGAR/ros_ws/install/g1_description' for CMake config files
[0.411s] Level 1:colcon.colcon_core.shell:create_environment_hook('g1_description', 'cmake_prefix_path')
[0.412s] INFO:colcon.colcon_core.shell:Creating environment hook '/home/samuisa/Documents/COGAR/ros_ws/install/g1_description/share/g1_description/hook/cmake_prefix_path.ps1'
[0.412s] INFO:colcon.colcon_core.shell:Creating environment descriptor '/home/samuisa/Documents/COGAR/ros_ws/install/g1_description/share/g1_description/hook/cmake_prefix_path.dsv'
[0.412s] INFO:colcon.colcon_core.shell:Creating environment hook '/home/samuisa/Documents/COGAR/ros_ws/install/g1_description/share/g1_description/hook/cmake_prefix_path.sh'
[0.413s] Level 1:colcon.colcon_core.environment:checking '/home/samuisa/Documents/COGAR/ros_ws/install/g1_description/bin'
[0.413s] Level 1:colcon.colcon_core.environment:checking '/home/samuisa/Documents/COGAR/ros_ws/install/g1_description/lib/pkgconfig/g1_description.pc'
[0.413s] Level 1:colcon.colcon_core.environment:checking '/home/samuisa/Documents/COGAR/ros_ws/install/g1_description/lib/python3.10/site-packages'
[0.413s] Level 1:colcon.colcon_core.environment:checking '/home/samuisa/Documents/COGAR/ros_ws/install/g1_description/bin'
[0.413s] INFO:colcon.colcon_core.shell:Creating package script '/home/samuisa/Documents/COGAR/ros_ws/install/g1_description/share/g1_description/package.ps1'
[0.414s] INFO:colcon.colcon_core.shell:Creating package descriptor '/home/samuisa/Documents/COGAR/ros_ws/install/g1_description/share/g1_description/package.dsv'
[0.414s] INFO:colcon.colcon_core.shell:Creating package script '/home/samuisa/Documents/COGAR/ros_ws/install/g1_description/share/g1_description/package.sh'
[0.415s] INFO:colcon.colcon_core.shell:Creating package script '/home/samuisa/Documents/COGAR/ros_ws/install/g1_description/share/g1_description/package.bash'
[0.415s] INFO:colcon.colcon_core.shell:Creating package script '/home/samuisa/Documents/COGAR/ros_ws/install/g1_description/share/g1_description/package.zsh'
[0.415s] Level 1:colcon.colcon_core.environment:create_file_with_runtime_dependencies(/home/samuisa/Documents/COGAR/ros_ws/install/g1_description/share/colcon-core/packages/g1_description)
[1.479s] DEBUG:colcon.colcon_core.event_handler.log_command:Invoked command in '/home/samuisa/Documents/COGAR/ros_ws/build/aws_robomaker_small_house_world' returned '0': CMAKE_PREFIX_PATH=${CMAKE_PREFIX_PATH}:/opt/ros/humble /usr/bin/cmake --build /home/samuisa/Documents/COGAR/ros_ws/build/aws_robomaker_small_house_world -- -j16 -l16
[1.481s] DEBUG:colcon.colcon_core.event_handler.log_command:Invoking command in '/home/samuisa/Documents/COGAR/ros_ws/build/aws_robomaker_small_house_world': CMAKE_PREFIX_PATH=${CMAKE_PREFIX_PATH}:/opt/ros/humble /usr/bin/cmake --install /home/samuisa/Documents/COGAR/ros_ws/build/aws_robomaker_small_house_world
[1.517s] Level 1:colcon.colcon_core.environment:create_environment_scripts_only(aws_robomaker_small_house_world)
[1.518s] Level 1:colcon.colcon_core.environment:checking '/home/samuisa/Documents/COGAR/ros_ws/install/aws_robomaker_small_house_world' for CMake module files
[1.522s] Level 1:colcon.colcon_core.environment:checking '/home/samuisa/Documents/COGAR/ros_ws/install/aws_robomaker_small_house_world' for CMake config files
[1.524s] Level 1:colcon.colcon_core.shell:create_environment_hook('aws_robomaker_small_house_world', 'cmake_prefix_path')
[1.524s] INFO:colcon.colcon_core.shell:Creating environment hook '/home/samuisa/Documents/COGAR/ros_ws/install/aws_robomaker_small_house_world/share/aws_robomaker_small_house_world/hook/cmake_prefix_path.ps1'
[1.526s] INFO:colcon.colcon_core.shell:Creating environment descriptor '/home/samuisa/Documents/COGAR/ros_ws/install/aws_robomaker_small_house_world/share/aws_robomaker_small_house_world/hook/cmake_prefix_path.dsv'
[1.528s] INFO:colcon.colcon_core.shell:Creating environment hook '/home/samuisa/Documents/COGAR/ros_ws/install/aws_robomaker_small_house_world/share/aws_robomaker_small_house_world/hook/cmake_prefix_path.sh'
[1.531s] Level 1:colcon.colcon_core.environment:checking '/home/samuisa/Documents/COGAR/ros_ws/install/aws_robomaker_small_house_world/bin'
[1.531s] Level 1:colcon.colcon_core.environment:checking '/home/samuisa/Documents/COGAR/ros_ws/install/aws_robomaker_small_house_world/lib/pkgconfig/aws_robomaker_small_house_world.pc'
[1.532s] Level 1:colcon.colcon_core.environment:checking '/home/samuisa/Documents/COGAR/ros_ws/install/aws_robomaker_small_house_world/lib/python3.10/site-packages'
[1.532s] Level 1:colcon.colcon_core.environment:checking '/home/samuisa/Documents/COGAR/ros_ws/install/aws_robomaker_small_house_world/bin'
[1.533s] INFO:colcon.colcon_core.shell:Creating package script '/home/samuisa/Documents/COGAR/ros_ws/install/aws_robomaker_small_house_world/share/aws_robomaker_small_house_world/package.ps1'
[1.536s] INFO:colcon.colcon_core.shell:Creating package descriptor '/home/samuisa/Documents/COGAR/ros_ws/install/aws_robomaker_small_house_world/share/aws_robomaker_small_house_world/package.dsv'
[1.538s] INFO:colcon.colcon_core.shell:Creating package script '/home/samuisa/Documents/COGAR/ros_ws/install/aws_robomaker_small_house_world/share/aws_robomaker_small_house_world/package.sh'
[1.539s] INFO:colcon.colcon_core.shell:Creating package script '/home/samuisa/Documents/COGAR/ros_ws/install/aws_robomaker_small_house_world/share/aws_robomaker_small_house_world/package.bash'
[1.541s] INFO:colcon.colcon_core.shell:Creating package script '/home/samuisa/Documents/COGAR/ros_ws/install/aws_robomaker_small_house_world/share/aws_robomaker_small_house_world/package.zsh'
[1.543s] Level 1:colcon.colcon_core.environment:create_file_with_runtime_dependencies(/home/samuisa/Documents/COGAR/ros_ws/install/aws_robomaker_small_house_world/share/colcon-core/packages/aws_robomaker_small_house_world)
[1.545s] Level 1:colcon.colcon_core.environment:create_environment_scripts_only(aws_robomaker_small_house_world)
[1.545s] Level 1:colcon.colcon_core.environment:checking '/home/samuisa/Documents/COGAR/ros_ws/install/aws_robomaker_small_house_world' for CMake module files
[1.550s] Level 1:colcon.colcon_core.environment:checking '/home/samuisa/Documents/COGAR/ros_ws/install/aws_robomaker_small_house_world' for CMake config files
[1.551s] DEBUG:colcon.colcon_core.event_handler.log_command:Invoked command in '/home/samuisa/Documents/COGAR/ros_ws/build/aws_robomaker_small_house_world' returned '0': CMAKE_PREFIX_PATH=${CMAKE_PREFIX_PATH}:/opt/ros/humble /usr/bin/cmake --install /home/samuisa/Documents/COGAR/ros_ws/build/aws_robomaker_small_house_world
[1.551s] Level 1:colcon.colcon_core.shell:create_environment_hook('aws_robomaker_small_house_world', 'cmake_prefix_path')
[1.551s] INFO:colcon.colcon_core.shell:Creating environment hook '/home/samuisa/Documents/COGAR/ros_ws/install/aws_robomaker_small_house_world/share/aws_robomaker_small_house_world/hook/cmake_prefix_path.ps1'
[1.552s] INFO:colcon.colcon_core.shell:Creating environment descriptor '/home/samuisa/Documents/COGAR/ros_ws/install/aws_robomaker_small_house_world/share/aws_robomaker_small_house_world/hook/cmake_prefix_path.dsv'
[1.553s] INFO:colcon.colcon_core.shell:Creating environment hook '/home/samuisa/Documents/COGAR/ros_ws/install/aws_robomaker_small_house_world/share/aws_robomaker_small_house_world/hook/cmake_prefix_path.sh'
[1.554s] Level 1:colcon.colcon_core.environment:checking '/home/samuisa/Documents/COGAR/ros_ws/install/aws_robomaker_small_house_world/bin'
[1.554s] Level 1:colcon.colcon_core.environment:checking '/home/samuisa/Documents/COGAR/ros_ws/install/aws_robomaker_small_house_world/lib/pkgconfig/aws_robomaker_small_house_world.pc'
[1.555s] Level 1:colcon.colcon_core.environment:checking '/home/samuisa/Documents/COGAR/ros_ws/install/aws_robomaker_small_house_world/lib/python3.10/site-packages'
[1.555s] Level 1:colcon.colcon_core.environment:checking '/home/samuisa/Documents/COGAR/ros_ws/install/aws_robomaker_small_house_world/bin'
[1.556s] INFO:colcon.colcon_core.shell:Creating package script '/home/samuisa/Documents/COGAR/ros_ws/install/aws_robomaker_small_house_world/share/aws_robomaker_small_house_world/package.ps1'
[1.557s] INFO:colcon.colcon_core.shell:Creating package descriptor '/home/samuisa/Documents/COGAR/ros_ws/install/aws_robomaker_small_house_world/share/aws_robomaker_small_house_world/package.dsv'
[1.558s] INFO:colcon.colcon_core.shell:Creating package script '/home/samuisa/Documents/COGAR/ros_ws/install/aws_robomaker_small_house_world/share/aws_robomaker_small_house_world/package.sh'
[1.559s] INFO:colcon.colcon_core.shell:Creating package script '/home/samuisa/Documents/COGAR/ros_ws/install/aws_robomaker_small_house_world/share/aws_robomaker_small_house_world/package.bash'
[1.560s] INFO:colcon.colcon_core.shell:Creating package script '/home/samuisa/Documents/COGAR/ros_ws/install/aws_robomaker_small_house_world/share/aws_robomaker_small_house_world/package.zsh'
[1.560s] Level 1:colcon.colcon_core.environment:create_file_with_runtime_dependencies(/home/samuisa/Documents/COGAR/ros_ws/install/aws_robomaker_small_house_world/share/colcon-core/packages/aws_robomaker_small_house_world)
[1.560s] DEBUG:colcon.colcon_parallel_executor.executor.parallel:closing loop
[1.561s] DEBUG:colcon.colcon_parallel_executor.executor.parallel:loop closed
[1.561s] DEBUG:colcon.colcon_parallel_executor.executor.parallel:run_until_complete finished with '0'
[1.561s] DEBUG:colcon.colcon_core.event_reactor:joining thread
[1.566s] INFO:colcon.colcon_core.plugin_system:Skipping extension 'colcon_notification.desktop_notification.terminal_notifier': Not used on non-Darwin systems
[1.566s] INFO:colcon.colcon_core.plugin_system:Skipping extension 'colcon_notification.desktop_notification.win32': Not used on non-Windows systems
[1.566s] INFO:colcon.colcon_notification.desktop_notification:Sending desktop notification using 'notify2'
[1.584s] DEBUG:colcon.colcon_core.event_reactor:joined thread
[1.584s] INFO:colcon.colcon_core.shell:Creating prefix script '/home/samuisa/Documents/COGAR/ros_ws/install/local_setup.ps1'
[1.586s] INFO:colcon.colcon_core.shell:Creating prefix util module '/home/samuisa/Documents/COGAR/ros_ws/install/_local_setup_util_ps1.py'
[1.587s] INFO:colcon.colcon_core.shell:Creating prefix chain script '/home/samuisa/Documents/COGAR/ros_ws/install/setup.ps1'
[1.588s] INFO:colcon.colcon_core.shell:Creating prefix script '/home/samuisa/Documents/COGAR/ros_ws/install/local_setup.sh'
[1.589s] INFO:colcon.colcon_core.shell:Creating prefix util module '/home/samuisa/Documents/COGAR/ros_ws/install/_local_setup_util_sh.py'
[1.590s] INFO:colcon.colcon_core.shell:Creating prefix chain script '/home/samuisa/Documents/COGAR/ros_ws/install/setup.sh'
[1.592s] INFO:colcon.colcon_core.shell:Creating prefix script '/home/samuisa/Documents/COGAR/ros_ws/install/local_setup.bash'
[1.593s] INFO:colcon.colcon_core.shell:Creating prefix chain script '/home/samuisa/Documents/COGAR/ros_ws/install/setup.bash'
[1.595s] INFO:colcon.colcon_core.shell:Creating prefix script '/home/samuisa/Documents/COGAR/ros_ws/install/local_setup.zsh'
[1.597s] INFO:colcon.colcon_core.shell:Creating prefix chain script '/home/samuisa/Documents/COGAR/ros_ws/install/setup.zsh'
