[0.082s] DEBUG:colcon:Command line arguments: ['/usr/bin/colcon', 'build']
[0.082s] DEBUG:colcon:Parsed command line arguments: Namespace(log_base=None, log_level=None, verb_name='build', build_base='build', install_base='install', merge_install=False, symlink_install=False, test_result_base=None, continue_on_error=False, executor='parallel', parallel_workers=16, event_handlers=None, ignore_user_meta=False, metas=['./colcon.meta'], base_paths=['.'], packages_ignore=None, packages_ignore_regex=None, paths=None, packages_up_to=None, packages_up_to_regex=None, packages_above=None, packages_above_and_dependencies=None, packages_above_depth=None, packages_select_by_dep=None, packages_skip_by_dep=None, packages_skip_up_to=None, packages_select_build_failed=False, packages_skip_build_finished=False, packages_select_test_failures=False, packages_skip_test_passed=False, packages_select=None, packages_skip=None, packages_select_regex=None, packages_skip_regex=None, packages_start=None, packages_end=None, allow_overriding=[], cmake_args=None, cmake_target=None, cmake_target_skip_unavailable=False, cmake_clean_cache=False, cmake_clean_first=False, cmake_force_configure=False, ament_cmake_args=None, catkin_cmake_args=None, catkin_skip_building_tests=False, mixin_files=None, mixin=None, verb_parser=<colcon_mixin.mixin.mixin_argument.MixinArgumentDecorator object at 0x7e5e66159e10>, verb_extension=<colcon_core.verb.build.BuildVerb object at 0x7e5e6626ad40>, main=<bound method BuildVerb.main of <colcon_core.verb.build.BuildVerb object at 0x7e5e6626ad40>>, mixin_verb=('build',))
[0.212s] Level 1:colcon.colcon_core.package_discovery:discover_packages(colcon_meta) check parameters
[0.212s] Level 1:colcon.colcon_core.package_discovery:discover_packages(recursive) check parameters
[0.212s] Level 1:colcon.colcon_core.package_discovery:discover_packages(ignore) check parameters
[0.212s] Level 1:colcon.colcon_core.package_discovery:discover_packages(path) check parameters
[0.212s] Level 1:colcon.colcon_core.package_discovery:discover_packages(colcon_meta) discover
[0.212s] Level 1:colcon.colcon_core.package_discovery:discover_packages(recursive) discover
[0.213s] INFO:colcon.colcon_core.package_discovery:Crawling recursively for packages in '/home/samuisa/Documents/COGAR/ros_ws/src'
[0.213s] Level 1:colcon.colcon_core.package_identification:_identify(.) by extensions ['ignore', 'ignore_ament_install']
[0.213s] Level 1:colcon.colcon_core.package_identification:_identify(.) by extension 'ignore'
[0.213s] Level 1:colcon.colcon_core.package_identification:_identify(.) by extension 'ignore_ament_install'
[0.213s] Level 1:colcon.colcon_core.package_identification:_identify(.) by extensions ['colcon_pkg']
[0.213s] Level 1:colcon.colcon_core.package_identification:_identify(.) by extension 'colcon_pkg'
[0.213s] Level 1:colcon.colcon_core.package_identification:_identify(.) by extensions ['colcon_meta']
[0.213s] Level 1:colcon.colcon_core.package_identification:_identify(.) by extension 'colcon_meta'
[0.213s] Level 1:colcon.colcon_core.package_identification:_identify(.) by extensions ['ros']
[0.213s] Level 1:colcon.colcon_core.package_identification:_identify(.) by extension 'ros'
[0.221s] Level 1:colcon.colcon_core.package_identification:_identify(.) by extensions ['cmake', 'python']
[0.221s] Level 1:colcon.colcon_core.package_identification:_identify(.) by extension 'cmake'
[0.221s] Level 1:colcon.colcon_core.package_identification:_identify(.) by extension 'python'
[0.221s] Level 1:colcon.colcon_core.package_identification:_identify(.) by extensions ['python_setup_py']
[0.221s] Level 1:colcon.colcon_core.package_identification:_identify(.) by extension 'python_setup_py'
[0.221s] Level 1:colcon.colcon_core.package_identification:_identify(aws-robomaker-small-house-world) by extensions ['ignore', 'ignore_ament_install']
[0.222s] Level 1:colcon.colcon_core.package_identification:_identify(aws-robomaker-small-house-world) by extension 'ignore'
[0.222s] Level 1:colcon.colcon_core.package_identification:_identify(aws-robomaker-small-house-world) by extension 'ignore_ament_install'
[0.222s] Level 1:colcon.colcon_core.package_identification:_identify(aws-robomaker-small-house-world) by extensions ['colcon_pkg']
[0.222s] Level 1:colcon.colcon_core.package_identification:_identify(aws-robomaker-small-house-world) by extension 'colcon_pkg'
[0.222s] Level 1:colcon.colcon_core.package_identification:_identify(aws-robomaker-small-house-world) by extensions ['colcon_meta']
[0.222s] Level 1:colcon.colcon_core.package_identification:_identify(aws-robomaker-small-house-world) by extension 'colcon_meta'
[0.222s] Level 1:colcon.colcon_core.package_identification:_identify(aws-robomaker-small-house-world) by extensions ['ros']
[0.222s] Level 1:colcon.colcon_core.package_identification:_identify(aws-robomaker-small-house-world) by extension 'ros'
[0.224s] DEBUG:colcon.colcon_core.package_identification:Package 'aws-robomaker-small-house-world' with type 'ros.ament_cmake' and name 'aws_robomaker_small_house_world'
[0.224s] Level 1:colcon.colcon_core.package_identification:_identify(bme_gazebo_sensors) by extensions ['ignore', 'ignore_ament_install']
[0.224s] Level 1:colcon.colcon_core.package_identification:_identify(bme_gazebo_sensors) by extension 'ignore'
[0.224s] Level 1:colcon.colcon_core.package_identification:_identify(bme_gazebo_sensors) by extension 'ignore_ament_install'
[0.224s] Level 1:colcon.colcon_core.package_identification:_identify(bme_gazebo_sensors) by extensions ['colcon_pkg']
[0.224s] Level 1:colcon.colcon_core.package_identification:_identify(bme_gazebo_sensors) by extension 'colcon_pkg'
[0.224s] Level 1:colcon.colcon_core.package_identification:_identify(bme_gazebo_sensors) by extensions ['colcon_meta']
[0.224s] Level 1:colcon.colcon_core.package_identification:_identify(bme_gazebo_sensors) by extension 'colcon_meta'
[0.224s] Level 1:colcon.colcon_core.package_identification:_identify(bme_gazebo_sensors) by extensions ['ros']
[0.224s] Level 1:colcon.colcon_core.package_identification:_identify(bme_gazebo_sensors) by extension 'ros'
[0.224s] DEBUG:colcon.colcon_core.package_identification:Package 'bme_gazebo_sensors' with type 'ros.ament_cmake' and name 'bme_gazebo_sensors'
[0.224s] Level 1:colcon.colcon_core.package_identification:_identify(build) by extensions ['ignore', 'ignore_ament_install']
[0.224s] Level 1:colcon.colcon_core.package_identification:_identify(build) by extension 'ignore'
[0.225s] Level 1:colcon.colcon_core.package_identification:_identify(build) ignored
[0.225s] Level 1:colcon.colcon_core.package_identification:_identify(g1_description) by extensions ['ignore', 'ignore_ament_install']
[0.225s] Level 1:colcon.colcon_core.package_identification:_identify(g1_description) by extension 'ignore'
[0.225s] Level 1:colcon.colcon_core.package_identification:_identify(g1_description) by extension 'ignore_ament_install'
[0.225s] Level 1:colcon.colcon_core.package_identification:_identify(g1_description) by extensions ['colcon_pkg']
[0.225s] Level 1:colcon.colcon_core.package_identification:_identify(g1_description) by extension 'colcon_pkg'
[0.225s] Level 1:colcon.colcon_core.package_identification:_identify(g1_description) by extensions ['colcon_meta']
[0.225s] Level 1:colcon.colcon_core.package_identification:_identify(g1_description) by extension 'colcon_meta'
[0.225s] Level 1:colcon.colcon_core.package_identification:_identify(g1_description) by extensions ['ros']
[0.225s] Level 1:colcon.colcon_core.package_identification:_identify(g1_description) by extension 'ros'
[0.227s] DEBUG:colcon.colcon_core.package_identification:Package 'g1_description' with type 'ros.ament_cmake' and name 'g1_description'
[0.227s] Level 1:colcon.colcon_core.package_identification:_identify(install) by extensions ['ignore', 'ignore_ament_install']
[0.227s] Level 1:colcon.colcon_core.package_identification:_identify(install) by extension 'ignore'
[0.227s] Level 1:colcon.colcon_core.package_identification:_identify(install) ignored
[0.227s] Level 1:colcon.colcon_core.package_identification:_identify(log) by extensions ['ignore', 'ignore_ament_install']
[0.227s] Level 1:colcon.colcon_core.package_identification:_identify(log) by extension 'ignore'
[0.227s] Level 1:colcon.colcon_core.package_identification:_identify(log) ignored
[0.227s] Level 1:colcon.colcon_core.package_discovery:discover_packages(recursive) using defaults
[0.227s] Level 1:colcon.colcon_core.package_discovery:discover_packages(ignore) discover
[0.227s] Level 1:colcon.colcon_core.package_discovery:discover_packages(ignore) using defaults
[0.227s] Level 1:colcon.colcon_core.package_discovery:discover_packages(path) discover
[0.227s] Level 1:colcon.colcon_core.package_discovery:discover_packages(path) using defaults
[0.254s] Level 1:colcon.colcon_core.package_discovery:discover_packages(prefix_path) check parameters
[0.255s] Level 1:colcon.colcon_core.package_discovery:discover_packages(prefix_path) discover
[0.256s] DEBUG:colcon.colcon_installed_package_information.package_discovery:Found 3 installed packages in /home/samuisa/Documents/COGAR/ros_ws/src/install
[0.256s] DEBUG:colcon.colcon_installed_package_information.package_discovery:Found 3 installed packages in /home/samuisa/Documents/COGAR/ros_ws/install
[0.258s] DEBUG:colcon.colcon_installed_package_information.package_discovery:Found 389 installed packages in /opt/ros/humble
[0.259s] Level 1:colcon.colcon_core.package_discovery:discover_packages(prefix_path) using defaults
[0.296s] Level 5:colcon.colcon_core.verb:set package 'aws_robomaker_small_house_world' build argument 'cmake_args' from command line to 'None'
[0.296s] Level 5:colcon.colcon_core.verb:set package 'aws_robomaker_small_house_world' build argument 'cmake_target' from command line to 'None'
[0.296s] Level 5:colcon.colcon_core.verb:set package 'aws_robomaker_small_house_world' build argument 'cmake_target_skip_unavailable' from command line to 'False'
[0.296s] Level 5:colcon.colcon_core.verb:set package 'aws_robomaker_small_house_world' build argument 'cmake_clean_cache' from command line to 'False'
[0.296s] Level 5:colcon.colcon_core.verb:set package 'aws_robomaker_small_house_world' build argument 'cmake_clean_first' from command line to 'False'
[0.296s] Level 5:colcon.colcon_core.verb:set package 'aws_robomaker_small_house_world' build argument 'cmake_force_configure' from command line to 'False'
[0.296s] Level 5:colcon.colcon_core.verb:set package 'aws_robomaker_small_house_world' build argument 'ament_cmake_args' from command line to 'None'
[0.296s] Level 5:colcon.colcon_core.verb:set package 'aws_robomaker_small_house_world' build argument 'catkin_cmake_args' from command line to 'None'
[0.296s] Level 5:colcon.colcon_core.verb:set package 'aws_robomaker_small_house_world' build argument 'catkin_skip_building_tests' from command line to 'False'
[0.296s] DEBUG:colcon.colcon_core.verb:Building package 'aws_robomaker_small_house_world' with the following arguments: {'ament_cmake_args': None, 'build_base': '/home/samuisa/Documents/COGAR/ros_ws/src/build/aws_robomaker_small_house_world', 'catkin_cmake_args': None, 'catkin_skip_building_tests': False, 'cmake_args': None, 'cmake_clean_cache': False, 'cmake_clean_first': False, 'cmake_force_configure': False, 'cmake_target': None, 'cmake_target_skip_unavailable': False, 'install_base': '/home/samuisa/Documents/COGAR/ros_ws/src/install/aws_robomaker_small_house_world', 'merge_install': False, 'path': '/home/samuisa/Documents/COGAR/ros_ws/src/aws-robomaker-small-house-world', 'symlink_install': False, 'test_result_base': None}
[0.297s] Level 5:colcon.colcon_core.verb:set package 'bme_gazebo_sensors' build argument 'cmake_args' from command line to 'None'
[0.297s] Level 5:colcon.colcon_core.verb:set package 'bme_gazebo_sensors' build argument 'cmake_target' from command line to 'None'
[0.297s] Level 5:colcon.colcon_core.verb:set package 'bme_gazebo_sensors' build argument 'cmake_target_skip_unavailable' from command line to 'False'
[0.297s] Level 5:colcon.colcon_core.verb:set package 'bme_gazebo_sensors' build argument 'cmake_clean_cache' from command line to 'False'
[0.297s] Level 5:colcon.colcon_core.verb:set package 'bme_gazebo_sensors' build argument 'cmake_clean_first' from command line to 'False'
[0.297s] Level 5:colcon.colcon_core.verb:set package 'bme_gazebo_sensors' build argument 'cmake_force_configure' from command line to 'False'
[0.297s] Level 5:colcon.colcon_core.verb:set package 'bme_gazebo_sensors' build argument 'ament_cmake_args' from command line to 'None'
[0.297s] Level 5:colcon.colcon_core.verb:set package 'bme_gazebo_sensors' build argument 'catkin_cmake_args' from command line to 'None'
[0.297s] Level 5:colcon.colcon_core.verb:set package 'bme_gazebo_sensors' build argument 'catkin_skip_building_tests' from command line to 'False'
[0.297s] DEBUG:colcon.colcon_core.verb:Building package 'bme_gazebo_sensors' with the following arguments: {'ament_cmake_args': None, 'build_base': '/home/samuisa/Documents/COGAR/ros_ws/src/build/bme_gazebo_sensors', 'catkin_cmake_args': None, 'catkin_skip_building_tests': False, 'cmake_args': None, 'cmake_clean_cache': False, 'cmake_clean_first': False, 'cmake_force_configure': False, 'cmake_target': None, 'cmake_target_skip_unavailable': False, 'install_base': '/home/samuisa/Documents/COGAR/ros_ws/src/install/bme_gazebo_sensors', 'merge_install': False, 'path': '/home/samuisa/Documents/COGAR/ros_ws/src/bme_gazebo_sensors', 'symlink_install': False, 'test_result_base': None}
[0.297s] Level 5:colcon.colcon_core.verb:set package 'g1_description' build argument 'cmake_args' from command line to 'None'
[0.297s] Level 5:colcon.colcon_core.verb:set package 'g1_description' build argument 'cmake_target' from command line to 'None'
[0.297s] Level 5:colcon.colcon_core.verb:set package 'g1_description' build argument 'cmake_target_skip_unavailable' from command line to 'False'
[0.297s] Level 5:colcon.colcon_core.verb:set package 'g1_description' build argument 'cmake_clean_cache' from command line to 'False'
[0.297s] Level 5:colcon.colcon_core.verb:set package 'g1_description' build argument 'cmake_clean_first' from command line to 'False'
[0.297s] Level 5:colcon.colcon_core.verb:set package 'g1_description' build argument 'cmake_force_configure' from command line to 'False'
[0.297s] Level 5:colcon.colcon_core.verb:set package 'g1_description' build argument 'ament_cmake_args' from command line to 'None'
[0.297s] Level 5:colcon.colcon_core.verb:set package 'g1_description' build argument 'catkin_cmake_args' from command line to 'None'
[0.297s] Level 5:colcon.colcon_core.verb:set package 'g1_description' build argument 'catkin_skip_building_tests' from command line to 'False'
[0.297s] DEBUG:colcon.colcon_core.verb:Building package 'g1_description' with the following arguments: {'ament_cmake_args': None, 'build_base': '/home/samuisa/Documents/COGAR/ros_ws/src/build/g1_description', 'catkin_cmake_args': None, 'catkin_skip_building_tests': False, 'cmake_args': None, 'cmake_clean_cache': False, 'cmake_clean_first': False, 'cmake_force_configure': False, 'cmake_target': None, 'cmake_target_skip_unavailable': False, 'install_base': '/home/samuisa/Documents/COGAR/ros_ws/src/install/g1_description', 'merge_install': False, 'path': '/home/samuisa/Documents/COGAR/ros_ws/src/g1_description', 'symlink_install': False, 'test_result_base': None}
[0.297s] INFO:colcon.colcon_core.executor:Executing jobs using 'parallel' executor
[0.299s] DEBUG:colcon.colcon_parallel_executor.executor.parallel:run_until_complete
[0.299s] INFO:colcon.colcon_ros.task.ament_cmake.build:Building ROS package in '/home/samuisa/Documents/COGAR/ros_ws/src/aws-robomaker-small-house-world' with build type 'ament_cmake'
[0.299s] INFO:colcon.colcon_cmake.task.cmake.build:Building CMake package in '/home/samuisa/Documents/COGAR/ros_ws/src/aws-robomaker-small-house-world'
[0.300s] INFO:colcon.colcon_core.plugin_system:Skipping extension 'colcon_core.shell.bat': Not used on non-Windows systems
[0.301s] INFO:colcon.colcon_core.shell:Skip shell extension 'powershell' for command environment: Not usable outside of PowerShell
[0.301s] DEBUG:colcon.colcon_core.shell:Skip shell extension 'dsv' for command environment
[0.305s] INFO:colcon.colcon_ros.task.ament_cmake.build:Building ROS package in '/home/samuisa/Documents/COGAR/ros_ws/src/bme_gazebo_sensors' with build type 'ament_cmake'
[0.305s] INFO:colcon.colcon_cmake.task.cmake.build:Building CMake package in '/home/samuisa/Documents/COGAR/ros_ws/src/bme_gazebo_sensors'
[0.305s] INFO:colcon.colcon_core.shell:Skip shell extension 'powershell' for command environment: Not usable outside of PowerShell
[0.305s] DEBUG:colcon.colcon_core.shell:Skip shell extension 'dsv' for command environment
[0.309s] INFO:colcon.colcon_ros.task.ament_cmake.build:Building ROS package in '/home/samuisa/Documents/COGAR/ros_ws/src/g1_description' with build type 'ament_cmake'
[0.309s] INFO:colcon.colcon_cmake.task.cmake.build:Building CMake package in '/home/samuisa/Documents/COGAR/ros_ws/src/g1_description'
[0.309s] INFO:colcon.colcon_core.shell:Skip shell extension 'powershell' for command environment: Not usable outside of PowerShell
[0.309s] DEBUG:colcon.colcon_core.shell:Skip shell extension 'dsv' for command environment
[0.319s] DEBUG:colcon.colcon_core.event_handler.log_command:Invoking command in '/home/samuisa/Documents/COGAR/ros_ws/src/build/aws_robomaker_small_house_world': CMAKE_PREFIX_PATH=${CMAKE_PREFIX_PATH}:/opt/ros/humble /usr/bin/cmake --build /home/samuisa/Documents/COGAR/ros_ws/src/build/aws_robomaker_small_house_world -- -j16 -l16
[0.322s] DEBUG:colcon.colcon_core.event_handler.log_command:Invoking command in '/home/samuisa/Documents/COGAR/ros_ws/src/build/bme_gazebo_sensors': CMAKE_PREFIX_PATH=${CMAKE_PREFIX_PATH}:/opt/ros/humble /usr/bin/cmake --build /home/samuisa/Documents/COGAR/ros_ws/src/build/bme_gazebo_sensors -- -j16 -l16
[0.326s] DEBUG:colcon.colcon_core.event_handler.log_command:Invoking command in '/home/samuisa/Documents/COGAR/ros_ws/src/build/g1_description': CMAKE_PREFIX_PATH=${CMAKE_PREFIX_PATH}:/opt/ros/humble /usr/bin/cmake --build /home/samuisa/Documents/COGAR/ros_ws/src/build/g1_description -- -j16 -l16
[0.360s] DEBUG:colcon.colcon_core.event_handler.log_command:Invoked command in '/home/samuisa/Documents/COGAR/ros_ws/src/build/aws_robomaker_small_house_world' returned '0': CMAKE_PREFIX_PATH=${CMAKE_PREFIX_PATH}:/opt/ros/humble /usr/bin/cmake --build /home/samuisa/Documents/COGAR/ros_ws/src/build/aws_robomaker_small_house_world -- -j16 -l16
[0.370s] DEBUG:colcon.colcon_core.event_handler.log_command:Invoking command in '/home/samuisa/Documents/COGAR/ros_ws/src/build/aws_robomaker_small_house_world': CMAKE_PREFIX_PATH=${CMAKE_PREFIX_PATH}:/opt/ros/humble /usr/bin/cmake --install /home/samuisa/Documents/COGAR/ros_ws/src/build/aws_robomaker_small_house_world
[0.372s] DEBUG:colcon.colcon_core.event_handler.log_command:Invoked command in '/home/samuisa/Documents/COGAR/ros_ws/src/build/bme_gazebo_sensors' returned '0': CMAKE_PREFIX_PATH=${CMAKE_PREFIX_PATH}:/opt/ros/humble /usr/bin/cmake --build /home/samuisa/Documents/COGAR/ros_ws/src/build/bme_gazebo_sensors -- -j16 -l16
[0.374s] DEBUG:colcon.colcon_core.event_handler.log_command:Invoking command in '/home/samuisa/Documents/COGAR/ros_ws/src/build/bme_gazebo_sensors': CMAKE_PREFIX_PATH=${CMAKE_PREFIX_PATH}:/opt/ros/humble /usr/bin/cmake --install /home/samuisa/Documents/COGAR/ros_ws/src/build/bme_gazebo_sensors
[0.374s] DEBUG:colcon.colcon_core.event_handler.log_command:Invoked command in '/home/samuisa/Documents/COGAR/ros_ws/src/build/g1_description' returned '0': CMAKE_PREFIX_PATH=${CMAKE_PREFIX_PATH}:/opt/ros/humble /usr/bin/cmake --build /home/samuisa/Documents/COGAR/ros_ws/src/build/g1_description -- -j16 -l16
[0.376s] DEBUG:colcon.colcon_core.event_handler.log_command:Invoking command in '/home/samuisa/Documents/COGAR/ros_ws/src/build/g1_description': CMAKE_PREFIX_PATH=${CMAKE_PREFIX_PATH}:/opt/ros/humble /usr/bin/cmake --install /home/samuisa/Documents/COGAR/ros_ws/src/build/g1_description
[0.385s] Level 1:colcon.colcon_core.environment:create_environment_scripts_only(bme_gazebo_sensors)
[0.391s] Level 1:colcon.colcon_core.environment:checking '/home/samuisa/Documents/COGAR/ros_ws/src/install/bme_gazebo_sensors' for CMake module files
[0.392s] Level 1:colcon.colcon_core.environment:checking '/home/samuisa/Documents/COGAR/ros_ws/src/install/bme_gazebo_sensors' for CMake config files
[0.393s] Level 1:colcon.colcon_core.shell:create_environment_hook('bme_gazebo_sensors', 'cmake_prefix_path')
[0.394s] INFO:colcon.colcon_core.shell:Creating environment hook '/home/samuisa/Documents/COGAR/ros_ws/src/install/bme_gazebo_sensors/share/bme_gazebo_sensors/hook/cmake_prefix_path.ps1'
[0.395s] INFO:colcon.colcon_core.shell:Creating environment descriptor '/home/samuisa/Documents/COGAR/ros_ws/src/install/bme_gazebo_sensors/share/bme_gazebo_sensors/hook/cmake_prefix_path.dsv'
[0.396s] INFO:colcon.colcon_core.shell:Creating environment hook '/home/samuisa/Documents/COGAR/ros_ws/src/install/bme_gazebo_sensors/share/bme_gazebo_sensors/hook/cmake_prefix_path.sh'
[0.399s] Level 1:colcon.colcon_core.environment:checking '/home/samuisa/Documents/COGAR/ros_ws/src/install/bme_gazebo_sensors/bin'
[0.399s] Level 1:colcon.colcon_core.environment:checking '/home/samuisa/Documents/COGAR/ros_ws/src/install/bme_gazebo_sensors/lib/pkgconfig/bme_gazebo_sensors.pc'
[0.399s] Level 1:colcon.colcon_core.environment:checking '/home/samuisa/Documents/COGAR/ros_ws/src/install/bme_gazebo_sensors/lib/python3.10/site-packages'
[0.399s] Level 1:colcon.colcon_core.environment:checking '/home/samuisa/Documents/COGAR/ros_ws/src/install/bme_gazebo_sensors/bin'
[0.400s] INFO:colcon.colcon_core.shell:Creating package script '/home/samuisa/Documents/COGAR/ros_ws/src/install/bme_gazebo_sensors/share/bme_gazebo_sensors/package.ps1'
[0.401s] INFO:colcon.colcon_core.shell:Creating package descriptor '/home/samuisa/Documents/COGAR/ros_ws/src/install/bme_gazebo_sensors/share/bme_gazebo_sensors/package.dsv'
[0.402s] INFO:colcon.colcon_core.shell:Creating package script '/home/samuisa/Documents/COGAR/ros_ws/src/install/bme_gazebo_sensors/share/bme_gazebo_sensors/package.sh'
[0.403s] INFO:colcon.colcon_core.shell:Creating package script '/home/samuisa/Documents/COGAR/ros_ws/src/install/bme_gazebo_sensors/share/bme_gazebo_sensors/package.bash'
[0.405s] INFO:colcon.colcon_core.shell:Creating package script '/home/samuisa/Documents/COGAR/ros_ws/src/install/bme_gazebo_sensors/share/bme_gazebo_sensors/package.zsh'
[0.405s] Level 1:colcon.colcon_core.environment:create_file_with_runtime_dependencies(/home/samuisa/Documents/COGAR/ros_ws/src/install/bme_gazebo_sensors/share/colcon-core/packages/bme_gazebo_sensors)
[0.407s] Level 1:colcon.colcon_core.environment:create_environment_scripts_only(bme_gazebo_sensors)
[0.407s] Level 1:colcon.colcon_core.environment:checking '/home/samuisa/Documents/COGAR/ros_ws/src/install/bme_gazebo_sensors' for CMake module files
[0.408s] Level 1:colcon.colcon_core.environment:checking '/home/samuisa/Documents/COGAR/ros_ws/src/install/bme_gazebo_sensors' for CMake config files
[0.409s] Level 1:colcon.colcon_core.shell:create_environment_hook('bme_gazebo_sensors', 'cmake_prefix_path')
[0.409s] INFO:colcon.colcon_core.shell:Creating environment hook '/home/samuisa/Documents/COGAR/ros_ws/src/install/bme_gazebo_sensors/share/bme_gazebo_sensors/hook/cmake_prefix_path.ps1'
[0.410s] INFO:colcon.colcon_core.shell:Creating environment descriptor '/home/samuisa/Documents/COGAR/ros_ws/src/install/bme_gazebo_sensors/share/bme_gazebo_sensors/hook/cmake_prefix_path.dsv'
[0.412s] INFO:colcon.colcon_core.shell:Creating environment hook '/home/samuisa/Documents/COGAR/ros_ws/src/install/bme_gazebo_sensors/share/bme_gazebo_sensors/hook/cmake_prefix_path.sh'
[0.413s] Level 1:colcon.colcon_core.environment:checking '/home/samuisa/Documents/COGAR/ros_ws/src/install/bme_gazebo_sensors/bin'
[0.413s] Level 1:colcon.colcon_core.environment:checking '/home/samuisa/Documents/COGAR/ros_ws/src/install/bme_gazebo_sensors/lib/pkgconfig/bme_gazebo_sensors.pc'
[0.414s] Level 1:colcon.colcon_core.environment:checking '/home/samuisa/Documents/COGAR/ros_ws/src/install/bme_gazebo_sensors/lib/python3.10/site-packages'
[0.414s] Level 1:colcon.colcon_core.environment:checking '/home/samuisa/Documents/COGAR/ros_ws/src/install/bme_gazebo_sensors/bin'
[0.414s] INFO:colcon.colcon_core.shell:Creating package script '/home/samuisa/Documents/COGAR/ros_ws/src/install/bme_gazebo_sensors/share/bme_gazebo_sensors/package.ps1'
[0.416s] INFO:colcon.colcon_core.shell:Creating package descriptor '/home/samuisa/Documents/COGAR/ros_ws/src/install/bme_gazebo_sensors/share/bme_gazebo_sensors/package.dsv'
[0.416s] DEBUG:colcon.colcon_core.event_handler.log_command:Invoked command in '/home/samuisa/Documents/COGAR/ros_ws/src/build/bme_gazebo_sensors' returned '0': CMAKE_PREFIX_PATH=${CMAKE_PREFIX_PATH}:/opt/ros/humble /usr/bin/cmake --install /home/samuisa/Documents/COGAR/ros_ws/src/build/bme_gazebo_sensors
[0.417s] INFO:colcon.colcon_core.shell:Creating package script '/home/samuisa/Documents/COGAR/ros_ws/src/install/bme_gazebo_sensors/share/bme_gazebo_sensors/package.sh'
[0.418s] INFO:colcon.colcon_core.shell:Creating package script '/home/samuisa/Documents/COGAR/ros_ws/src/install/bme_gazebo_sensors/share/bme_gazebo_sensors/package.bash'
[0.419s] INFO:colcon.colcon_core.shell:Creating package script '/home/samuisa/Documents/COGAR/ros_ws/src/install/bme_gazebo_sensors/share/bme_gazebo_sensors/package.zsh'
[0.420s] Level 1:colcon.colcon_core.environment:create_file_with_runtime_dependencies(/home/samuisa/Documents/COGAR/ros_ws/src/install/bme_gazebo_sensors/share/colcon-core/packages/bme_gazebo_sensors)
[0.421s] Level 1:colcon.colcon_core.environment:create_environment_scripts_only(aws_robomaker_small_house_world)
[0.421s] Level 1:colcon.colcon_core.environment:checking '/home/samuisa/Documents/COGAR/ros_ws/src/install/aws_robomaker_small_house_world' for CMake module files
[0.423s] Level 1:colcon.colcon_core.environment:checking '/home/samuisa/Documents/COGAR/ros_ws/src/install/aws_robomaker_small_house_world' for CMake config files
[0.425s] Level 1:colcon.colcon_core.shell:create_environment_hook('aws_robomaker_small_house_world', 'cmake_prefix_path')
[0.426s] INFO:colcon.colcon_core.shell:Creating environment hook '/home/samuisa/Documents/COGAR/ros_ws/src/install/aws_robomaker_small_house_world/share/aws_robomaker_small_house_world/hook/cmake_prefix_path.ps1'
[0.427s] INFO:colcon.colcon_core.shell:Creating environment descriptor '/home/samuisa/Documents/COGAR/ros_ws/src/install/aws_robomaker_small_house_world/share/aws_robomaker_small_house_world/hook/cmake_prefix_path.dsv'
[0.429s] INFO:colcon.colcon_core.shell:Creating environment hook '/home/samuisa/Documents/COGAR/ros_ws/src/install/aws_robomaker_small_house_world/share/aws_robomaker_small_house_world/hook/cmake_prefix_path.sh'
[0.430s] Level 1:colcon.colcon_core.environment:checking '/home/samuisa/Documents/COGAR/ros_ws/src/install/aws_robomaker_small_house_world/bin'
[0.430s] Level 1:colcon.colcon_core.environment:checking '/home/samuisa/Documents/COGAR/ros_ws/src/install/aws_robomaker_small_house_world/lib/pkgconfig/aws_robomaker_small_house_world.pc'
[0.430s] Level 1:colcon.colcon_core.environment:checking '/home/samuisa/Documents/COGAR/ros_ws/src/install/aws_robomaker_small_house_world/lib/python3.10/site-packages'
[0.431s] Level 1:colcon.colcon_core.environment:checking '/home/samuisa/Documents/COGAR/ros_ws/src/install/aws_robomaker_small_house_world/bin'
[0.431s] INFO:colcon.colcon_core.shell:Creating package script '/home/samuisa/Documents/COGAR/ros_ws/src/install/aws_robomaker_small_house_world/share/aws_robomaker_small_house_world/package.ps1'
[0.432s] INFO:colcon.colcon_core.shell:Creating package descriptor '/home/samuisa/Documents/COGAR/ros_ws/src/install/aws_robomaker_small_house_world/share/aws_robomaker_small_house_world/package.dsv'
[0.434s] INFO:colcon.colcon_core.shell:Creating package script '/home/samuisa/Documents/COGAR/ros_ws/src/install/aws_robomaker_small_house_world/share/aws_robomaker_small_house_world/package.sh'
[0.435s] INFO:colcon.colcon_core.shell:Creating package script '/home/samuisa/Documents/COGAR/ros_ws/src/install/aws_robomaker_small_house_world/share/aws_robomaker_small_house_world/package.bash'
[0.435s] INFO:colcon.colcon_core.shell:Creating package script '/home/samuisa/Documents/COGAR/ros_ws/src/install/aws_robomaker_small_house_world/share/aws_robomaker_small_house_world/package.zsh'
[0.436s] Level 1:colcon.colcon_core.environment:create_file_with_runtime_dependencies(/home/samuisa/Documents/COGAR/ros_ws/src/install/aws_robomaker_small_house_world/share/colcon-core/packages/aws_robomaker_small_house_world)
[0.438s] Level 1:colcon.colcon_core.environment:create_environment_scripts_only(aws_robomaker_small_house_world)
[0.438s] Level 1:colcon.colcon_core.environment:checking '/home/samuisa/Documents/COGAR/ros_ws/src/install/aws_robomaker_small_house_world' for CMake module files
[0.440s] Level 1:colcon.colcon_core.environment:checking '/home/samuisa/Documents/COGAR/ros_ws/src/install/aws_robomaker_small_house_world' for CMake config files
[0.441s] Level 1:colcon.colcon_core.shell:create_environment_hook('aws_robomaker_small_house_world', 'cmake_prefix_path')
[0.442s] INFO:colcon.colcon_core.shell:Creating environment hook '/home/samuisa/Documents/COGAR/ros_ws/src/install/aws_robomaker_small_house_world/share/aws_robomaker_small_house_world/hook/cmake_prefix_path.ps1'
[0.443s] INFO:colcon.colcon_core.shell:Creating environment descriptor '/home/samuisa/Documents/COGAR/ros_ws/src/install/aws_robomaker_small_house_world/share/aws_robomaker_small_house_world/hook/cmake_prefix_path.dsv'
[0.444s] INFO:colcon.colcon_core.shell:Creating environment hook '/home/samuisa/Documents/COGAR/ros_ws/src/install/aws_robomaker_small_house_world/share/aws_robomaker_small_house_world/hook/cmake_prefix_path.sh'
[0.446s] Level 1:colcon.colcon_core.environment:checking '/home/samuisa/Documents/COGAR/ros_ws/src/install/aws_robomaker_small_house_world/bin'
[0.446s] Level 1:colcon.colcon_core.environment:checking '/home/samuisa/Documents/COGAR/ros_ws/src/install/aws_robomaker_small_house_world/lib/pkgconfig/aws_robomaker_small_house_world.pc'
[0.446s] Level 1:colcon.colcon_core.environment:checking '/home/samuisa/Documents/COGAR/ros_ws/src/install/aws_robomaker_small_house_world/lib/python3.10/site-packages'
[0.447s] Level 1:colcon.colcon_core.environment:checking '/home/samuisa/Documents/COGAR/ros_ws/src/install/aws_robomaker_small_house_world/bin'
[0.447s] INFO:colcon.colcon_core.shell:Creating package script '/home/samuisa/Documents/COGAR/ros_ws/src/install/aws_robomaker_small_house_world/share/aws_robomaker_small_house_world/package.ps1'
[0.448s] INFO:colcon.colcon_core.shell:Creating package descriptor '/home/samuisa/Documents/COGAR/ros_ws/src/install/aws_robomaker_small_house_world/share/aws_robomaker_small_house_world/package.dsv'
[0.450s] INFO:colcon.colcon_core.shell:Creating package script '/home/samuisa/Documents/COGAR/ros_ws/src/install/aws_robomaker_small_house_world/share/aws_robomaker_small_house_world/package.sh'
[0.451s] INFO:colcon.colcon_core.shell:Creating package script '/home/samuisa/Documents/COGAR/ros_ws/src/install/aws_robomaker_small_house_world/share/aws_robomaker_small_house_world/package.bash'
[0.452s] INFO:colcon.colcon_core.shell:Creating package script '/home/samuisa/Documents/COGAR/ros_ws/src/install/aws_robomaker_small_house_world/share/aws_robomaker_small_house_world/package.zsh'
[0.453s] Level 1:colcon.colcon_core.environment:create_file_with_runtime_dependencies(/home/samuisa/Documents/COGAR/ros_ws/src/install/aws_robomaker_small_house_world/share/colcon-core/packages/aws_robomaker_small_house_world)
[0.453s] DEBUG:colcon.colcon_core.event_handler.log_command:Invoked command in '/home/samuisa/Documents/COGAR/ros_ws/src/build/aws_robomaker_small_house_world' returned '0': CMAKE_PREFIX_PATH=${CMAKE_PREFIX_PATH}:/opt/ros/humble /usr/bin/cmake --install /home/samuisa/Documents/COGAR/ros_ws/src/build/aws_robomaker_small_house_world
[0.453s] Level 1:colcon.colcon_core.environment:create_environment_scripts_only(g1_description)
[0.454s] Level 1:colcon.colcon_core.environment:checking '/home/samuisa/Documents/COGAR/ros_ws/src/install/g1_description' for CMake module files
[0.454s] DEBUG:colcon.colcon_core.event_handler.log_command:Invoked command in '/home/samuisa/Documents/COGAR/ros_ws/src/build/g1_description' returned '0': CMAKE_PREFIX_PATH=${CMAKE_PREFIX_PATH}:/opt/ros/humble /usr/bin/cmake --install /home/samuisa/Documents/COGAR/ros_ws/src/build/g1_description
[0.455s] Level 1:colcon.colcon_core.environment:checking '/home/samuisa/Documents/COGAR/ros_ws/src/install/g1_description' for CMake config files
[0.455s] Level 1:colcon.colcon_core.shell:create_environment_hook('g1_description', 'cmake_prefix_path')
[0.455s] INFO:colcon.colcon_core.shell:Creating environment hook '/home/samuisa/Documents/COGAR/ros_ws/src/install/g1_description/share/g1_description/hook/cmake_prefix_path.ps1'
[0.455s] INFO:colcon.colcon_core.shell:Creating environment descriptor '/home/samuisa/Documents/COGAR/ros_ws/src/install/g1_description/share/g1_description/hook/cmake_prefix_path.dsv'
[0.456s] INFO:colcon.colcon_core.shell:Creating environment hook '/home/samuisa/Documents/COGAR/ros_ws/src/install/g1_description/share/g1_description/hook/cmake_prefix_path.sh'
[0.456s] Level 1:colcon.colcon_core.environment:checking '/home/samuisa/Documents/COGAR/ros_ws/src/install/g1_description/bin'
[0.456s] Level 1:colcon.colcon_core.environment:checking '/home/samuisa/Documents/COGAR/ros_ws/src/install/g1_description/lib/pkgconfig/g1_description.pc'
[0.456s] Level 1:colcon.colcon_core.environment:checking '/home/samuisa/Documents/COGAR/ros_ws/src/install/g1_description/lib/python3.10/site-packages'
[0.457s] Level 1:colcon.colcon_core.environment:checking '/home/samuisa/Documents/COGAR/ros_ws/src/install/g1_description/bin'
[0.457s] INFO:colcon.colcon_core.shell:Creating package script '/home/samuisa/Documents/COGAR/ros_ws/src/install/g1_description/share/g1_description/package.ps1'
[0.458s] INFO:colcon.colcon_core.shell:Creating package descriptor '/home/samuisa/Documents/COGAR/ros_ws/src/install/g1_description/share/g1_description/package.dsv'
[0.458s] INFO:colcon.colcon_core.shell:Creating package script '/home/samuisa/Documents/COGAR/ros_ws/src/install/g1_description/share/g1_description/package.sh'
[0.459s] INFO:colcon.colcon_core.shell:Creating package script '/home/samuisa/Documents/COGAR/ros_ws/src/install/g1_description/share/g1_description/package.bash'
[0.459s] INFO:colcon.colcon_core.shell:Creating package script '/home/samuisa/Documents/COGAR/ros_ws/src/install/g1_description/share/g1_description/package.zsh'
[0.459s] Level 1:colcon.colcon_core.environment:create_file_with_runtime_dependencies(/home/samuisa/Documents/COGAR/ros_ws/src/install/g1_description/share/colcon-core/packages/g1_description)
[0.460s] Level 1:colcon.colcon_core.environment:create_environment_scripts_only(g1_description)
[0.460s] Level 1:colcon.colcon_core.environment:checking '/home/samuisa/Documents/COGAR/ros_ws/src/install/g1_description' for CMake module files
[0.460s] Level 1:colcon.colcon_core.environment:checking '/home/samuisa/Documents/COGAR/ros_ws/src/install/g1_description' for CMake config files
[0.460s] Level 1:colcon.colcon_core.shell:create_environment_hook('g1_description', 'cmake_prefix_path')
[0.460s] INFO:colcon.colcon_core.shell:Creating environment hook '/home/samuisa/Documents/COGAR/ros_ws/src/install/g1_description/share/g1_description/hook/cmake_prefix_path.ps1'
[0.461s] INFO:colcon.colcon_core.shell:Creating environment descriptor '/home/samuisa/Documents/COGAR/ros_ws/src/install/g1_description/share/g1_description/hook/cmake_prefix_path.dsv'
[0.461s] INFO:colcon.colcon_core.shell:Creating environment hook '/home/samuisa/Documents/COGAR/ros_ws/src/install/g1_description/share/g1_description/hook/cmake_prefix_path.sh'
[0.461s] Level 1:colcon.colcon_core.environment:checking '/home/samuisa/Documents/COGAR/ros_ws/src/install/g1_description/bin'
[0.462s] Level 1:colcon.colcon_core.environment:checking '/home/samuisa/Documents/COGAR/ros_ws/src/install/g1_description/lib/pkgconfig/g1_description.pc'
[0.462s] Level 1:colcon.colcon_core.environment:checking '/home/samuisa/Documents/COGAR/ros_ws/src/install/g1_description/lib/python3.10/site-packages'
[0.462s] Level 1:colcon.colcon_core.environment:checking '/home/samuisa/Documents/COGAR/ros_ws/src/install/g1_description/bin'
[0.462s] INFO:colcon.colcon_core.shell:Creating package script '/home/samuisa/Documents/COGAR/ros_ws/src/install/g1_description/share/g1_description/package.ps1'
[0.463s] INFO:colcon.colcon_core.shell:Creating package descriptor '/home/samuisa/Documents/COGAR/ros_ws/src/install/g1_description/share/g1_description/package.dsv'
[0.463s] INFO:colcon.colcon_core.shell:Creating package script '/home/samuisa/Documents/COGAR/ros_ws/src/install/g1_description/share/g1_description/package.sh'
[0.463s] INFO:colcon.colcon_core.shell:Creating package script '/home/samuisa/Documents/COGAR/ros_ws/src/install/g1_description/share/g1_description/package.bash'
[0.464s] INFO:colcon.colcon_core.shell:Creating package script '/home/samuisa/Documents/COGAR/ros_ws/src/install/g1_description/share/g1_description/package.zsh'
[0.464s] Level 1:colcon.colcon_core.environment:create_file_with_runtime_dependencies(/home/samuisa/Documents/COGAR/ros_ws/src/install/g1_description/share/colcon-core/packages/g1_description)
[0.464s] DEBUG:colcon.colcon_parallel_executor.executor.parallel:closing loop
[0.465s] DEBUG:colcon.colcon_parallel_executor.executor.parallel:loop closed
[0.465s] DEBUG:colcon.colcon_parallel_executor.executor.parallel:run_until_complete finished with '0'
[0.465s] DEBUG:colcon.colcon_core.event_reactor:joining thread
[0.469s] INFO:colcon.colcon_core.plugin_system:Skipping extension 'colcon_notification.desktop_notification.terminal_notifier': Not used on non-Darwin systems
[0.469s] INFO:colcon.colcon_core.plugin_system:Skipping extension 'colcon_notification.desktop_notification.win32': Not used on non-Windows systems
[0.469s] INFO:colcon.colcon_notification.desktop_notification:Sending desktop notification using 'notify2'
[0.480s] DEBUG:colcon.colcon_core.event_reactor:joined thread
[0.480s] INFO:colcon.colcon_core.shell:Creating prefix script '/home/samuisa/Documents/COGAR/ros_ws/src/install/local_setup.ps1'
[0.481s] INFO:colcon.colcon_core.shell:Creating prefix util module '/home/samuisa/Documents/COGAR/ros_ws/src/install/_local_setup_util_ps1.py'
[0.483s] INFO:colcon.colcon_core.shell:Creating prefix chain script '/home/samuisa/Documents/COGAR/ros_ws/src/install/setup.ps1'
[0.484s] INFO:colcon.colcon_core.shell:Creating prefix script '/home/samuisa/Documents/COGAR/ros_ws/src/install/local_setup.sh'
[0.485s] INFO:colcon.colcon_core.shell:Creating prefix util module '/home/samuisa/Documents/COGAR/ros_ws/src/install/_local_setup_util_sh.py'
[0.486s] INFO:colcon.colcon_core.shell:Creating prefix chain script '/home/samuisa/Documents/COGAR/ros_ws/src/install/setup.sh'
[0.487s] INFO:colcon.colcon_core.shell:Creating prefix script '/home/samuisa/Documents/COGAR/ros_ws/src/install/local_setup.bash'
[0.488s] INFO:colcon.colcon_core.shell:Creating prefix chain script '/home/samuisa/Documents/COGAR/ros_ws/src/install/setup.bash'
[0.489s] INFO:colcon.colcon_core.shell:Creating prefix script '/home/samuisa/Documents/COGAR/ros_ws/src/install/local_setup.zsh'
[0.489s] INFO:colcon.colcon_core.shell:Creating prefix chain script '/home/samuisa/Documents/COGAR/ros_ws/src/install/setup.zsh'
