-- Install configuration: ""
-- Up-to-date: /home/samuisa/Documents/COGAR/ros_ws/install/g1_description/share/g1_description/launch
-- Up-to-date: /home/samuisa/Documents/COGAR/ros_ws/install/g1_description/share/g1_description/launch/check_joint.rviz
-- Up-to-date: /home/samuisa/Documents/COGAR/ros_ws/install/g1_description/share/g1_description/launch/display.launch
-- Up-to-date: /home/samuisa/Documents/COGAR/ros_ws/install/g1_description/share/g1_description/launch/gazebo.launch
-- Up-to-date: /home/samuisa/Documents/COGAR/ros_ws/install/g1_description/share/g1_description/meshes
-- Up-to-date: /home/samuisa/Documents/COGAR/ros_ws/install/g1_description/share/g1_description/meshes/left_wrist_yaw_link.STL
-- Up-to-date: /home/samuisa/Documents/COGAR/ros_ws/install/g1_description/share/g1_description/meshes/right_shoulder_yaw_link.STL
-- Up-to-date: /home/samuisa/Documents/COGAR/ros_ws/install/g1_description/share/g1_description/meshes/left_rubber_hand.STL
-- Up-to-date: /home/samuisa/Documents/COGAR/ros_ws/install/g1_description/share/g1_description/meshes/torso_link.STL
-- Up-to-date: /home/samuisa/Documents/COGAR/ros_ws/install/g1_description/share/g1_description/meshes/left_hip_roll_link.STL
-- Up-to-date: /home/samuisa/Documents/COGAR/ros_ws/install/g1_description/share/g1_description/meshes/right_shoulder_pitch_link.STL
-- Up-to-date: /home/samuisa/Documents/COGAR/ros_ws/install/g1_description/share/g1_description/meshes/right_ankle_roll_link.STL
-- Up-to-date: /home/samuisa/Documents/COGAR/ros_ws/install/g1_description/share/g1_description/meshes/right_shoulder_roll_link.STL
-- Up-to-date: /home/samuisa/Documents/COGAR/ros_ws/install/g1_description/share/g1_description/meshes/right_wrist_roll_link.STL
-- Up-to-date: /home/samuisa/Documents/COGAR/ros_ws/install/g1_description/share/g1_description/meshes/right_rubber_hand.STL
-- Up-to-date: /home/samuisa/Documents/COGAR/ros_ws/install/g1_description/share/g1_description/meshes/logo_link.STL
-- Up-to-date: /home/samuisa/Documents/COGAR/ros_ws/install/g1_description/share/g1_description/meshes/left_shoulder_roll_link.STL
-- Up-to-date: /home/samuisa/Documents/COGAR/ros_ws/install/g1_description/share/g1_description/meshes/pelvis.STL
-- Up-to-date: /home/samuisa/Documents/COGAR/ros_ws/install/g1_description/share/g1_description/meshes/left_ankle_pitch_link.STL
-- Up-to-date: /home/samuisa/Documents/COGAR/ros_ws/install/g1_description/share/g1_description/meshes/right_wrist_pitch_link.STL
-- Up-to-date: /home/samuisa/Documents/COGAR/ros_ws/install/g1_description/share/g1_description/meshes/pelvis_contour_link.STL
-- Up-to-date: /home/samuisa/Documents/COGAR/ros_ws/install/g1_description/share/g1_description/meshes/left_shoulder_yaw_link.STL
-- Up-to-date: /home/samuisa/Documents/COGAR/ros_ws/install/g1_description/share/g1_description/meshes/left_knee_link.STL
-- Up-to-date: /home/samuisa/Documents/COGAR/ros_ws/install/g1_description/share/g1_description/meshes/right_hip_pitch_link.STL
-- Up-to-date: /home/samuisa/Documents/COGAR/ros_ws/install/g1_description/share/g1_description/meshes/waist_support_link.STL
-- Up-to-date: /home/samuisa/Documents/COGAR/ros_ws/install/g1_description/share/g1_description/meshes/left_wrist_pitch_link.STL
-- Up-to-date: /home/samuisa/Documents/COGAR/ros_ws/install/g1_description/share/g1_description/meshes/left_wrist_roll_rubber_hand.STL
-- Up-to-date: /home/samuisa/Documents/COGAR/ros_ws/install/g1_description/share/g1_description/meshes/left_shoulder_pitch_link.STL
-- Up-to-date: /home/samuisa/Documents/COGAR/ros_ws/install/g1_description/share/g1_description/meshes/right_hip_roll_link.STL
-- Up-to-date: /home/samuisa/Documents/COGAR/ros_ws/install/g1_description/share/g1_description/meshes/right_elbow_link.STL
-- Up-to-date: /home/samuisa/Documents/COGAR/ros_ws/install/g1_description/share/g1_description/meshes/waist_yaw_link.STL
-- Up-to-date: /home/samuisa/Documents/COGAR/ros_ws/install/g1_description/share/g1_description/meshes/head_link.STL
-- Up-to-date: /home/samuisa/Documents/COGAR/ros_ws/install/g1_description/share/g1_description/meshes/left_wrist_roll_link.STL
-- Up-to-date: /home/samuisa/Documents/COGAR/ros_ws/install/g1_description/share/g1_description/meshes/left_elbow_link.STL
-- Up-to-date: /home/samuisa/Documents/COGAR/ros_ws/install/g1_description/share/g1_description/meshes/left_hip_pitch_link.STL
-- Up-to-date: /home/samuisa/Documents/COGAR/ros_ws/install/g1_description/share/g1_description/meshes/right_hip_yaw_link.STL
-- Up-to-date: /home/samuisa/Documents/COGAR/ros_ws/install/g1_description/share/g1_description/meshes/left_ankle_roll_link.STL
-- Up-to-date: /home/samuisa/Documents/COGAR/ros_ws/install/g1_description/share/g1_description/meshes/waist_roll_link.STL
-- Up-to-date: /home/samuisa/Documents/COGAR/ros_ws/install/g1_description/share/g1_description/meshes/left_hip_yaw_link.STL
-- Up-to-date: /home/samuisa/Documents/COGAR/ros_ws/install/g1_description/share/g1_description/meshes/right_wrist_roll_rubber_hand.STL
-- Up-to-date: /home/samuisa/Documents/COGAR/ros_ws/install/g1_description/share/g1_description/meshes/right_knee_link.STL
-- Up-to-date: /home/samuisa/Documents/COGAR/ros_ws/install/g1_description/share/g1_description/meshes/right_ankle_pitch_link.STL
-- Up-to-date: /home/samuisa/Documents/COGAR/ros_ws/install/g1_description/share/g1_description/meshes/right_wrist_yaw_link.STL
-- Up-to-date: /home/samuisa/Documents/COGAR/ros_ws/install/g1_description/share/g1_description/rsdf
-- Up-to-date: /home/samuisa/Documents/COGAR/ros_ws/install/g1_description/share/g1_description/rsdf/right_ankle_link.rsdf
-- Up-to-date: /home/samuisa/Documents/COGAR/ros_ws/install/g1_description/share/g1_description/rsdf/left_ankle_link.rsdf
-- Up-to-date: /home/samuisa/Documents/COGAR/ros_ws/install/g1_description/share/g1_description/urdf
-- Up-to-date: /home/samuisa/Documents/COGAR/ros_ws/install/g1_description/share/g1_description/urdf/g1_23dof.urdf
-- Up-to-date: /home/samuisa/Documents/COGAR/ros_ws/install/g1_description/share/g1_description/urdf/g1_29dof.urdf
-- Up-to-date: /home/samuisa/Documents/COGAR/ros_ws/install/g1_description/share/g1_description/config
-- Up-to-date: /home/samuisa/Documents/COGAR/ros_ws/install/g1_description/share/g1_description/config/ros2_controllers.yaml
-- Up-to-date: /home/samuisa/Documents/COGAR/ros_ws/install/g1_description/share/ament_index/resource_index/package_run_dependencies/g1_description
-- Up-to-date: /home/samuisa/Documents/COGAR/ros_ws/install/g1_description/share/ament_index/resource_index/parent_prefix_path/g1_description
-- Up-to-date: /home/samuisa/Documents/COGAR/ros_ws/install/g1_description/share/g1_description/environment/ament_prefix_path.sh
-- Up-to-date: /home/samuisa/Documents/COGAR/ros_ws/install/g1_description/share/g1_description/environment/ament_prefix_path.dsv
-- Up-to-date: /home/samuisa/Documents/COGAR/ros_ws/install/g1_description/share/g1_description/environment/path.sh
-- Up-to-date: /home/samuisa/Documents/COGAR/ros_ws/install/g1_description/share/g1_description/environment/path.dsv
-- Up-to-date: /home/samuisa/Documents/COGAR/ros_ws/install/g1_description/share/g1_description/local_setup.bash
-- Up-to-date: /home/samuisa/Documents/COGAR/ros_ws/install/g1_description/share/g1_description/local_setup.sh
-- Up-to-date: /home/samuisa/Documents/COGAR/ros_ws/install/g1_description/share/g1_description/local_setup.zsh
-- Up-to-date: /home/samuisa/Documents/COGAR/ros_ws/install/g1_description/share/g1_description/local_setup.dsv
-- Up-to-date: /home/samuisa/Documents/COGAR/ros_ws/install/g1_description/share/g1_description/package.dsv
-- Up-to-date: /home/samuisa/Documents/COGAR/ros_ws/install/g1_description/share/ament_index/resource_index/packages/g1_description
-- Up-to-date: /home/samuisa/Documents/COGAR/ros_ws/install/g1_description/share/g1_description/cmake/g1_description_INSTALL_PREFIX.cmake
-- Up-to-date: /home/samuisa/Documents/COGAR/ros_ws/install/g1_description/share/g1_description/cmake/g1_descriptionConfig.cmake
-- Up-to-date: /home/samuisa/Documents/COGAR/ros_ws/install/g1_description/share/g1_description/cmake/g1_descriptionConfig-version.cmake
-- Up-to-date: /home/samuisa/Documents/COGAR/ros_ws/install/g1_description/share/g1_description/package.xml
