[0.132s] Invoking command in '/home/samuisa/Documents/COGAR/ros_ws/build/g1_description': CMAKE_PREFIX_PATH=/opt/ros/humble /usr/bin/cmake --build /home/samuisa/Documents/COGAR/ros_ws/build/g1_description -- -j16 -l16
[1.031s] Invoked command in '/home/samuisa/Documents/COGAR/ros_ws/build/g1_description' returned '0': CMAKE_PREFIX_PATH=/opt/ros/humble /usr/bin/cmake --build /home/samuisa/Documents/COGAR/ros_ws/build/g1_description -- -j16 -l16
[1.056s] Invoking command in '/home/samuisa/Documents/COGAR/ros_ws/build/g1_description': CMAKE_PREFIX_PATH=/opt/ros/humble /usr/bin/cmake --install /home/samuisa/Documents/COGAR/ros_ws/build/g1_description
[1.073s] -- Install configuration: ""
[1.098s] -- Up-to-date: /home/samuisa/Documents/COGAR/ros_ws/install/g1_description/share/g1_description/launch
[1.098s] -- Up-to-date: /home/samuisa/Documents/COGAR/ros_ws/install/g1_description/share/g1_description/launch/check_joint.rviz
[1.098s] -- Up-to-date: /home/samuisa/Documents/COGAR/ros_ws/install/g1_description/share/g1_description/launch/display.launch
[1.098s] -- Up-to-date: /home/samuisa/Documents/COGAR/ros_ws/install/g1_description/share/g1_description/launch/gazebo.launch
[1.098s] -- Up-to-date: /home/samuisa/Documents/COGAR/ros_ws/install/g1_description/share/g1_description/meshes
[1.100s] -- Up-to-date: /home/samuisa/Documents/COGAR/ros_ws/install/g1_description/share/g1_description/meshes/left_wrist_yaw_link.STL
[1.101s] -- Up-to-date: /home/samuisa/Documents/COGAR/ros_ws/install/g1_description/share/g1_description/meshes/right_shoulder_yaw_link.STL
[1.101s] -- Up-to-date: /home/samuisa/Documents/COGAR/ros_ws/install/g1_description/share/g1_description/meshes/left_rubber_hand.STL
[1.101s] -- Up-to-date: /home/samuisa/Documents/COGAR/ros_ws/install/g1_description/share/g1_description/meshes/torso_link.STL
[1.101s] -- Up-to-date: /home/samuisa/Documents/COGAR/ros_ws/install/g1_description/share/g1_description/meshes/left_hip_roll_link.STL
[1.101s] -- Up-to-date: /home/samuisa/Documents/COGAR/ros_ws/install/g1_description/share/g1_description/meshes/right_shoulder_pitch_link.STL
[1.102s] -- Up-to-date: /home/samuisa/Documents/COGAR/ros_ws/install/g1_description/share/g1_description/meshes/right_ankle_roll_link.STL
[1.102s] -- Up-to-date: /home/samuisa/Documents/COGAR/ros_ws/install/g1_description/share/g1_description/meshes/right_shoulder_roll_link.STL
[1.102s] -- Up-to-date: /home/samuisa/Documents/COGAR/ros_ws/install/g1_description/share/g1_description/meshes/right_wrist_roll_link.STL
[1.102s] -- Up-to-date: /home/samuisa/Documents/COGAR/ros_ws/install/g1_description/share/g1_description/meshes/right_rubber_hand.STL
[1.102s] -- Up-to-date: /home/samuisa/Documents/COGAR/ros_ws/install/g1_description/share/g1_description/meshes/logo_link.STL
[1.102s] -- Up-to-date: /home/samuisa/Documents/COGAR/ros_ws/install/g1_description/share/g1_description/meshes/left_shoulder_roll_link.STL
[1.102s] -- Up-to-date: /home/samuisa/Documents/COGAR/ros_ws/install/g1_description/share/g1_description/meshes/pelvis.STL
[1.103s] -- Up-to-date: /home/samuisa/Documents/COGAR/ros_ws/install/g1_description/share/g1_description/meshes/left_ankle_pitch_link.STL
[1.103s] -- Up-to-date: /home/samuisa/Documents/COGAR/ros_ws/install/g1_description/share/g1_description/meshes/right_wrist_pitch_link.STL
[1.103s] -- Up-to-date: /home/samuisa/Documents/COGAR/ros_ws/install/g1_description/share/g1_description/meshes/pelvis_contour_link.STL
[1.103s] -- Up-to-date: /home/samuisa/Documents/COGAR/ros_ws/install/g1_description/share/g1_description/meshes/left_shoulder_yaw_link.STL
[1.103s] -- Up-to-date: /home/samuisa/Documents/COGAR/ros_ws/install/g1_description/share/g1_description/meshes/left_knee_link.STL
[1.103s] -- Up-to-date: /home/samuisa/Documents/COGAR/ros_ws/install/g1_description/share/g1_description/meshes/right_hip_pitch_link.STL
[1.103s] -- Up-to-date: /home/samuisa/Documents/COGAR/ros_ws/install/g1_description/share/g1_description/meshes/waist_support_link.STL
[1.103s] -- Up-to-date: /home/samuisa/Documents/COGAR/ros_ws/install/g1_description/share/g1_description/meshes/left_wrist_pitch_link.STL
[1.103s] -- Up-to-date: /home/samuisa/Documents/COGAR/ros_ws/install/g1_description/share/g1_description/meshes/left_wrist_roll_rubber_hand.STL
[1.104s] -- Up-to-date: /home/samuisa/Documents/COGAR/ros_ws/install/g1_description/share/g1_description/meshes/left_shoulder_pitch_link.STL
[1.104s] -- Up-to-date: /home/samuisa/Documents/COGAR/ros_ws/install/g1_description/share/g1_description/meshes/right_hip_roll_link.STL
[1.104s] -- Up-to-date: /home/samuisa/Documents/COGAR/ros_ws/install/g1_description/share/g1_description/meshes/right_elbow_link.STL
[1.104s] -- Up-to-date: /home/samuisa/Documents/COGAR/ros_ws/install/g1_description/share/g1_description/meshes/waist_yaw_link.STL
[1.105s] -- Up-to-date: /home/samuisa/Documents/COGAR/ros_ws/install/g1_description/share/g1_description/meshes/head_link.STL
[1.105s] -- Up-to-date: /home/samuisa/Documents/COGAR/ros_ws/install/g1_description/share/g1_description/meshes/left_wrist_roll_link.STL
[1.105s] -- Up-to-date: /home/samuisa/Documents/COGAR/ros_ws/install/g1_description/share/g1_description/meshes/left_elbow_link.STL
[1.105s] -- Up-to-date: /home/samuisa/Documents/COGAR/ros_ws/install/g1_description/share/g1_description/meshes/left_hip_pitch_link.STL
[1.105s] -- Up-to-date: /home/samuisa/Documents/COGAR/ros_ws/install/g1_description/share/g1_description/meshes/right_hip_yaw_link.STL
[1.105s] -- Up-to-date: /home/samuisa/Documents/COGAR/ros_ws/install/g1_description/share/g1_description/meshes/left_ankle_roll_link.STL
[1.106s] -- Up-to-date: /home/samuisa/Documents/COGAR/ros_ws/install/g1_description/share/g1_description/meshes/waist_roll_link.STL
[1.106s] -- Up-to-date: /home/samuisa/Documents/COGAR/ros_ws/install/g1_description/share/g1_description/meshes/left_hip_yaw_link.STL
[1.106s] -- Up-to-date: /home/samuisa/Documents/COGAR/ros_ws/install/g1_description/share/g1_description/meshes/right_wrist_roll_rubber_hand.STL
[1.106s] -- Up-to-date: /home/samuisa/Documents/COGAR/ros_ws/install/g1_description/share/g1_description/meshes/right_knee_link.STL
[1.106s] -- Up-to-date: /home/samuisa/Documents/COGAR/ros_ws/install/g1_description/share/g1_description/meshes/right_ankle_pitch_link.STL
[1.106s] -- Up-to-date: /home/samuisa/Documents/COGAR/ros_ws/install/g1_description/share/g1_description/meshes/right_wrist_yaw_link.STL
[1.106s] -- Up-to-date: /home/samuisa/Documents/COGAR/ros_ws/install/g1_description/share/g1_description/rsdf
[1.107s] -- Up-to-date: /home/samuisa/Documents/COGAR/ros_ws/install/g1_description/share/g1_description/rsdf/right_ankle_link.rsdf
[1.107s] -- Up-to-date: /home/samuisa/Documents/COGAR/ros_ws/install/g1_description/share/g1_description/rsdf/left_ankle_link.rsdf
[1.107s] -- Up-to-date: /home/samuisa/Documents/COGAR/ros_ws/install/g1_description/share/g1_description/urdf
[1.107s] -- Up-to-date: /home/samuisa/Documents/COGAR/ros_ws/install/g1_description/share/g1_description/urdf/g1_23dof.urdf
[1.107s] -- Up-to-date: /home/samuisa/Documents/COGAR/ros_ws/install/g1_description/share/g1_description/urdf/g1_29dof.urdf
[1.107s] -- Up-to-date: /home/samuisa/Documents/COGAR/ros_ws/install/g1_description/share/g1_description/config
[1.107s] -- Up-to-date: /home/samuisa/Documents/COGAR/ros_ws/install/g1_description/share/g1_description/config/ros2_controllers.yaml
[1.108s] -- Up-to-date: /home/samuisa/Documents/COGAR/ros_ws/install/g1_description/share/ament_index/resource_index/package_run_dependencies/g1_description
[1.108s] -- Up-to-date: /home/samuisa/Documents/COGAR/ros_ws/install/g1_description/share/ament_index/resource_index/parent_prefix_path/g1_description
[1.108s] -- Up-to-date: /home/samuisa/Documents/COGAR/ros_ws/install/g1_description/share/g1_description/environment/ament_prefix_path.sh
[1.108s] -- Up-to-date: /home/samuisa/Documents/COGAR/ros_ws/install/g1_description/share/g1_description/environment/ament_prefix_path.dsv
[1.108s] -- Up-to-date: /home/samuisa/Documents/COGAR/ros_ws/install/g1_description/share/g1_description/environment/path.sh
[1.108s] -- Up-to-date: /home/samuisa/Documents/COGAR/ros_ws/install/g1_description/share/g1_description/environment/path.dsv
[1.108s] -- Up-to-date: /home/samuisa/Documents/COGAR/ros_ws/install/g1_description/share/g1_description/local_setup.bash
[1.109s] -- Up-to-date: /home/samuisa/Documents/COGAR/ros_ws/install/g1_description/share/g1_description/local_setup.sh
[1.109s] -- Up-to-date: /home/samuisa/Documents/COGAR/ros_ws/install/g1_description/share/g1_description/local_setup.zsh
[1.109s] -- Up-to-date: /home/samuisa/Documents/COGAR/ros_ws/install/g1_description/share/g1_description/local_setup.dsv
[1.109s] -- Up-to-date: /home/samuisa/Documents/COGAR/ros_ws/install/g1_description/share/g1_description/package.dsv
[1.109s] -- Up-to-date: /home/samuisa/Documents/COGAR/ros_ws/install/g1_description/share/ament_index/resource_index/packages/g1_description
[1.109s] -- Up-to-date: /home/samuisa/Documents/COGAR/ros_ws/install/g1_description/share/g1_description/cmake/g1_description_INSTALL_PREFIX.cmake
[1.109s] -- Up-to-date: /home/samuisa/Documents/COGAR/ros_ws/install/g1_description/share/g1_description/cmake/g1_descriptionConfig.cmake
[1.110s] -- Up-to-date: /home/samuisa/Documents/COGAR/ros_ws/install/g1_description/share/g1_description/cmake/g1_descriptionConfig-version.cmake
[1.110s] -- Up-to-date: /home/samuisa/Documents/COGAR/ros_ws/install/g1_description/share/g1_description/package.xml
[1.424s] Invoked command in '/home/samuisa/Documents/COGAR/ros_ws/build/g1_description' returned '0': CMAKE_PREFIX_PATH=/opt/ros/humble /usr/bin/cmake --install /home/samuisa/Documents/COGAR/ros_ws/build/g1_description
