[0.120s] Invoking command in '/home/samuisa/Documents/COGAR/ros_ws/build/bme_gazebo_sensors': CMAKE_PREFIX_PATH=/opt/ros/humble /usr/bin/cmake --build /home/samuisa/Documents/COGAR/ros_ws/build/bme_gazebo_sensors -- -j16 -l16
[1.065s] Invoked command in '/home/samuisa/Documents/COGAR/ros_ws/build/bme_gazebo_sensors' returned '0': CMAKE_PREFIX_PATH=/opt/ros/humble /usr/bin/cmake --build /home/samuisa/Documents/COGAR/ros_ws/build/bme_gazebo_sensors -- -j16 -l16
[1.096s] Invoking command in '/home/samuisa/Documents/COGAR/ros_ws/build/bme_gazebo_sensors': CMAKE_PREFIX_PATH=/opt/ros/humble /usr/bin/cmake --install /home/samuisa/Documents/COGAR/ros_ws/build/bme_gazebo_sensors
[1.102s] -- Install configuration: ""
[1.105s] -- Up-to-date: /home/samuisa/Documents/COGAR/ros_ws/install/bme_gazebo_sensors/share/bme_gazebo_sensors/launch
[1.105s] -- Up-to-date: /home/samuisa/Documents/COGAR/ros_ws/install/bme_gazebo_sensors/share/bme_gazebo_sensors/launch/world.launch.py
[1.105s] -- Up-to-date: /home/samuisa/Documents/COGAR/ros_ws/install/bme_gazebo_sensors/share/bme_gazebo_sensors/launch/spawn_robot_ex.launch.py
[1.105s] -- Up-to-date: /home/samuisa/Documents/COGAR/ros_ws/install/bme_gazebo_sensors/share/bme_gazebo_sensors/launch/spawn_robot.launch.py
[1.105s] -- Up-to-date: /home/samuisa/Documents/COGAR/ros_ws/install/bme_gazebo_sensors/share/bme_gazebo_sensors/worlds
[1.106s] -- Up-to-date: /home/samuisa/Documents/COGAR/ros_ws/install/bme_gazebo_sensors/share/bme_gazebo_sensors/worlds/small_house.sdf
[1.106s] -- Up-to-date: /home/samuisa/Documents/COGAR/ros_ws/install/bme_gazebo_sensors/share/bme_gazebo_sensors/worlds/world.sdf
[1.106s] -- Up-to-date: /home/samuisa/Documents/COGAR/ros_ws/install/bme_gazebo_sensors/share/bme_gazebo_sensors/worlds/home.sdf
[1.106s] -- Up-to-date: /home/samuisa/Documents/COGAR/ros_ws/install/bme_gazebo_sensors/share/bme_gazebo_sensors/worlds/world_empty.sdf
[1.106s] -- Up-to-date: /home/samuisa/Documents/COGAR/ros_ws/install/bme_gazebo_sensors/share/bme_gazebo_sensors/worlds/my_world.sdf
[1.106s] -- Up-to-date: /home/samuisa/Documents/COGAR/ros_ws/install/bme_gazebo_sensors/share/bme_gazebo_sensors/worlds/my.sdf
[1.106s] -- Up-to-date: /home/samuisa/Documents/COGAR/ros_ws/install/bme_gazebo_sensors/share/bme_gazebo_sensors/rviz
[1.106s] -- Up-to-date: /home/samuisa/Documents/COGAR/ros_ws/install/bme_gazebo_sensors/share/bme_gazebo_sensors/rviz/urdf.rviz
[1.106s] -- Up-to-date: /home/samuisa/Documents/COGAR/ros_ws/install/bme_gazebo_sensors/share/bme_gazebo_sensors/rviz/gps.rviz
[1.106s] -- Up-to-date: /home/samuisa/Documents/COGAR/ros_ws/install/bme_gazebo_sensors/share/bme_gazebo_sensors/rviz/rviz.rviz
[1.106s] -- Up-to-date: /home/samuisa/Documents/COGAR/ros_ws/install/bme_gazebo_sensors/share/bme_gazebo_sensors/urdf
[1.107s] -- Up-to-date: /home/samuisa/Documents/COGAR/ros_ws/install/bme_gazebo_sensors/share/bme_gazebo_sensors/urdf/materials.xacro
[1.107s] -- Up-to-date: /home/samuisa/Documents/COGAR/ros_ws/install/bme_gazebo_sensors/share/bme_gazebo_sensors/urdf/mogi_bot.gazebo
[1.107s] -- Up-to-date: /home/samuisa/Documents/COGAR/ros_ws/install/bme_gazebo_sensors/share/bme_gazebo_sensors/urdf/mogi_bot.urdf
[1.107s] -- Up-to-date: /home/samuisa/Documents/COGAR/ros_ws/install/bme_gazebo_sensors/share/bme_gazebo_sensors/meshes
[1.107s] -- Up-to-date: /home/samuisa/Documents/COGAR/ros_ws/install/bme_gazebo_sensors/share/bme_gazebo_sensors/meshes/lidar.dae
[1.107s] -- Up-to-date: /home/samuisa/Documents/COGAR/ros_ws/install/bme_gazebo_sensors/share/bme_gazebo_sensors/meshes/mogi_bot.dae
[1.107s] -- Up-to-date: /home/samuisa/Documents/COGAR/ros_ws/install/bme_gazebo_sensors/share/bme_gazebo_sensors/meshes/wheel.dae
[1.107s] -- Up-to-date: /home/samuisa/Documents/COGAR/ros_ws/install/bme_gazebo_sensors/share/bme_gazebo_sensors/config
[1.107s] -- Up-to-date: /home/samuisa/Documents/COGAR/ros_ws/install/bme_gazebo_sensors/share/bme_gazebo_sensors/config/ekf.yaml
[1.107s] -- Up-to-date: /home/samuisa/Documents/COGAR/ros_ws/install/bme_gazebo_sensors/share/ament_index/resource_index/package_run_dependencies/bme_gazebo_sensors
[1.107s] -- Up-to-date: /home/samuisa/Documents/COGAR/ros_ws/install/bme_gazebo_sensors/share/ament_index/resource_index/parent_prefix_path/bme_gazebo_sensors
[1.108s] -- Up-to-date: /home/samuisa/Documents/COGAR/ros_ws/install/bme_gazebo_sensors/share/bme_gazebo_sensors/environment/ament_prefix_path.sh
[1.108s] -- Up-to-date: /home/samuisa/Documents/COGAR/ros_ws/install/bme_gazebo_sensors/share/bme_gazebo_sensors/environment/ament_prefix_path.dsv
[1.108s] -- Up-to-date: /home/samuisa/Documents/COGAR/ros_ws/install/bme_gazebo_sensors/share/bme_gazebo_sensors/environment/path.sh
[1.108s] -- Up-to-date: /home/samuisa/Documents/COGAR/ros_ws/install/bme_gazebo_sensors/share/bme_gazebo_sensors/environment/path.dsv
[1.110s] -- Up-to-date: /home/samuisa/Documents/COGAR/ros_ws/install/bme_gazebo_sensors/share/bme_gazebo_sensors/local_setup.bash
[1.110s] -- Up-to-date: /home/samuisa/Documents/COGAR/ros_ws/install/bme_gazebo_sensors/share/bme_gazebo_sensors/local_setup.sh
[1.110s] -- Up-to-date: /home/samuisa/Documents/COGAR/ros_ws/install/bme_gazebo_sensors/share/bme_gazebo_sensors/local_setup.zsh
[1.111s] -- Up-to-date: /home/samuisa/Documents/COGAR/ros_ws/install/bme_gazebo_sensors/share/bme_gazebo_sensors/local_setup.dsv
[1.111s] -- Up-to-date: /home/samuisa/Documents/COGAR/ros_ws/install/bme_gazebo_sensors/share/bme_gazebo_sensors/package.dsv
[1.111s] -- Up-to-date: /home/samuisa/Documents/COGAR/ros_ws/install/bme_gazebo_sensors/share/ament_index/resource_index/packages/bme_gazebo_sensors
[1.111s] -- Up-to-date: /home/samuisa/Documents/COGAR/ros_ws/install/bme_gazebo_sensors/share/bme_gazebo_sensors/cmake/bme_gazebo_sensorsConfig.cmake
[1.112s] -- Up-to-date: /home/samuisa/Documents/COGAR/ros_ws/install/bme_gazebo_sensors/share/bme_gazebo_sensors/cmake/bme_gazebo_sensorsConfig-version.cmake
[1.112s] -- Up-to-date: /home/samuisa/Documents/COGAR/ros_ws/install/bme_gazebo_sensors/share/bme_gazebo_sensors/package.xml
[1.117s] Invoked command in '/home/samuisa/Documents/COGAR/ros_ws/build/bme_gazebo_sensors' returned '0': CMAKE_PREFIX_PATH=/opt/ros/humble /usr/bin/cmake --install /home/samuisa/Documents/COGAR/ros_ws/build/bme_gazebo_sensors
