[4.853s] DEBUG:colcon:Command line arguments: ['/usr/bin/colcon', 'build']
[4.853s] DEBUG:colcon:Parsed command line arguments: Namespace(log_base=None, log_level=None, verb_name='build', build_base='build', install_base='install', merge_install=False, symlink_install=False, test_result_base=None, continue_on_error=False, executor='parallel', parallel_workers=16, event_handlers=None, ignore_user_meta=False, metas=['./colcon.meta'], base_paths=['.'], packages_ignore=None, packages_ignore_regex=None, paths=None, packages_up_to=None, packages_up_to_regex=None, packages_above=None, packages_above_and_dependencies=None, packages_above_depth=None, packages_select_by_dep=None, packages_skip_by_dep=None, packages_skip_up_to=None, packages_select_build_failed=False, packages_skip_build_finished=False, packages_select_test_failures=False, packages_skip_test_passed=False, packages_select=None, packages_skip=None, packages_select_regex=None, packages_skip_regex=None, packages_start=None, packages_end=None, allow_overriding=[], cmake_args=None, cmake_target=None, cmake_target_skip_unavailable=False, cmake_clean_cache=False, cmake_clean_first=False, cmake_force_configure=False, ament_cmake_args=None, catkin_cmake_args=None, catkin_skip_building_tests=False, mixin_files=None, mixin=None, verb_parser=<colcon_mixin.mixin.mixin_argument.MixinArgumentDecorator object at 0x74cf22951e40>, verb_extension=<colcon_core.verb.build.BuildVerb object at 0x74cf22a62d70>, main=<bound method BuildVerb.main of <colcon_core.verb.build.BuildVerb object at 0x74cf22a62d70>>, mixin_verb=('build',))
[9.282s] Level 1:colcon.colcon_core.package_discovery:discover_packages(colcon_meta) check parameters
[9.282s] Level 1:colcon.colcon_core.package_discovery:discover_packages(recursive) check parameters
[9.282s] Level 1:colcon.colcon_core.package_discovery:discover_packages(ignore) check parameters
[9.282s] Level 1:colcon.colcon_core.package_discovery:discover_packages(path) check parameters
[9.282s] Level 1:colcon.colcon_core.package_discovery:discover_packages(colcon_meta) discover
[9.282s] Level 1:colcon.colcon_core.package_discovery:discover_packages(recursive) discover
[9.283s] INFO:colcon.colcon_core.package_discovery:Crawling recursively for packages in '/home/samuisa/Documents/COGAR/ros_ws'
[9.283s] Level 1:colcon.colcon_core.package_identification:_identify(.) by extensions ['ignore', 'ignore_ament_install']
[9.283s] Level 1:colcon.colcon_core.package_identification:_identify(.) by extension 'ignore'
[9.284s] Level 1:colcon.colcon_core.package_identification:_identify(.) by extension 'ignore_ament_install'
[9.284s] Level 1:colcon.colcon_core.package_identification:_identify(.) by extensions ['colcon_pkg']
[9.284s] Level 1:colcon.colcon_core.package_identification:_identify(.) by extension 'colcon_pkg'
[9.284s] Level 1:colcon.colcon_core.package_identification:_identify(.) by extensions ['colcon_meta']
[9.284s] Level 1:colcon.colcon_core.package_identification:_identify(.) by extension 'colcon_meta'
[9.284s] Level 1:colcon.colcon_core.package_identification:_identify(.) by extensions ['ros']
[9.284s] Level 1:colcon.colcon_core.package_identification:_identify(.) by extension 'ros'
[9.349s] Level 1:colcon.colcon_core.package_identification:_identify(.) by extensions ['cmake', 'python']
[9.349s] Level 1:colcon.colcon_core.package_identification:_identify(.) by extension 'cmake'
[9.349s] Level 1:colcon.colcon_core.package_identification:_identify(.) by extension 'python'
[9.350s] Level 1:colcon.colcon_core.package_identification:_identify(.) by extensions ['python_setup_py']
[9.350s] Level 1:colcon.colcon_core.package_identification:_identify(.) by extension 'python_setup_py'
[9.350s] Level 1:colcon.colcon_core.package_identification:_identify(build) by extensions ['ignore', 'ignore_ament_install']
[9.350s] Level 1:colcon.colcon_core.package_identification:_identify(build) by extension 'ignore'
[9.350s] Level 1:colcon.colcon_core.package_identification:_identify(build) ignored
[9.351s] Level 1:colcon.colcon_core.package_identification:_identify(install) by extensions ['ignore', 'ignore_ament_install']
[9.351s] Level 1:colcon.colcon_core.package_identification:_identify(install) by extension 'ignore'
[9.351s] Level 1:colcon.colcon_core.package_identification:_identify(install) ignored
[9.351s] Level 1:colcon.colcon_core.package_identification:_identify(log) by extensions ['ignore', 'ignore_ament_install']
[9.351s] Level 1:colcon.colcon_core.package_identification:_identify(log) by extension 'ignore'
[9.351s] Level 1:colcon.colcon_core.package_identification:_identify(log) ignored
[9.351s] Level 1:colcon.colcon_core.package_identification:_identify(src) by extensions ['ignore', 'ignore_ament_install']
[9.352s] Level 1:colcon.colcon_core.package_identification:_identify(src) by extension 'ignore'
[9.352s] Level 1:colcon.colcon_core.package_identification:_identify(src) by extension 'ignore_ament_install'
[9.352s] Level 1:colcon.colcon_core.package_identification:_identify(src) by extensions ['colcon_pkg']
[9.352s] Level 1:colcon.colcon_core.package_identification:_identify(src) by extension 'colcon_pkg'
[9.352s] Level 1:colcon.colcon_core.package_identification:_identify(src) by extensions ['colcon_meta']
[9.352s] Level 1:colcon.colcon_core.package_identification:_identify(src) by extension 'colcon_meta'
[9.352s] Level 1:colcon.colcon_core.package_identification:_identify(src) by extensions ['ros']
[9.352s] Level 1:colcon.colcon_core.package_identification:_identify(src) by extension 'ros'
[9.353s] Level 1:colcon.colcon_core.package_identification:_identify(src) by extensions ['cmake', 'python']
[9.353s] Level 1:colcon.colcon_core.package_identification:_identify(src) by extension 'cmake'
[9.353s] Level 1:colcon.colcon_core.package_identification:_identify(src) by extension 'python'
[9.353s] Level 1:colcon.colcon_core.package_identification:_identify(src) by extensions ['python_setup_py']
[9.353s] Level 1:colcon.colcon_core.package_identification:_identify(src) by extension 'python_setup_py'
[9.353s] Level 1:colcon.colcon_core.package_identification:_identify(src/aws-robomaker-small-house-world) by extensions ['ignore', 'ignore_ament_install']
[9.353s] Level 1:colcon.colcon_core.package_identification:_identify(src/aws-robomaker-small-house-world) by extension 'ignore'
[9.354s] Level 1:colcon.colcon_core.package_identification:_identify(src/aws-robomaker-small-house-world) by extension 'ignore_ament_install'
[9.354s] Level 1:colcon.colcon_core.package_identification:_identify(src/aws-robomaker-small-house-world) by extensions ['colcon_pkg']
[9.354s] Level 1:colcon.colcon_core.package_identification:_identify(src/aws-robomaker-small-house-world) by extension 'colcon_pkg'
[9.354s] Level 1:colcon.colcon_core.package_identification:_identify(src/aws-robomaker-small-house-world) by extensions ['colcon_meta']
[9.354s] Level 1:colcon.colcon_core.package_identification:_identify(src/aws-robomaker-small-house-world) by extension 'colcon_meta'
[9.354s] Level 1:colcon.colcon_core.package_identification:_identify(src/aws-robomaker-small-house-world) by extensions ['ros']
[9.354s] Level 1:colcon.colcon_core.package_identification:_identify(src/aws-robomaker-small-house-world) by extension 'ros'
[9.407s] DEBUG:colcon.colcon_core.package_identification:Package 'src/aws-robomaker-small-house-world' with type 'ros.ament_cmake' and name 'aws_robomaker_small_house_world'
[9.407s] Level 1:colcon.colcon_core.package_identification:_identify(src/bme_gazebo_sensors) by extensions ['ignore', 'ignore_ament_install']
[9.408s] Level 1:colcon.colcon_core.package_identification:_identify(src/bme_gazebo_sensors) by extension 'ignore'
[9.408s] Level 1:colcon.colcon_core.package_identification:_identify(src/bme_gazebo_sensors) by extension 'ignore_ament_install'
[9.408s] Level 1:colcon.colcon_core.package_identification:_identify(src/bme_gazebo_sensors) by extensions ['colcon_pkg']
[9.408s] Level 1:colcon.colcon_core.package_identification:_identify(src/bme_gazebo_sensors) by extension 'colcon_pkg'
[9.408s] Level 1:colcon.colcon_core.package_identification:_identify(src/bme_gazebo_sensors) by extensions ['colcon_meta']
[9.408s] Level 1:colcon.colcon_core.package_identification:_identify(src/bme_gazebo_sensors) by extension 'colcon_meta'
[9.408s] Level 1:colcon.colcon_core.package_identification:_identify(src/bme_gazebo_sensors) by extensions ['ros']
[9.408s] Level 1:colcon.colcon_core.package_identification:_identify(src/bme_gazebo_sensors) by extension 'ros'
[9.420s] DEBUG:colcon.colcon_core.package_identification:Package 'src/bme_gazebo_sensors' with type 'ros.ament_cmake' and name 'bme_gazebo_sensors'
[9.421s] Level 1:colcon.colcon_core.package_identification:_identify(src/build) by extensions ['ignore', 'ignore_ament_install']
[9.421s] Level 1:colcon.colcon_core.package_identification:_identify(src/build) by extension 'ignore'
[9.421s] Level 1:colcon.colcon_core.package_identification:_identify(src/build) ignored
[9.421s] Level 1:colcon.colcon_core.package_identification:_identify(src/g1_description) by extensions ['ignore', 'ignore_ament_install']
[9.421s] Level 1:colcon.colcon_core.package_identification:_identify(src/g1_description) by extension 'ignore'
[9.421s] Level 1:colcon.colcon_core.package_identification:_identify(src/g1_description) by extension 'ignore_ament_install'
[9.422s] Level 1:colcon.colcon_core.package_identification:_identify(src/g1_description) by extensions ['colcon_pkg']
[9.422s] Level 1:colcon.colcon_core.package_identification:_identify(src/g1_description) by extension 'colcon_pkg'
[9.422s] Level 1:colcon.colcon_core.package_identification:_identify(src/g1_description) by extensions ['colcon_meta']
[9.422s] Level 1:colcon.colcon_core.package_identification:_identify(src/g1_description) by extension 'colcon_meta'
[9.422s] Level 1:colcon.colcon_core.package_identification:_identify(src/g1_description) by extensions ['ros']
[9.422s] Level 1:colcon.colcon_core.package_identification:_identify(src/g1_description) by extension 'ros'
[9.447s] DEBUG:colcon.colcon_core.package_identification:Package 'src/g1_description' with type 'ros.ament_cmake' and name 'g1_description'
[9.448s] Level 1:colcon.colcon_core.package_identification:_identify(src/install) by extensions ['ignore', 'ignore_ament_install']
[9.448s] Level 1:colcon.colcon_core.package_identification:_identify(src/install) by extension 'ignore'
[9.448s] Level 1:colcon.colcon_core.package_identification:_identify(src/install) ignored
[9.448s] Level 1:colcon.colcon_core.package_identification:_identify(src/log) by extensions ['ignore', 'ignore_ament_install']
[9.448s] Level 1:colcon.colcon_core.package_identification:_identify(src/log) by extension 'ignore'
[9.448s] Level 1:colcon.colcon_core.package_identification:_identify(src/log) ignored
[9.448s] Level 1:colcon.colcon_core.package_discovery:discover_packages(recursive) using defaults
[9.449s] Level 1:colcon.colcon_core.package_discovery:discover_packages(ignore) discover
[9.449s] Level 1:colcon.colcon_core.package_discovery:discover_packages(ignore) using defaults
[9.449s] Level 1:colcon.colcon_core.package_discovery:discover_packages(path) discover
[9.449s] Level 1:colcon.colcon_core.package_discovery:discover_packages(path) using defaults
[9.790s] Level 1:colcon.colcon_core.package_discovery:discover_packages(prefix_path) check parameters
[9.790s] Level 1:colcon.colcon_core.package_discovery:discover_packages(prefix_path) discover
[9.818s] DEBUG:colcon.colcon_installed_package_information.package_discovery:Found 389 installed packages in /opt/ros/humble
[9.822s] Level 1:colcon.colcon_core.package_discovery:discover_packages(prefix_path) using defaults
[9.896s] Level 5:colcon.colcon_core.verb:set package 'aws_robomaker_small_house_world' build argument 'cmake_args' from command line to 'None'
[9.896s] Level 5:colcon.colcon_core.verb:set package 'aws_robomaker_small_house_world' build argument 'cmake_target' from command line to 'None'
[9.896s] Level 5:colcon.colcon_core.verb:set package 'aws_robomaker_small_house_world' build argument 'cmake_target_skip_unavailable' from command line to 'False'
[9.896s] Level 5:colcon.colcon_core.verb:set package 'aws_robomaker_small_house_world' build argument 'cmake_clean_cache' from command line to 'False'
[9.896s] Level 5:colcon.colcon_core.verb:set package 'aws_robomaker_small_house_world' build argument 'cmake_clean_first' from command line to 'False'
[9.896s] Level 5:colcon.colcon_core.verb:set package 'aws_robomaker_small_house_world' build argument 'cmake_force_configure' from command line to 'False'
[9.896s] Level 5:colcon.colcon_core.verb:set package 'aws_robomaker_small_house_world' build argument 'ament_cmake_args' from command line to 'None'
[9.896s] Level 5:colcon.colcon_core.verb:set package 'aws_robomaker_small_house_world' build argument 'catkin_cmake_args' from command line to 'None'
[9.896s] Level 5:colcon.colcon_core.verb:set package 'aws_robomaker_small_house_world' build argument 'catkin_skip_building_tests' from command line to 'False'
[9.896s] DEBUG:colcon.colcon_core.verb:Building package 'aws_robomaker_small_house_world' with the following arguments: {'ament_cmake_args': None, 'build_base': '/home/samuisa/Documents/COGAR/ros_ws/build/aws_robomaker_small_house_world', 'catkin_cmake_args': None, 'catkin_skip_building_tests': False, 'cmake_args': None, 'cmake_clean_cache': False, 'cmake_clean_first': False, 'cmake_force_configure': False, 'cmake_target': None, 'cmake_target_skip_unavailable': False, 'install_base': '/home/samuisa/Documents/COGAR/ros_ws/install/aws_robomaker_small_house_world', 'merge_install': False, 'path': '/home/samuisa/Documents/COGAR/ros_ws/src/aws-robomaker-small-house-world', 'symlink_install': False, 'test_result_base': None}
[9.897s] Level 5:colcon.colcon_core.verb:set package 'bme_gazebo_sensors' build argument 'cmake_args' from command line to 'None'
[9.897s] Level 5:colcon.colcon_core.verb:set package 'bme_gazebo_sensors' build argument 'cmake_target' from command line to 'None'
[9.897s] Level 5:colcon.colcon_core.verb:set package 'bme_gazebo_sensors' build argument 'cmake_target_skip_unavailable' from command line to 'False'
[9.897s] Level 5:colcon.colcon_core.verb:set package 'bme_gazebo_sensors' build argument 'cmake_clean_cache' from command line to 'False'
[9.897s] Level 5:colcon.colcon_core.verb:set package 'bme_gazebo_sensors' build argument 'cmake_clean_first' from command line to 'False'
[9.897s] Level 5:colcon.colcon_core.verb:set package 'bme_gazebo_sensors' build argument 'cmake_force_configure' from command line to 'False'
[9.897s] Level 5:colcon.colcon_core.verb:set package 'bme_gazebo_sensors' build argument 'ament_cmake_args' from command line to 'None'
[9.897s] Level 5:colcon.colcon_core.verb:set package 'bme_gazebo_sensors' build argument 'catkin_cmake_args' from command line to 'None'
[9.897s] Level 5:colcon.colcon_core.verb:set package 'bme_gazebo_sensors' build argument 'catkin_skip_building_tests' from command line to 'False'
[9.897s] DEBUG:colcon.colcon_core.verb:Building package 'bme_gazebo_sensors' with the following arguments: {'ament_cmake_args': None, 'build_base': '/home/samuisa/Documents/COGAR/ros_ws/build/bme_gazebo_sensors', 'catkin_cmake_args': None, 'catkin_skip_building_tests': False, 'cmake_args': None, 'cmake_clean_cache': False, 'cmake_clean_first': False, 'cmake_force_configure': False, 'cmake_target': None, 'cmake_target_skip_unavailable': False, 'install_base': '/home/samuisa/Documents/COGAR/ros_ws/install/bme_gazebo_sensors', 'merge_install': False, 'path': '/home/samuisa/Documents/COGAR/ros_ws/src/bme_gazebo_sensors', 'symlink_install': False, 'test_result_base': None}
[9.897s] Level 5:colcon.colcon_core.verb:set package 'g1_description' build argument 'cmake_args' from command line to 'None'
[9.897s] Level 5:colcon.colcon_core.verb:set package 'g1_description' build argument 'cmake_target' from command line to 'None'
[9.897s] Level 5:colcon.colcon_core.verb:set package 'g1_description' build argument 'cmake_target_skip_unavailable' from command line to 'False'
[9.897s] Level 5:colcon.colcon_core.verb:set package 'g1_description' build argument 'cmake_clean_cache' from command line to 'False'
[9.897s] Level 5:colcon.colcon_core.verb:set package 'g1_description' build argument 'cmake_clean_first' from command line to 'False'
[9.897s] Level 5:colcon.colcon_core.verb:set package 'g1_description' build argument 'cmake_force_configure' from command line to 'False'
[9.897s] Level 5:colcon.colcon_core.verb:set package 'g1_description' build argument 'ament_cmake_args' from command line to 'None'
[9.897s] Level 5:colcon.colcon_core.verb:set package 'g1_description' build argument 'catkin_cmake_args' from command line to 'None'
[9.897s] Level 5:colcon.colcon_core.verb:set package 'g1_description' build argument 'catkin_skip_building_tests' from command line to 'False'
[9.897s] DEBUG:colcon.colcon_core.verb:Building package 'g1_description' with the following arguments: {'ament_cmake_args': None, 'build_base': '/home/samuisa/Documents/COGAR/ros_ws/build/g1_description', 'catkin_cmake_args': None, 'catkin_skip_building_tests': False, 'cmake_args': None, 'cmake_clean_cache': False, 'cmake_clean_first': False, 'cmake_force_configure': False, 'cmake_target': None, 'cmake_target_skip_unavailable': False, 'install_base': '/home/samuisa/Documents/COGAR/ros_ws/install/g1_description', 'merge_install': False, 'path': '/home/samuisa/Documents/COGAR/ros_ws/src/g1_description', 'symlink_install': False, 'test_result_base': None}
[9.897s] INFO:colcon.colcon_core.executor:Executing jobs using 'parallel' executor
[9.898s] DEBUG:colcon.colcon_parallel_executor.executor.parallel:run_until_complete
[9.899s] INFO:colcon.colcon_ros.task.ament_cmake.build:Building ROS package in '/home/samuisa/Documents/COGAR/ros_ws/src/aws-robomaker-small-house-world' with build type 'ament_cmake'
[9.899s] INFO:colcon.colcon_cmake.task.cmake.build:Building CMake package in '/home/samuisa/Documents/COGAR/ros_ws/src/aws-robomaker-small-house-world'
[9.959s] INFO:colcon.colcon_core.plugin_system:Skipping extension 'colcon_core.shell.bat': Not used on non-Windows systems
[9.959s] INFO:colcon.colcon_core.shell:Skip shell extension 'powershell' for command environment: Not usable outside of PowerShell
[9.959s] DEBUG:colcon.colcon_core.shell:Skip shell extension 'dsv' for command environment
[9.973s] INFO:colcon.colcon_ros.task.ament_cmake.build:Building ROS package in '/home/samuisa/Documents/COGAR/ros_ws/src/bme_gazebo_sensors' with build type 'ament_cmake'
[9.973s] INFO:colcon.colcon_cmake.task.cmake.build:Building CMake package in '/home/samuisa/Documents/COGAR/ros_ws/src/bme_gazebo_sensors'
[9.974s] INFO:colcon.colcon_core.shell:Skip shell extension 'powershell' for command environment: Not usable outside of PowerShell
[9.974s] DEBUG:colcon.colcon_core.shell:Skip shell extension 'dsv' for command environment
[9.981s] INFO:colcon.colcon_ros.task.ament_cmake.build:Building ROS package in '/home/samuisa/Documents/COGAR/ros_ws/src/g1_description' with build type 'ament_cmake'
[9.981s] INFO:colcon.colcon_cmake.task.cmake.build:Building CMake package in '/home/samuisa/Documents/COGAR/ros_ws/src/g1_description'
[9.981s] INFO:colcon.colcon_core.shell:Skip shell extension 'powershell' for command environment: Not usable outside of PowerShell
[9.982s] DEBUG:colcon.colcon_core.shell:Skip shell extension 'dsv' for command environment
[10.034s] DEBUG:colcon.colcon_core.event_handler.log_command:Invoking command in '/home/samuisa/Documents/COGAR/ros_ws/build/aws_robomaker_small_house_world': CMAKE_PREFIX_PATH=/opt/ros/humble /usr/bin/cmake --build /home/samuisa/Documents/COGAR/ros_ws/build/aws_robomaker_small_house_world -- -j16 -l16
[10.095s] DEBUG:colcon.colcon_core.event_handler.log_command:Invoking command in '/home/samuisa/Documents/COGAR/ros_ws/build/bme_gazebo_sensors': CMAKE_PREFIX_PATH=/opt/ros/humble /usr/bin/cmake --build /home/samuisa/Documents/COGAR/ros_ws/build/bme_gazebo_sensors -- -j16 -l16
[10.115s] DEBUG:colcon.colcon_core.event_handler.log_command:Invoking command in '/home/samuisa/Documents/COGAR/ros_ws/build/g1_description': CMAKE_PREFIX_PATH=/opt/ros/humble /usr/bin/cmake --build /home/samuisa/Documents/COGAR/ros_ws/build/g1_description -- -j16 -l16
[11.013s] DEBUG:colcon.colcon_core.event_handler.log_command:Invoked command in '/home/samuisa/Documents/COGAR/ros_ws/build/g1_description' returned '0': CMAKE_PREFIX_PATH=/opt/ros/humble /usr/bin/cmake --build /home/samuisa/Documents/COGAR/ros_ws/build/g1_description -- -j16 -l16
[11.039s] DEBUG:colcon.colcon_core.event_handler.log_command:Invoking command in '/home/samuisa/Documents/COGAR/ros_ws/build/g1_description': CMAKE_PREFIX_PATH=/opt/ros/humble /usr/bin/cmake --install /home/samuisa/Documents/COGAR/ros_ws/build/g1_description
[11.040s] DEBUG:colcon.colcon_core.event_handler.log_command:Invoked command in '/home/samuisa/Documents/COGAR/ros_ws/build/bme_gazebo_sensors' returned '0': CMAKE_PREFIX_PATH=/opt/ros/humble /usr/bin/cmake --build /home/samuisa/Documents/COGAR/ros_ws/build/bme_gazebo_sensors -- -j16 -l16
[11.070s] DEBUG:colcon.colcon_core.event_handler.log_command:Invoking command in '/home/samuisa/Documents/COGAR/ros_ws/build/bme_gazebo_sensors': CMAKE_PREFIX_PATH=/opt/ros/humble /usr/bin/cmake --install /home/samuisa/Documents/COGAR/ros_ws/build/bme_gazebo_sensors
[11.082s] Level 1:colcon.colcon_core.environment:create_environment_scripts_only(bme_gazebo_sensors)
[11.092s] DEBUG:colcon.colcon_core.event_handler.log_command:Invoked command in '/home/samuisa/Documents/COGAR/ros_ws/build/bme_gazebo_sensors' returned '0': CMAKE_PREFIX_PATH=/opt/ros/humble /usr/bin/cmake --install /home/samuisa/Documents/COGAR/ros_ws/build/bme_gazebo_sensors
[11.298s] Level 1:colcon.colcon_core.environment:checking '/home/samuisa/Documents/COGAR/ros_ws/install/bme_gazebo_sensors' for CMake module files
[11.300s] Level 1:colcon.colcon_core.environment:checking '/home/samuisa/Documents/COGAR/ros_ws/install/bme_gazebo_sensors' for CMake config files
[11.301s] Level 1:colcon.colcon_core.shell:create_environment_hook('bme_gazebo_sensors', 'cmake_prefix_path')
[11.301s] INFO:colcon.colcon_core.shell:Creating environment hook '/home/samuisa/Documents/COGAR/ros_ws/install/bme_gazebo_sensors/share/bme_gazebo_sensors/hook/cmake_prefix_path.ps1'
[11.312s] INFO:colcon.colcon_core.shell:Creating environment descriptor '/home/samuisa/Documents/COGAR/ros_ws/install/bme_gazebo_sensors/share/bme_gazebo_sensors/hook/cmake_prefix_path.dsv'
[11.327s] INFO:colcon.colcon_core.shell:Creating environment hook '/home/samuisa/Documents/COGAR/ros_ws/install/bme_gazebo_sensors/share/bme_gazebo_sensors/hook/cmake_prefix_path.sh'
[11.329s] Level 1:colcon.colcon_core.environment:checking '/home/samuisa/Documents/COGAR/ros_ws/install/bme_gazebo_sensors/bin'
[11.329s] Level 1:colcon.colcon_core.environment:checking '/home/samuisa/Documents/COGAR/ros_ws/install/bme_gazebo_sensors/lib/pkgconfig/bme_gazebo_sensors.pc'
[11.330s] Level 1:colcon.colcon_core.environment:checking '/home/samuisa/Documents/COGAR/ros_ws/install/bme_gazebo_sensors/lib/python3.10/site-packages'
[11.331s] Level 1:colcon.colcon_core.environment:checking '/home/samuisa/Documents/COGAR/ros_ws/install/bme_gazebo_sensors/bin'
[11.331s] INFO:colcon.colcon_core.shell:Creating package script '/home/samuisa/Documents/COGAR/ros_ws/install/bme_gazebo_sensors/share/bme_gazebo_sensors/package.ps1'
[11.334s] INFO:colcon.colcon_core.shell:Creating package descriptor '/home/samuisa/Documents/COGAR/ros_ws/install/bme_gazebo_sensors/share/bme_gazebo_sensors/package.dsv'
[11.336s] INFO:colcon.colcon_core.shell:Creating package script '/home/samuisa/Documents/COGAR/ros_ws/install/bme_gazebo_sensors/share/bme_gazebo_sensors/package.sh'
[11.339s] INFO:colcon.colcon_core.shell:Creating package script '/home/samuisa/Documents/COGAR/ros_ws/install/bme_gazebo_sensors/share/bme_gazebo_sensors/package.bash'
[11.374s] INFO:colcon.colcon_core.shell:Creating package script '/home/samuisa/Documents/COGAR/ros_ws/install/bme_gazebo_sensors/share/bme_gazebo_sensors/package.zsh'
[11.388s] Level 1:colcon.colcon_core.environment:create_file_with_runtime_dependencies(/home/samuisa/Documents/COGAR/ros_ws/install/bme_gazebo_sensors/share/colcon-core/packages/bme_gazebo_sensors)
[11.389s] Level 1:colcon.colcon_core.environment:create_environment_scripts_only(bme_gazebo_sensors)
[11.390s] Level 1:colcon.colcon_core.environment:checking '/home/samuisa/Documents/COGAR/ros_ws/install/bme_gazebo_sensors' for CMake module files
[11.391s] Level 1:colcon.colcon_core.environment:checking '/home/samuisa/Documents/COGAR/ros_ws/install/bme_gazebo_sensors' for CMake config files
[11.391s] Level 1:colcon.colcon_core.shell:create_environment_hook('bme_gazebo_sensors', 'cmake_prefix_path')
[11.392s] INFO:colcon.colcon_core.shell:Creating environment hook '/home/samuisa/Documents/COGAR/ros_ws/install/bme_gazebo_sensors/share/bme_gazebo_sensors/hook/cmake_prefix_path.ps1'
[11.392s] INFO:colcon.colcon_core.shell:Creating environment descriptor '/home/samuisa/Documents/COGAR/ros_ws/install/bme_gazebo_sensors/share/bme_gazebo_sensors/hook/cmake_prefix_path.dsv'
[11.393s] INFO:colcon.colcon_core.shell:Creating environment hook '/home/samuisa/Documents/COGAR/ros_ws/install/bme_gazebo_sensors/share/bme_gazebo_sensors/hook/cmake_prefix_path.sh'
[11.395s] Level 1:colcon.colcon_core.environment:checking '/home/samuisa/Documents/COGAR/ros_ws/install/bme_gazebo_sensors/bin'
[11.395s] Level 1:colcon.colcon_core.environment:checking '/home/samuisa/Documents/COGAR/ros_ws/install/bme_gazebo_sensors/lib/pkgconfig/bme_gazebo_sensors.pc'
[11.395s] Level 1:colcon.colcon_core.environment:checking '/home/samuisa/Documents/COGAR/ros_ws/install/bme_gazebo_sensors/lib/python3.10/site-packages'
[11.396s] Level 1:colcon.colcon_core.environment:checking '/home/samuisa/Documents/COGAR/ros_ws/install/bme_gazebo_sensors/bin'
[11.396s] INFO:colcon.colcon_core.shell:Creating package script '/home/samuisa/Documents/COGAR/ros_ws/install/bme_gazebo_sensors/share/bme_gazebo_sensors/package.ps1'
[11.398s] INFO:colcon.colcon_core.shell:Creating package descriptor '/home/samuisa/Documents/COGAR/ros_ws/install/bme_gazebo_sensors/share/bme_gazebo_sensors/package.dsv'
[11.399s] INFO:colcon.colcon_core.shell:Creating package script '/home/samuisa/Documents/COGAR/ros_ws/install/bme_gazebo_sensors/share/bme_gazebo_sensors/package.sh'
[11.400s] INFO:colcon.colcon_core.shell:Creating package script '/home/samuisa/Documents/COGAR/ros_ws/install/bme_gazebo_sensors/share/bme_gazebo_sensors/package.bash'
[11.401s] INFO:colcon.colcon_core.shell:Creating package script '/home/samuisa/Documents/COGAR/ros_ws/install/bme_gazebo_sensors/share/bme_gazebo_sensors/package.zsh'
[11.402s] Level 1:colcon.colcon_core.environment:create_file_with_runtime_dependencies(/home/samuisa/Documents/COGAR/ros_ws/install/bme_gazebo_sensors/share/colcon-core/packages/bme_gazebo_sensors)
[11.404s] Level 1:colcon.colcon_core.environment:create_environment_scripts_only(g1_description)
[11.405s] Level 1:colcon.colcon_core.environment:checking '/home/samuisa/Documents/COGAR/ros_ws/install/g1_description' for CMake module files
[11.406s] DEBUG:colcon.colcon_core.event_handler.log_command:Invoked command in '/home/samuisa/Documents/COGAR/ros_ws/build/g1_description' returned '0': CMAKE_PREFIX_PATH=/opt/ros/humble /usr/bin/cmake --install /home/samuisa/Documents/COGAR/ros_ws/build/g1_description
[11.407s] Level 1:colcon.colcon_core.environment:checking '/home/samuisa/Documents/COGAR/ros_ws/install/g1_description' for CMake config files
[11.407s] Level 1:colcon.colcon_core.shell:create_environment_hook('g1_description', 'cmake_prefix_path')
[11.408s] INFO:colcon.colcon_core.shell:Creating environment hook '/home/samuisa/Documents/COGAR/ros_ws/install/g1_description/share/g1_description/hook/cmake_prefix_path.ps1'
[11.409s] INFO:colcon.colcon_core.shell:Creating environment descriptor '/home/samuisa/Documents/COGAR/ros_ws/install/g1_description/share/g1_description/hook/cmake_prefix_path.dsv'
[11.410s] INFO:colcon.colcon_core.shell:Creating environment hook '/home/samuisa/Documents/COGAR/ros_ws/install/g1_description/share/g1_description/hook/cmake_prefix_path.sh'
[11.411s] Level 1:colcon.colcon_core.environment:checking '/home/samuisa/Documents/COGAR/ros_ws/install/g1_description/bin'
[11.411s] Level 1:colcon.colcon_core.environment:checking '/home/samuisa/Documents/COGAR/ros_ws/install/g1_description/lib/pkgconfig/g1_description.pc'
[11.412s] Level 1:colcon.colcon_core.environment:checking '/home/samuisa/Documents/COGAR/ros_ws/install/g1_description/lib/python3.10/site-packages'
[11.412s] Level 1:colcon.colcon_core.environment:checking '/home/samuisa/Documents/COGAR/ros_ws/install/g1_description/bin'
[11.413s] INFO:colcon.colcon_core.shell:Creating package script '/home/samuisa/Documents/COGAR/ros_ws/install/g1_description/share/g1_description/package.ps1'
[11.414s] INFO:colcon.colcon_core.shell:Creating package descriptor '/home/samuisa/Documents/COGAR/ros_ws/install/g1_description/share/g1_description/package.dsv'
[11.415s] INFO:colcon.colcon_core.shell:Creating package script '/home/samuisa/Documents/COGAR/ros_ws/install/g1_description/share/g1_description/package.sh'
[11.417s] INFO:colcon.colcon_core.shell:Creating package script '/home/samuisa/Documents/COGAR/ros_ws/install/g1_description/share/g1_description/package.bash'
[11.418s] INFO:colcon.colcon_core.shell:Creating package script '/home/samuisa/Documents/COGAR/ros_ws/install/g1_description/share/g1_description/package.zsh'
[11.419s] Level 1:colcon.colcon_core.environment:create_file_with_runtime_dependencies(/home/samuisa/Documents/COGAR/ros_ws/install/g1_description/share/colcon-core/packages/g1_description)
[11.420s] Level 1:colcon.colcon_core.environment:create_environment_scripts_only(g1_description)
[11.420s] Level 1:colcon.colcon_core.environment:checking '/home/samuisa/Documents/COGAR/ros_ws/install/g1_description' for CMake module files
[11.421s] Level 1:colcon.colcon_core.environment:checking '/home/samuisa/Documents/COGAR/ros_ws/install/g1_description' for CMake config files
[11.421s] Level 1:colcon.colcon_core.shell:create_environment_hook('g1_description', 'cmake_prefix_path')
[11.422s] INFO:colcon.colcon_core.shell:Creating environment hook '/home/samuisa/Documents/COGAR/ros_ws/install/g1_description/share/g1_description/hook/cmake_prefix_path.ps1'
[11.422s] INFO:colcon.colcon_core.shell:Creating environment descriptor '/home/samuisa/Documents/COGAR/ros_ws/install/g1_description/share/g1_description/hook/cmake_prefix_path.dsv'
[11.423s] INFO:colcon.colcon_core.shell:Creating environment hook '/home/samuisa/Documents/COGAR/ros_ws/install/g1_description/share/g1_description/hook/cmake_prefix_path.sh'
[11.424s] Level 1:colcon.colcon_core.environment:checking '/home/samuisa/Documents/COGAR/ros_ws/install/g1_description/bin'
[11.424s] Level 1:colcon.colcon_core.environment:checking '/home/samuisa/Documents/COGAR/ros_ws/install/g1_description/lib/pkgconfig/g1_description.pc'
[11.425s] Level 1:colcon.colcon_core.environment:checking '/home/samuisa/Documents/COGAR/ros_ws/install/g1_description/lib/python3.10/site-packages'
[11.425s] Level 1:colcon.colcon_core.environment:checking '/home/samuisa/Documents/COGAR/ros_ws/install/g1_description/bin'
[11.426s] INFO:colcon.colcon_core.shell:Creating package script '/home/samuisa/Documents/COGAR/ros_ws/install/g1_description/share/g1_description/package.ps1'
[11.426s] INFO:colcon.colcon_core.shell:Creating package descriptor '/home/samuisa/Documents/COGAR/ros_ws/install/g1_description/share/g1_description/package.dsv'
[11.427s] INFO:colcon.colcon_core.shell:Creating package script '/home/samuisa/Documents/COGAR/ros_ws/install/g1_description/share/g1_description/package.sh'
[11.427s] INFO:colcon.colcon_core.shell:Creating package script '/home/samuisa/Documents/COGAR/ros_ws/install/g1_description/share/g1_description/package.bash'
[11.428s] INFO:colcon.colcon_core.shell:Creating package script '/home/samuisa/Documents/COGAR/ros_ws/install/g1_description/share/g1_description/package.zsh'
[11.428s] Level 1:colcon.colcon_core.environment:create_file_with_runtime_dependencies(/home/samuisa/Documents/COGAR/ros_ws/install/g1_description/share/colcon-core/packages/g1_description)
[11.495s] DEBUG:colcon.colcon_core.event_handler.log_command:Invoked command in '/home/samuisa/Documents/COGAR/ros_ws/build/aws_robomaker_small_house_world' returned '0': CMAKE_PREFIX_PATH=/opt/ros/humble /usr/bin/cmake --build /home/samuisa/Documents/COGAR/ros_ws/build/aws_robomaker_small_house_world -- -j16 -l16
[11.498s] DEBUG:colcon.colcon_core.event_handler.log_command:Invoking command in '/home/samuisa/Documents/COGAR/ros_ws/build/aws_robomaker_small_house_world': CMAKE_PREFIX_PATH=/opt/ros/humble /usr/bin/cmake --install /home/samuisa/Documents/COGAR/ros_ws/build/aws_robomaker_small_house_world
[11.559s] Level 1:colcon.colcon_core.environment:create_environment_scripts_only(aws_robomaker_small_house_world)
[11.560s] Level 1:colcon.colcon_core.environment:checking '/home/samuisa/Documents/COGAR/ros_ws/install/aws_robomaker_small_house_world' for CMake module files
[11.563s] Level 1:colcon.colcon_core.environment:checking '/home/samuisa/Documents/COGAR/ros_ws/install/aws_robomaker_small_house_world' for CMake config files
[11.564s] Level 1:colcon.colcon_core.shell:create_environment_hook('aws_robomaker_small_house_world', 'cmake_prefix_path')
[11.564s] INFO:colcon.colcon_core.shell:Creating environment hook '/home/samuisa/Documents/COGAR/ros_ws/install/aws_robomaker_small_house_world/share/aws_robomaker_small_house_world/hook/cmake_prefix_path.ps1'
[11.566s] INFO:colcon.colcon_core.shell:Creating environment descriptor '/home/samuisa/Documents/COGAR/ros_ws/install/aws_robomaker_small_house_world/share/aws_robomaker_small_house_world/hook/cmake_prefix_path.dsv'
[11.567s] INFO:colcon.colcon_core.shell:Creating environment hook '/home/samuisa/Documents/COGAR/ros_ws/install/aws_robomaker_small_house_world/share/aws_robomaker_small_house_world/hook/cmake_prefix_path.sh'
[11.569s] Level 1:colcon.colcon_core.environment:checking '/home/samuisa/Documents/COGAR/ros_ws/install/aws_robomaker_small_house_world/bin'
[11.569s] Level 1:colcon.colcon_core.environment:checking '/home/samuisa/Documents/COGAR/ros_ws/install/aws_robomaker_small_house_world/lib/pkgconfig/aws_robomaker_small_house_world.pc'
[11.569s] Level 1:colcon.colcon_core.environment:checking '/home/samuisa/Documents/COGAR/ros_ws/install/aws_robomaker_small_house_world/lib/python3.10/site-packages'
[11.570s] Level 1:colcon.colcon_core.environment:checking '/home/samuisa/Documents/COGAR/ros_ws/install/aws_robomaker_small_house_world/bin'
[11.571s] INFO:colcon.colcon_core.shell:Creating package script '/home/samuisa/Documents/COGAR/ros_ws/install/aws_robomaker_small_house_world/share/aws_robomaker_small_house_world/package.ps1'
[11.572s] INFO:colcon.colcon_core.shell:Creating package descriptor '/home/samuisa/Documents/COGAR/ros_ws/install/aws_robomaker_small_house_world/share/aws_robomaker_small_house_world/package.dsv'
[11.573s] INFO:colcon.colcon_core.shell:Creating package script '/home/samuisa/Documents/COGAR/ros_ws/install/aws_robomaker_small_house_world/share/aws_robomaker_small_house_world/package.sh'
[11.574s] INFO:colcon.colcon_core.shell:Creating package script '/home/samuisa/Documents/COGAR/ros_ws/install/aws_robomaker_small_house_world/share/aws_robomaker_small_house_world/package.bash'
[11.576s] INFO:colcon.colcon_core.shell:Creating package script '/home/samuisa/Documents/COGAR/ros_ws/install/aws_robomaker_small_house_world/share/aws_robomaker_small_house_world/package.zsh'
[11.577s] Level 1:colcon.colcon_core.environment:create_file_with_runtime_dependencies(/home/samuisa/Documents/COGAR/ros_ws/install/aws_robomaker_small_house_world/share/colcon-core/packages/aws_robomaker_small_house_world)
[11.580s] Level 1:colcon.colcon_core.environment:create_environment_scripts_only(aws_robomaker_small_house_world)
[11.580s] Level 1:colcon.colcon_core.environment:checking '/home/samuisa/Documents/COGAR/ros_ws/install/aws_robomaker_small_house_world' for CMake module files
[11.585s] Level 1:colcon.colcon_core.environment:checking '/home/samuisa/Documents/COGAR/ros_ws/install/aws_robomaker_small_house_world' for CMake config files
[11.587s] Level 1:colcon.colcon_core.shell:create_environment_hook('aws_robomaker_small_house_world', 'cmake_prefix_path')
[11.588s] INFO:colcon.colcon_core.shell:Creating environment hook '/home/samuisa/Documents/COGAR/ros_ws/install/aws_robomaker_small_house_world/share/aws_robomaker_small_house_world/hook/cmake_prefix_path.ps1'
[11.590s] INFO:colcon.colcon_core.shell:Creating environment descriptor '/home/samuisa/Documents/COGAR/ros_ws/install/aws_robomaker_small_house_world/share/aws_robomaker_small_house_world/hook/cmake_prefix_path.dsv'
[11.592s] INFO:colcon.colcon_core.shell:Creating environment hook '/home/samuisa/Documents/COGAR/ros_ws/install/aws_robomaker_small_house_world/share/aws_robomaker_small_house_world/hook/cmake_prefix_path.sh'
[11.594s] Level 1:colcon.colcon_core.environment:checking '/home/samuisa/Documents/COGAR/ros_ws/install/aws_robomaker_small_house_world/bin'
[11.594s] Level 1:colcon.colcon_core.environment:checking '/home/samuisa/Documents/COGAR/ros_ws/install/aws_robomaker_small_house_world/lib/pkgconfig/aws_robomaker_small_house_world.pc'
[11.594s] Level 1:colcon.colcon_core.environment:checking '/home/samuisa/Documents/COGAR/ros_ws/install/aws_robomaker_small_house_world/lib/python3.10/site-packages'
[11.595s] Level 1:colcon.colcon_core.environment:checking '/home/samuisa/Documents/COGAR/ros_ws/install/aws_robomaker_small_house_world/bin'
[11.595s] INFO:colcon.colcon_core.shell:Creating package script '/home/samuisa/Documents/COGAR/ros_ws/install/aws_robomaker_small_house_world/share/aws_robomaker_small_house_world/package.ps1'
[11.597s] INFO:colcon.colcon_core.shell:Creating package descriptor '/home/samuisa/Documents/COGAR/ros_ws/install/aws_robomaker_small_house_world/share/aws_robomaker_small_house_world/package.dsv'
[11.599s] INFO:colcon.colcon_core.shell:Creating package script '/home/samuisa/Documents/COGAR/ros_ws/install/aws_robomaker_small_house_world/share/aws_robomaker_small_house_world/package.sh'
[11.600s] INFO:colcon.colcon_core.shell:Creating package script '/home/samuisa/Documents/COGAR/ros_ws/install/aws_robomaker_small_house_world/share/aws_robomaker_small_house_world/package.bash'
[11.602s] INFO:colcon.colcon_core.shell:Creating package script '/home/samuisa/Documents/COGAR/ros_ws/install/aws_robomaker_small_house_world/share/aws_robomaker_small_house_world/package.zsh'
[11.603s] Level 1:colcon.colcon_core.environment:create_file_with_runtime_dependencies(/home/samuisa/Documents/COGAR/ros_ws/install/aws_robomaker_small_house_world/share/colcon-core/packages/aws_robomaker_small_house_world)
[11.604s] DEBUG:colcon.colcon_parallel_executor.executor.parallel:closing loop
[11.604s] DEBUG:colcon.colcon_parallel_executor.executor.parallel:loop closed
[11.604s] DEBUG:colcon.colcon_parallel_executor.executor.parallel:run_until_complete finished with '0'
[11.604s] DEBUG:colcon.colcon_core.event_reactor:joining thread
[11.609s] DEBUG:colcon.colcon_core.event_handler.log_command:Invoked command in '/home/samuisa/Documents/COGAR/ros_ws/build/aws_robomaker_small_house_world' returned '0': CMAKE_PREFIX_PATH=/opt/ros/humble /usr/bin/cmake --install /home/samuisa/Documents/COGAR/ros_ws/build/aws_robomaker_small_house_world
[11.647s] INFO:colcon.colcon_core.plugin_system:Skipping extension 'colcon_notification.desktop_notification.terminal_notifier': Not used on non-Darwin systems
[11.647s] INFO:colcon.colcon_core.plugin_system:Skipping extension 'colcon_notification.desktop_notification.win32': Not used on non-Windows systems
[11.647s] INFO:colcon.colcon_notification.desktop_notification:Sending desktop notification using 'notify2'
[11.662s] DEBUG:colcon.colcon_core.event_reactor:joined thread
[11.663s] INFO:colcon.colcon_core.shell:Creating prefix script '/home/samuisa/Documents/COGAR/ros_ws/install/local_setup.ps1'
[11.679s] INFO:colcon.colcon_core.shell:Creating prefix util module '/home/samuisa/Documents/COGAR/ros_ws/install/_local_setup_util_ps1.py'
[11.696s] INFO:colcon.colcon_core.shell:Creating prefix chain script '/home/samuisa/Documents/COGAR/ros_ws/install/setup.ps1'
[11.700s] INFO:colcon.colcon_core.shell:Creating prefix script '/home/samuisa/Documents/COGAR/ros_ws/install/local_setup.sh'
[11.702s] INFO:colcon.colcon_core.shell:Creating prefix util module '/home/samuisa/Documents/COGAR/ros_ws/install/_local_setup_util_sh.py'
[11.703s] INFO:colcon.colcon_core.shell:Creating prefix chain script '/home/samuisa/Documents/COGAR/ros_ws/install/setup.sh'
[11.706s] INFO:colcon.colcon_core.shell:Creating prefix script '/home/samuisa/Documents/COGAR/ros_ws/install/local_setup.bash'
[11.728s] INFO:colcon.colcon_core.shell:Creating prefix chain script '/home/samuisa/Documents/COGAR/ros_ws/install/setup.bash'
[11.730s] INFO:colcon.colcon_core.shell:Creating prefix script '/home/samuisa/Documents/COGAR/ros_ws/install/local_setup.zsh'
[11.743s] INFO:colcon.colcon_core.shell:Creating prefix chain script '/home/samuisa/Documents/COGAR/ros_ws/install/setup.zsh'
