[0.082s] DEBUG:colcon:Command line arguments: ['/usr/bin/colcon', 'build']
[0.082s] DEBUG:colcon:Parsed command line arguments: Namespace(log_base=None, log_level=None, verb_name='build', build_base='build', install_base='install', merge_install=False, symlink_install=False, test_result_base=None, continue_on_error=False, executor='parallel', parallel_workers=16, event_handlers=None, ignore_user_meta=False, metas=['./colcon.meta'], base_paths=['.'], packages_ignore=None, packages_ignore_regex=None, paths=None, packages_up_to=None, packages_up_to_regex=None, packages_above=None, packages_above_and_dependencies=None, packages_above_depth=None, packages_select_by_dep=None, packages_skip_by_dep=None, packages_skip_up_to=None, packages_select_build_failed=False, packages_skip_build_finished=False, packages_select_test_failures=False, packages_skip_test_passed=False, packages_select=None, packages_skip=None, packages_select_regex=None, packages_skip_regex=None, packages_start=None, packages_end=None, allow_overriding=[], cmake_args=None, cmake_target=None, cmake_target_skip_unavailable=False, cmake_clean_cache=False, cmake_clean_first=False, cmake_force_configure=False, ament_cmake_args=None, catkin_cmake_args=None, catkin_skip_building_tests=False, mixin_files=None, mixin=None, verb_parser=<colcon_mixin.mixin.mixin_argument.MixinArgumentDecorator object at 0x76cf57169e10>, verb_extension=<colcon_core.verb.build.BuildVerb object at 0x76cf5727ad40>, main=<bound method BuildVerb.main of <colcon_core.verb.build.BuildVerb object at 0x76cf5727ad40>>, mixin_verb=('build',))
[0.211s] Level 1:colcon.colcon_core.package_discovery:discover_packages(colcon_meta) check parameters
[0.211s] Level 1:colcon.colcon_core.package_discovery:discover_packages(recursive) check parameters
[0.211s] Level 1:colcon.colcon_core.package_discovery:discover_packages(ignore) check parameters
[0.211s] Level 1:colcon.colcon_core.package_discovery:discover_packages(path) check parameters
[0.211s] Level 1:colcon.colcon_core.package_discovery:discover_packages(colcon_meta) discover
[0.211s] Level 1:colcon.colcon_core.package_discovery:discover_packages(recursive) discover
[0.211s] INFO:colcon.colcon_core.package_discovery:Crawling recursively for packages in '/home/samuisa/Documents/COGAR/ros_ws/src'
[0.211s] Level 1:colcon.colcon_core.package_identification:_identify(.) by extensions ['ignore', 'ignore_ament_install']
[0.211s] Level 1:colcon.colcon_core.package_identification:_identify(.) by extension 'ignore'
[0.211s] Level 1:colcon.colcon_core.package_identification:_identify(.) by extension 'ignore_ament_install'
[0.211s] Level 1:colcon.colcon_core.package_identification:_identify(.) by extensions ['colcon_pkg']
[0.212s] Level 1:colcon.colcon_core.package_identification:_identify(.) by extension 'colcon_pkg'
[0.212s] Level 1:colcon.colcon_core.package_identification:_identify(.) by extensions ['colcon_meta']
[0.212s] Level 1:colcon.colcon_core.package_identification:_identify(.) by extension 'colcon_meta'
[0.212s] Level 1:colcon.colcon_core.package_identification:_identify(.) by extensions ['ros']
[0.212s] Level 1:colcon.colcon_core.package_identification:_identify(.) by extension 'ros'
[0.220s] Level 1:colcon.colcon_core.package_identification:_identify(.) by extensions ['cmake', 'python']
[0.220s] Level 1:colcon.colcon_core.package_identification:_identify(.) by extension 'cmake'
[0.220s] Level 1:colcon.colcon_core.package_identification:_identify(.) by extension 'python'
[0.220s] Level 1:colcon.colcon_core.package_identification:_identify(.) by extensions ['python_setup_py']
[0.220s] Level 1:colcon.colcon_core.package_identification:_identify(.) by extension 'python_setup_py'
[0.220s] Level 1:colcon.colcon_core.package_identification:_identify(aws-robomaker-small-house-world) by extensions ['ignore', 'ignore_ament_install']
[0.220s] Level 1:colcon.colcon_core.package_identification:_identify(aws-robomaker-small-house-world) by extension 'ignore'
[0.220s] Level 1:colcon.colcon_core.package_identification:_identify(aws-robomaker-small-house-world) by extension 'ignore_ament_install'
[0.220s] Level 1:colcon.colcon_core.package_identification:_identify(aws-robomaker-small-house-world) by extensions ['colcon_pkg']
[0.220s] Level 1:colcon.colcon_core.package_identification:_identify(aws-robomaker-small-house-world) by extension 'colcon_pkg'
[0.220s] Level 1:colcon.colcon_core.package_identification:_identify(aws-robomaker-small-house-world) by extensions ['colcon_meta']
[0.220s] Level 1:colcon.colcon_core.package_identification:_identify(aws-robomaker-small-house-world) by extension 'colcon_meta'
[0.220s] Level 1:colcon.colcon_core.package_identification:_identify(aws-robomaker-small-house-world) by extensions ['ros']
[0.220s] Level 1:colcon.colcon_core.package_identification:_identify(aws-robomaker-small-house-world) by extension 'ros'
[0.222s] DEBUG:colcon.colcon_core.package_identification:Package 'aws-robomaker-small-house-world' with type 'ros.ament_cmake' and name 'aws_robomaker_small_house_world'
[0.222s] Level 1:colcon.colcon_core.package_identification:_identify(bme_gazebo_sensors) by extensions ['ignore', 'ignore_ament_install']
[0.222s] Level 1:colcon.colcon_core.package_identification:_identify(bme_gazebo_sensors) by extension 'ignore'
[0.222s] Level 1:colcon.colcon_core.package_identification:_identify(bme_gazebo_sensors) by extension 'ignore_ament_install'
[0.222s] Level 1:colcon.colcon_core.package_identification:_identify(bme_gazebo_sensors) by extensions ['colcon_pkg']
[0.222s] Level 1:colcon.colcon_core.package_identification:_identify(bme_gazebo_sensors) by extension 'colcon_pkg'
[0.222s] Level 1:colcon.colcon_core.package_identification:_identify(bme_gazebo_sensors) by extensions ['colcon_meta']
[0.222s] Level 1:colcon.colcon_core.package_identification:_identify(bme_gazebo_sensors) by extension 'colcon_meta'
[0.222s] Level 1:colcon.colcon_core.package_identification:_identify(bme_gazebo_sensors) by extensions ['ros']
[0.222s] Level 1:colcon.colcon_core.package_identification:_identify(bme_gazebo_sensors) by extension 'ros'
[0.223s] DEBUG:colcon.colcon_core.package_identification:Package 'bme_gazebo_sensors' with type 'ros.ament_cmake' and name 'bme_gazebo_sensors'
[0.223s] Level 1:colcon.colcon_core.package_identification:_identify(build) by extensions ['ignore', 'ignore_ament_install']
[0.223s] Level 1:colcon.colcon_core.package_identification:_identify(build) by extension 'ignore'
[0.223s] Level 1:colcon.colcon_core.package_identification:_identify(build) ignored
[0.223s] Level 1:colcon.colcon_core.package_identification:_identify(g1_description) by extensions ['ignore', 'ignore_ament_install']
[0.223s] Level 1:colcon.colcon_core.package_identification:_identify(g1_description) by extension 'ignore'
[0.223s] Level 1:colcon.colcon_core.package_identification:_identify(g1_description) by extension 'ignore_ament_install'
[0.223s] Level 1:colcon.colcon_core.package_identification:_identify(g1_description) by extensions ['colcon_pkg']
[0.223s] Level 1:colcon.colcon_core.package_identification:_identify(g1_description) by extension 'colcon_pkg'
[0.223s] Level 1:colcon.colcon_core.package_identification:_identify(g1_description) by extensions ['colcon_meta']
[0.223s] Level 1:colcon.colcon_core.package_identification:_identify(g1_description) by extension 'colcon_meta'
[0.223s] Level 1:colcon.colcon_core.package_identification:_identify(g1_description) by extensions ['ros']
[0.223s] Level 1:colcon.colcon_core.package_identification:_identify(g1_description) by extension 'ros'
[0.225s] DEBUG:colcon.colcon_core.package_identification:Package 'g1_description' with type 'ros.ament_cmake' and name 'g1_description'
[0.226s] Level 1:colcon.colcon_core.package_identification:_identify(install) by extensions ['ignore', 'ignore_ament_install']
[0.226s] Level 1:colcon.colcon_core.package_identification:_identify(install) by extension 'ignore'
[0.226s] Level 1:colcon.colcon_core.package_identification:_identify(install) ignored
[0.226s] Level 1:colcon.colcon_core.package_identification:_identify(log) by extensions ['ignore', 'ignore_ament_install']
[0.226s] Level 1:colcon.colcon_core.package_identification:_identify(log) by extension 'ignore'
[0.226s] Level 1:colcon.colcon_core.package_identification:_identify(log) ignored
[0.226s] Level 1:colcon.colcon_core.package_discovery:discover_packages(recursive) using defaults
[0.226s] Level 1:colcon.colcon_core.package_discovery:discover_packages(ignore) discover
[0.226s] Level 1:colcon.colcon_core.package_discovery:discover_packages(ignore) using defaults
[0.226s] Level 1:colcon.colcon_core.package_discovery:discover_packages(path) discover
[0.226s] Level 1:colcon.colcon_core.package_discovery:discover_packages(path) using defaults
[0.254s] Level 1:colcon.colcon_core.package_discovery:discover_packages(prefix_path) check parameters
[0.254s] Level 1:colcon.colcon_core.package_discovery:discover_packages(prefix_path) discover
[0.254s] WARNING:colcon.colcon_ros.prefix_path.ament:The path '/home/samuisa/Documents/COGAR/ros_ws/install/g1_description' in the environment variable AMENT_PREFIX_PATH doesn't exist
[0.254s] WARNING:colcon.colcon_ros.prefix_path.ament:The path '/home/samuisa/Documents/COGAR/ros_ws/install/bme_gazebo_sensors' in the environment variable AMENT_PREFIX_PATH doesn't exist
[0.254s] WARNING:colcon.colcon_ros.prefix_path.catkin:The path '/home/samuisa/Documents/COGAR/ros_ws/install/g1_description' in the environment variable CMAKE_PREFIX_PATH doesn't exist
[0.255s] WARNING:colcon.colcon_ros.prefix_path.catkin:The path '/home/samuisa/Documents/COGAR/ros_ws/install/bme_gazebo_sensors' in the environment variable CMAKE_PREFIX_PATH doesn't exist
[0.255s] DEBUG:colcon.colcon_installed_package_information.package_discovery:Found 1 installed packages in /home/samuisa/Documents/COGAR/ros_ws/install
[0.257s] DEBUG:colcon.colcon_installed_package_information.package_discovery:Found 389 installed packages in /opt/ros/humble
[0.258s] Level 1:colcon.colcon_core.package_discovery:discover_packages(prefix_path) using defaults
[0.298s] Level 5:colcon.colcon_core.verb:set package 'aws_robomaker_small_house_world' build argument 'cmake_args' from command line to 'None'
[0.298s] Level 5:colcon.colcon_core.verb:set package 'aws_robomaker_small_house_world' build argument 'cmake_target' from command line to 'None'
[0.298s] Level 5:colcon.colcon_core.verb:set package 'aws_robomaker_small_house_world' build argument 'cmake_target_skip_unavailable' from command line to 'False'
[0.298s] Level 5:colcon.colcon_core.verb:set package 'aws_robomaker_small_house_world' build argument 'cmake_clean_cache' from command line to 'False'
[0.298s] Level 5:colcon.colcon_core.verb:set package 'aws_robomaker_small_house_world' build argument 'cmake_clean_first' from command line to 'False'
[0.298s] Level 5:colcon.colcon_core.verb:set package 'aws_robomaker_small_house_world' build argument 'cmake_force_configure' from command line to 'False'
[0.298s] Level 5:colcon.colcon_core.verb:set package 'aws_robomaker_small_house_world' build argument 'ament_cmake_args' from command line to 'None'
[0.298s] Level 5:colcon.colcon_core.verb:set package 'aws_robomaker_small_house_world' build argument 'catkin_cmake_args' from command line to 'None'
[0.298s] Level 5:colcon.colcon_core.verb:set package 'aws_robomaker_small_house_world' build argument 'catkin_skip_building_tests' from command line to 'False'
[0.298s] DEBUG:colcon.colcon_core.verb:Building package 'aws_robomaker_small_house_world' with the following arguments: {'ament_cmake_args': None, 'build_base': '/home/samuisa/Documents/COGAR/ros_ws/src/build/aws_robomaker_small_house_world', 'catkin_cmake_args': None, 'catkin_skip_building_tests': False, 'cmake_args': None, 'cmake_clean_cache': False, 'cmake_clean_first': False, 'cmake_force_configure': False, 'cmake_target': None, 'cmake_target_skip_unavailable': False, 'install_base': '/home/samuisa/Documents/COGAR/ros_ws/src/install/aws_robomaker_small_house_world', 'merge_install': False, 'path': '/home/samuisa/Documents/COGAR/ros_ws/src/aws-robomaker-small-house-world', 'symlink_install': False, 'test_result_base': None}
[0.298s] Level 5:colcon.colcon_core.verb:set package 'bme_gazebo_sensors' build argument 'cmake_args' from command line to 'None'
[0.298s] Level 5:colcon.colcon_core.verb:set package 'bme_gazebo_sensors' build argument 'cmake_target' from command line to 'None'
[0.298s] Level 5:colcon.colcon_core.verb:set package 'bme_gazebo_sensors' build argument 'cmake_target_skip_unavailable' from command line to 'False'
[0.298s] Level 5:colcon.colcon_core.verb:set package 'bme_gazebo_sensors' build argument 'cmake_clean_cache' from command line to 'False'
[0.298s] Level 5:colcon.colcon_core.verb:set package 'bme_gazebo_sensors' build argument 'cmake_clean_first' from command line to 'False'
[0.298s] Level 5:colcon.colcon_core.verb:set package 'bme_gazebo_sensors' build argument 'cmake_force_configure' from command line to 'False'
[0.298s] Level 5:colcon.colcon_core.verb:set package 'bme_gazebo_sensors' build argument 'ament_cmake_args' from command line to 'None'
[0.299s] Level 5:colcon.colcon_core.verb:set package 'bme_gazebo_sensors' build argument 'catkin_cmake_args' from command line to 'None'
[0.299s] Level 5:colcon.colcon_core.verb:set package 'bme_gazebo_sensors' build argument 'catkin_skip_building_tests' from command line to 'False'
[0.299s] DEBUG:colcon.colcon_core.verb:Building package 'bme_gazebo_sensors' with the following arguments: {'ament_cmake_args': None, 'build_base': '/home/samuisa/Documents/COGAR/ros_ws/src/build/bme_gazebo_sensors', 'catkin_cmake_args': None, 'catkin_skip_building_tests': False, 'cmake_args': None, 'cmake_clean_cache': False, 'cmake_clean_first': False, 'cmake_force_configure': False, 'cmake_target': None, 'cmake_target_skip_unavailable': False, 'install_base': '/home/samuisa/Documents/COGAR/ros_ws/src/install/bme_gazebo_sensors', 'merge_install': False, 'path': '/home/samuisa/Documents/COGAR/ros_ws/src/bme_gazebo_sensors', 'symlink_install': False, 'test_result_base': None}
[0.299s] Level 5:colcon.colcon_core.verb:set package 'g1_description' build argument 'cmake_args' from command line to 'None'
[0.299s] Level 5:colcon.colcon_core.verb:set package 'g1_description' build argument 'cmake_target' from command line to 'None'
[0.299s] Level 5:colcon.colcon_core.verb:set package 'g1_description' build argument 'cmake_target_skip_unavailable' from command line to 'False'
[0.299s] Level 5:colcon.colcon_core.verb:set package 'g1_description' build argument 'cmake_clean_cache' from command line to 'False'
[0.299s] Level 5:colcon.colcon_core.verb:set package 'g1_description' build argument 'cmake_clean_first' from command line to 'False'
[0.299s] Level 5:colcon.colcon_core.verb:set package 'g1_description' build argument 'cmake_force_configure' from command line to 'False'
[0.299s] Level 5:colcon.colcon_core.verb:set package 'g1_description' build argument 'ament_cmake_args' from command line to 'None'
[0.299s] Level 5:colcon.colcon_core.verb:set package 'g1_description' build argument 'catkin_cmake_args' from command line to 'None'
[0.299s] Level 5:colcon.colcon_core.verb:set package 'g1_description' build argument 'catkin_skip_building_tests' from command line to 'False'
[0.299s] DEBUG:colcon.colcon_core.verb:Building package 'g1_description' with the following arguments: {'ament_cmake_args': None, 'build_base': '/home/samuisa/Documents/COGAR/ros_ws/src/build/g1_description', 'catkin_cmake_args': None, 'catkin_skip_building_tests': False, 'cmake_args': None, 'cmake_clean_cache': False, 'cmake_clean_first': False, 'cmake_force_configure': False, 'cmake_target': None, 'cmake_target_skip_unavailable': False, 'install_base': '/home/samuisa/Documents/COGAR/ros_ws/src/install/g1_description', 'merge_install': False, 'path': '/home/samuisa/Documents/COGAR/ros_ws/src/g1_description', 'symlink_install': False, 'test_result_base': None}
[0.299s] INFO:colcon.colcon_core.executor:Executing jobs using 'parallel' executor
[0.300s] DEBUG:colcon.colcon_parallel_executor.executor.parallel:run_until_complete
[0.300s] INFO:colcon.colcon_ros.task.ament_cmake.build:Building ROS package in '/home/samuisa/Documents/COGAR/ros_ws/src/aws-robomaker-small-house-world' with build type 'ament_cmake'
[0.301s] INFO:colcon.colcon_cmake.task.cmake.build:Building CMake package in '/home/samuisa/Documents/COGAR/ros_ws/src/aws-robomaker-small-house-world'
[0.302s] INFO:colcon.colcon_core.plugin_system:Skipping extension 'colcon_core.shell.bat': Not used on non-Windows systems
[0.302s] INFO:colcon.colcon_core.shell:Skip shell extension 'powershell' for command environment: Not usable outside of PowerShell
[0.302s] DEBUG:colcon.colcon_core.shell:Skip shell extension 'dsv' for command environment
[0.306s] INFO:colcon.colcon_ros.task.ament_cmake.build:Building ROS package in '/home/samuisa/Documents/COGAR/ros_ws/src/bme_gazebo_sensors' with build type 'ament_cmake'
[0.306s] INFO:colcon.colcon_cmake.task.cmake.build:Building CMake package in '/home/samuisa/Documents/COGAR/ros_ws/src/bme_gazebo_sensors'
[0.306s] INFO:colcon.colcon_core.shell:Skip shell extension 'powershell' for command environment: Not usable outside of PowerShell
[0.306s] DEBUG:colcon.colcon_core.shell:Skip shell extension 'dsv' for command environment
[0.309s] INFO:colcon.colcon_ros.task.ament_cmake.build:Building ROS package in '/home/samuisa/Documents/COGAR/ros_ws/src/g1_description' with build type 'ament_cmake'
[0.309s] INFO:colcon.colcon_cmake.task.cmake.build:Building CMake package in '/home/samuisa/Documents/COGAR/ros_ws/src/g1_description'
[0.309s] INFO:colcon.colcon_core.shell:Skip shell extension 'powershell' for command environment: Not usable outside of PowerShell
[0.309s] DEBUG:colcon.colcon_core.shell:Skip shell extension 'dsv' for command environment
[0.317s] DEBUG:colcon.colcon_core.event_handler.log_command:Invoking command in '/home/samuisa/Documents/COGAR/ros_ws/src/build/aws_robomaker_small_house_world': CMAKE_PREFIX_PATH=${CMAKE_PREFIX_PATH}:/opt/ros/humble /usr/bin/cmake /home/samuisa/Documents/COGAR/ros_ws/src/aws-robomaker-small-house-world -DCMAKE_INSTALL_PREFIX=/home/samuisa/Documents/COGAR/ros_ws/src/install/aws_robomaker_small_house_world
[0.320s] DEBUG:colcon.colcon_core.event_handler.log_command:Invoking command in '/home/samuisa/Documents/COGAR/ros_ws/src/build/bme_gazebo_sensors': CMAKE_PREFIX_PATH=${CMAKE_PREFIX_PATH}:/opt/ros/humble /usr/bin/cmake /home/samuisa/Documents/COGAR/ros_ws/src/bme_gazebo_sensors -DCMAKE_INSTALL_PREFIX=/home/samuisa/Documents/COGAR/ros_ws/src/install/bme_gazebo_sensors
[0.322s] DEBUG:colcon.colcon_core.event_handler.log_command:Invoking command in '/home/samuisa/Documents/COGAR/ros_ws/src/build/g1_description': CMAKE_PREFIX_PATH=${CMAKE_PREFIX_PATH}:/opt/ros/humble /usr/bin/cmake /home/samuisa/Documents/COGAR/ros_ws/src/g1_description -DCMAKE_INSTALL_PREFIX=/home/samuisa/Documents/COGAR/ros_ws/src/install/g1_description
[0.898s] DEBUG:colcon.colcon_core.event_handler.log_command:Invoked command in '/home/samuisa/Documents/COGAR/ros_ws/src/build/g1_description' returned '0': CMAKE_PREFIX_PATH=${CMAKE_PREFIX_PATH}:/opt/ros/humble /usr/bin/cmake /home/samuisa/Documents/COGAR/ros_ws/src/g1_description -DCMAKE_INSTALL_PREFIX=/home/samuisa/Documents/COGAR/ros_ws/src/install/g1_description
[0.901s] DEBUG:colcon.colcon_core.event_handler.log_command:Invoking command in '/home/samuisa/Documents/COGAR/ros_ws/src/build/g1_description': CMAKE_PREFIX_PATH=${CMAKE_PREFIX_PATH}:/opt/ros/humble /usr/bin/cmake --build /home/samuisa/Documents/COGAR/ros_ws/src/build/g1_description -- -j16 -l16
[0.913s] DEBUG:colcon.colcon_core.event_handler.log_command:Invoked command in '/home/samuisa/Documents/COGAR/ros_ws/src/build/bme_gazebo_sensors' returned '0': CMAKE_PREFIX_PATH=${CMAKE_PREFIX_PATH}:/opt/ros/humble /usr/bin/cmake /home/samuisa/Documents/COGAR/ros_ws/src/bme_gazebo_sensors -DCMAKE_INSTALL_PREFIX=/home/samuisa/Documents/COGAR/ros_ws/src/install/bme_gazebo_sensors
[0.915s] DEBUG:colcon.colcon_core.event_handler.log_command:Invoking command in '/home/samuisa/Documents/COGAR/ros_ws/src/build/bme_gazebo_sensors': CMAKE_PREFIX_PATH=${CMAKE_PREFIX_PATH}:/opt/ros/humble /usr/bin/cmake --build /home/samuisa/Documents/COGAR/ros_ws/src/build/bme_gazebo_sensors -- -j16 -l16
[0.942s] DEBUG:colcon.colcon_core.event_handler.log_command:Invoked command in '/home/samuisa/Documents/COGAR/ros_ws/src/build/g1_description' returned '0': CMAKE_PREFIX_PATH=${CMAKE_PREFIX_PATH}:/opt/ros/humble /usr/bin/cmake --build /home/samuisa/Documents/COGAR/ros_ws/src/build/g1_description -- -j16 -l16
[0.954s] DEBUG:colcon.colcon_core.event_handler.log_command:Invoking command in '/home/samuisa/Documents/COGAR/ros_ws/src/build/g1_description': CMAKE_PREFIX_PATH=${CMAKE_PREFIX_PATH}:/opt/ros/humble /usr/bin/cmake --install /home/samuisa/Documents/COGAR/ros_ws/src/build/g1_description
[0.955s] DEBUG:colcon.colcon_core.event_handler.log_command:Invoked command in '/home/samuisa/Documents/COGAR/ros_ws/src/build/bme_gazebo_sensors' returned '0': CMAKE_PREFIX_PATH=${CMAKE_PREFIX_PATH}:/opt/ros/humble /usr/bin/cmake --build /home/samuisa/Documents/COGAR/ros_ws/src/build/bme_gazebo_sensors -- -j16 -l16
[0.957s] DEBUG:colcon.colcon_core.event_handler.log_command:Invoking command in '/home/samuisa/Documents/COGAR/ros_ws/src/build/bme_gazebo_sensors': CMAKE_PREFIX_PATH=${CMAKE_PREFIX_PATH}:/opt/ros/humble /usr/bin/cmake --install /home/samuisa/Documents/COGAR/ros_ws/src/build/bme_gazebo_sensors
[1.246s] Level 1:colcon.colcon_core.environment:create_environment_scripts_only(bme_gazebo_sensors)
[1.247s] DEBUG:colcon.colcon_core.event_handler.log_command:Invoked command in '/home/samuisa/Documents/COGAR/ros_ws/src/build/bme_gazebo_sensors' returned '0': CMAKE_PREFIX_PATH=${CMAKE_PREFIX_PATH}:/opt/ros/humble /usr/bin/cmake --install /home/samuisa/Documents/COGAR/ros_ws/src/build/bme_gazebo_sensors
[1.251s] Level 1:colcon.colcon_core.environment:checking '/home/samuisa/Documents/COGAR/ros_ws/src/install/bme_gazebo_sensors' for CMake module files
[1.252s] Level 1:colcon.colcon_core.environment:checking '/home/samuisa/Documents/COGAR/ros_ws/src/install/bme_gazebo_sensors' for CMake config files
[1.252s] Level 1:colcon.colcon_core.shell:create_environment_hook('bme_gazebo_sensors', 'cmake_prefix_path')
[1.253s] INFO:colcon.colcon_core.shell:Creating environment hook '/home/samuisa/Documents/COGAR/ros_ws/src/install/bme_gazebo_sensors/share/bme_gazebo_sensors/hook/cmake_prefix_path.ps1'
[1.254s] INFO:colcon.colcon_core.shell:Creating environment descriptor '/home/samuisa/Documents/COGAR/ros_ws/src/install/bme_gazebo_sensors/share/bme_gazebo_sensors/hook/cmake_prefix_path.dsv'
[1.254s] INFO:colcon.colcon_core.shell:Creating environment hook '/home/samuisa/Documents/COGAR/ros_ws/src/install/bme_gazebo_sensors/share/bme_gazebo_sensors/hook/cmake_prefix_path.sh'
[1.256s] Level 1:colcon.colcon_core.environment:checking '/home/samuisa/Documents/COGAR/ros_ws/src/install/bme_gazebo_sensors/bin'
[1.256s] Level 1:colcon.colcon_core.environment:checking '/home/samuisa/Documents/COGAR/ros_ws/src/install/bme_gazebo_sensors/lib/pkgconfig/bme_gazebo_sensors.pc'
[1.257s] Level 1:colcon.colcon_core.environment:checking '/home/samuisa/Documents/COGAR/ros_ws/src/install/bme_gazebo_sensors/lib/python3.10/site-packages'
[1.257s] Level 1:colcon.colcon_core.environment:checking '/home/samuisa/Documents/COGAR/ros_ws/src/install/bme_gazebo_sensors/bin'
[1.258s] INFO:colcon.colcon_core.shell:Creating package script '/home/samuisa/Documents/COGAR/ros_ws/src/install/bme_gazebo_sensors/share/bme_gazebo_sensors/package.ps1'
[1.260s] INFO:colcon.colcon_core.shell:Creating package descriptor '/home/samuisa/Documents/COGAR/ros_ws/src/install/bme_gazebo_sensors/share/bme_gazebo_sensors/package.dsv'
[1.261s] INFO:colcon.colcon_core.shell:Creating package script '/home/samuisa/Documents/COGAR/ros_ws/src/install/bme_gazebo_sensors/share/bme_gazebo_sensors/package.sh'
[1.263s] INFO:colcon.colcon_core.shell:Creating package script '/home/samuisa/Documents/COGAR/ros_ws/src/install/bme_gazebo_sensors/share/bme_gazebo_sensors/package.bash'
[1.264s] INFO:colcon.colcon_core.shell:Creating package script '/home/samuisa/Documents/COGAR/ros_ws/src/install/bme_gazebo_sensors/share/bme_gazebo_sensors/package.zsh'
[1.266s] Level 1:colcon.colcon_core.environment:create_file_with_runtime_dependencies(/home/samuisa/Documents/COGAR/ros_ws/src/install/bme_gazebo_sensors/share/colcon-core/packages/bme_gazebo_sensors)
[1.267s] Level 1:colcon.colcon_core.environment:create_environment_scripts_only(bme_gazebo_sensors)
[1.267s] Level 1:colcon.colcon_core.environment:checking '/home/samuisa/Documents/COGAR/ros_ws/src/install/bme_gazebo_sensors' for CMake module files
[1.268s] Level 1:colcon.colcon_core.environment:checking '/home/samuisa/Documents/COGAR/ros_ws/src/install/bme_gazebo_sensors' for CMake config files
[1.269s] Level 1:colcon.colcon_core.shell:create_environment_hook('bme_gazebo_sensors', 'cmake_prefix_path')
[1.269s] INFO:colcon.colcon_core.shell:Creating environment hook '/home/samuisa/Documents/COGAR/ros_ws/src/install/bme_gazebo_sensors/share/bme_gazebo_sensors/hook/cmake_prefix_path.ps1'
[1.270s] INFO:colcon.colcon_core.shell:Creating environment descriptor '/home/samuisa/Documents/COGAR/ros_ws/src/install/bme_gazebo_sensors/share/bme_gazebo_sensors/hook/cmake_prefix_path.dsv'
[1.271s] INFO:colcon.colcon_core.shell:Creating environment hook '/home/samuisa/Documents/COGAR/ros_ws/src/install/bme_gazebo_sensors/share/bme_gazebo_sensors/hook/cmake_prefix_path.sh'
[1.272s] Level 1:colcon.colcon_core.environment:checking '/home/samuisa/Documents/COGAR/ros_ws/src/install/bme_gazebo_sensors/bin'
[1.272s] Level 1:colcon.colcon_core.environment:checking '/home/samuisa/Documents/COGAR/ros_ws/src/install/bme_gazebo_sensors/lib/pkgconfig/bme_gazebo_sensors.pc'
[1.272s] Level 1:colcon.colcon_core.environment:checking '/home/samuisa/Documents/COGAR/ros_ws/src/install/bme_gazebo_sensors/lib/python3.10/site-packages'
[1.273s] Level 1:colcon.colcon_core.environment:checking '/home/samuisa/Documents/COGAR/ros_ws/src/install/bme_gazebo_sensors/bin'
[1.273s] INFO:colcon.colcon_core.shell:Creating package script '/home/samuisa/Documents/COGAR/ros_ws/src/install/bme_gazebo_sensors/share/bme_gazebo_sensors/package.ps1'
[1.278s] INFO:colcon.colcon_core.shell:Creating package descriptor '/home/samuisa/Documents/COGAR/ros_ws/src/install/bme_gazebo_sensors/share/bme_gazebo_sensors/package.dsv'
[1.279s] INFO:colcon.colcon_core.shell:Creating package script '/home/samuisa/Documents/COGAR/ros_ws/src/install/bme_gazebo_sensors/share/bme_gazebo_sensors/package.sh'
[1.280s] INFO:colcon.colcon_core.shell:Creating package script '/home/samuisa/Documents/COGAR/ros_ws/src/install/bme_gazebo_sensors/share/bme_gazebo_sensors/package.bash'
[1.281s] INFO:colcon.colcon_core.shell:Creating package script '/home/samuisa/Documents/COGAR/ros_ws/src/install/bme_gazebo_sensors/share/bme_gazebo_sensors/package.zsh'
[1.282s] Level 1:colcon.colcon_core.environment:create_file_with_runtime_dependencies(/home/samuisa/Documents/COGAR/ros_ws/src/install/bme_gazebo_sensors/share/colcon-core/packages/bme_gazebo_sensors)
[2.523s] Level 1:colcon.colcon_core.environment:create_environment_scripts_only(g1_description)
[2.524s] Level 1:colcon.colcon_core.environment:checking '/home/samuisa/Documents/COGAR/ros_ws/src/install/g1_description' for CMake module files
[2.525s] DEBUG:colcon.colcon_core.event_handler.log_command:Invoked command in '/home/samuisa/Documents/COGAR/ros_ws/src/build/g1_description' returned '0': CMAKE_PREFIX_PATH=${CMAKE_PREFIX_PATH}:/opt/ros/humble /usr/bin/cmake --install /home/samuisa/Documents/COGAR/ros_ws/src/build/g1_description
[2.525s] Level 1:colcon.colcon_core.environment:checking '/home/samuisa/Documents/COGAR/ros_ws/src/install/g1_description' for CMake config files
[2.526s] Level 1:colcon.colcon_core.shell:create_environment_hook('g1_description', 'cmake_prefix_path')
[2.526s] INFO:colcon.colcon_core.shell:Creating environment hook '/home/samuisa/Documents/COGAR/ros_ws/src/install/g1_description/share/g1_description/hook/cmake_prefix_path.ps1'
[2.527s] INFO:colcon.colcon_core.shell:Creating environment descriptor '/home/samuisa/Documents/COGAR/ros_ws/src/install/g1_description/share/g1_description/hook/cmake_prefix_path.dsv'
[2.527s] INFO:colcon.colcon_core.shell:Creating environment hook '/home/samuisa/Documents/COGAR/ros_ws/src/install/g1_description/share/g1_description/hook/cmake_prefix_path.sh'
[2.528s] Level 1:colcon.colcon_core.environment:checking '/home/samuisa/Documents/COGAR/ros_ws/src/install/g1_description/bin'
[2.528s] Level 1:colcon.colcon_core.environment:checking '/home/samuisa/Documents/COGAR/ros_ws/src/install/g1_description/lib/pkgconfig/g1_description.pc'
[2.529s] Level 1:colcon.colcon_core.environment:checking '/home/samuisa/Documents/COGAR/ros_ws/src/install/g1_description/lib/python3.10/site-packages'
[2.529s] Level 1:colcon.colcon_core.environment:checking '/home/samuisa/Documents/COGAR/ros_ws/src/install/g1_description/bin'
[2.530s] INFO:colcon.colcon_core.shell:Creating package script '/home/samuisa/Documents/COGAR/ros_ws/src/install/g1_description/share/g1_description/package.ps1'
[2.530s] INFO:colcon.colcon_core.shell:Creating package descriptor '/home/samuisa/Documents/COGAR/ros_ws/src/install/g1_description/share/g1_description/package.dsv'
[2.531s] INFO:colcon.colcon_core.shell:Creating package script '/home/samuisa/Documents/COGAR/ros_ws/src/install/g1_description/share/g1_description/package.sh'
[2.532s] INFO:colcon.colcon_core.shell:Creating package script '/home/samuisa/Documents/COGAR/ros_ws/src/install/g1_description/share/g1_description/package.bash'
[2.532s] INFO:colcon.colcon_core.shell:Creating package script '/home/samuisa/Documents/COGAR/ros_ws/src/install/g1_description/share/g1_description/package.zsh'
[2.533s] Level 1:colcon.colcon_core.environment:create_file_with_runtime_dependencies(/home/samuisa/Documents/COGAR/ros_ws/src/install/g1_description/share/colcon-core/packages/g1_description)
[2.534s] Level 1:colcon.colcon_core.environment:create_environment_scripts_only(g1_description)
[2.535s] Level 1:colcon.colcon_core.environment:checking '/home/samuisa/Documents/COGAR/ros_ws/src/install/g1_description' for CMake module files
[2.536s] Level 1:colcon.colcon_core.environment:checking '/home/samuisa/Documents/COGAR/ros_ws/src/install/g1_description' for CMake config files
[2.536s] Level 1:colcon.colcon_core.shell:create_environment_hook('g1_description', 'cmake_prefix_path')
[2.536s] INFO:colcon.colcon_core.shell:Creating environment hook '/home/samuisa/Documents/COGAR/ros_ws/src/install/g1_description/share/g1_description/hook/cmake_prefix_path.ps1'
[2.537s] INFO:colcon.colcon_core.shell:Creating environment descriptor '/home/samuisa/Documents/COGAR/ros_ws/src/install/g1_description/share/g1_description/hook/cmake_prefix_path.dsv'
[2.538s] INFO:colcon.colcon_core.shell:Creating environment hook '/home/samuisa/Documents/COGAR/ros_ws/src/install/g1_description/share/g1_description/hook/cmake_prefix_path.sh'
[2.539s] Level 1:colcon.colcon_core.environment:checking '/home/samuisa/Documents/COGAR/ros_ws/src/install/g1_description/bin'
[2.539s] Level 1:colcon.colcon_core.environment:checking '/home/samuisa/Documents/COGAR/ros_ws/src/install/g1_description/lib/pkgconfig/g1_description.pc'
[2.540s] Level 1:colcon.colcon_core.environment:checking '/home/samuisa/Documents/COGAR/ros_ws/src/install/g1_description/lib/python3.10/site-packages'
[2.540s] Level 1:colcon.colcon_core.environment:checking '/home/samuisa/Documents/COGAR/ros_ws/src/install/g1_description/bin'
[2.540s] INFO:colcon.colcon_core.shell:Creating package script '/home/samuisa/Documents/COGAR/ros_ws/src/install/g1_description/share/g1_description/package.ps1'
[2.541s] INFO:colcon.colcon_core.shell:Creating package descriptor '/home/samuisa/Documents/COGAR/ros_ws/src/install/g1_description/share/g1_description/package.dsv'
[2.542s] INFO:colcon.colcon_core.shell:Creating package script '/home/samuisa/Documents/COGAR/ros_ws/src/install/g1_description/share/g1_description/package.sh'
[2.543s] INFO:colcon.colcon_core.shell:Creating package script '/home/samuisa/Documents/COGAR/ros_ws/src/install/g1_description/share/g1_description/package.bash'
[2.544s] INFO:colcon.colcon_core.shell:Creating package script '/home/samuisa/Documents/COGAR/ros_ws/src/install/g1_description/share/g1_description/package.zsh'
[2.544s] Level 1:colcon.colcon_core.environment:create_file_with_runtime_dependencies(/home/samuisa/Documents/COGAR/ros_ws/src/install/g1_description/share/colcon-core/packages/g1_description)
[7.401s] DEBUG:colcon.colcon_core.event_handler.log_command:Invoked command in '/home/samuisa/Documents/COGAR/ros_ws/src/build/aws_robomaker_small_house_world' returned '0': CMAKE_PREFIX_PATH=${CMAKE_PREFIX_PATH}:/opt/ros/humble /usr/bin/cmake /home/samuisa/Documents/COGAR/ros_ws/src/aws-robomaker-small-house-world -DCMAKE_INSTALL_PREFIX=/home/samuisa/Documents/COGAR/ros_ws/src/install/aws_robomaker_small_house_world
[7.403s] DEBUG:colcon.colcon_core.event_handler.log_command:Invoking command in '/home/samuisa/Documents/COGAR/ros_ws/src/build/aws_robomaker_small_house_world': CMAKE_PREFIX_PATH=${CMAKE_PREFIX_PATH}:/opt/ros/humble /usr/bin/cmake --build /home/samuisa/Documents/COGAR/ros_ws/src/build/aws_robomaker_small_house_world -- -j16 -l16
[7.447s] DEBUG:colcon.colcon_core.event_handler.log_command:Invoked command in '/home/samuisa/Documents/COGAR/ros_ws/src/build/aws_robomaker_small_house_world' returned '0': CMAKE_PREFIX_PATH=${CMAKE_PREFIX_PATH}:/opt/ros/humble /usr/bin/cmake --build /home/samuisa/Documents/COGAR/ros_ws/src/build/aws_robomaker_small_house_world -- -j16 -l16
[7.449s] DEBUG:colcon.colcon_core.event_handler.log_command:Invoking command in '/home/samuisa/Documents/COGAR/ros_ws/src/build/aws_robomaker_small_house_world': CMAKE_PREFIX_PATH=${CMAKE_PREFIX_PATH}:/opt/ros/humble /usr/bin/cmake --install /home/samuisa/Documents/COGAR/ros_ws/src/build/aws_robomaker_small_house_world
[7.640s] Level 1:colcon.colcon_core.environment:create_environment_scripts_only(aws_robomaker_small_house_world)
[7.640s] Level 1:colcon.colcon_core.environment:checking '/home/samuisa/Documents/COGAR/ros_ws/src/install/aws_robomaker_small_house_world' for CMake module files
[7.641s] DEBUG:colcon.colcon_core.event_handler.log_command:Invoked command in '/home/samuisa/Documents/COGAR/ros_ws/src/build/aws_robomaker_small_house_world' returned '0': CMAKE_PREFIX_PATH=${CMAKE_PREFIX_PATH}:/opt/ros/humble /usr/bin/cmake --install /home/samuisa/Documents/COGAR/ros_ws/src/build/aws_robomaker_small_house_world
[7.642s] Level 1:colcon.colcon_core.environment:checking '/home/samuisa/Documents/COGAR/ros_ws/src/install/aws_robomaker_small_house_world' for CMake config files
[7.642s] Level 1:colcon.colcon_core.shell:create_environment_hook('aws_robomaker_small_house_world', 'cmake_prefix_path')
[7.642s] INFO:colcon.colcon_core.shell:Creating environment hook '/home/samuisa/Documents/COGAR/ros_ws/src/install/aws_robomaker_small_house_world/share/aws_robomaker_small_house_world/hook/cmake_prefix_path.ps1'
[7.643s] INFO:colcon.colcon_core.shell:Creating environment descriptor '/home/samuisa/Documents/COGAR/ros_ws/src/install/aws_robomaker_small_house_world/share/aws_robomaker_small_house_world/hook/cmake_prefix_path.dsv'
[7.644s] INFO:colcon.colcon_core.shell:Creating environment hook '/home/samuisa/Documents/COGAR/ros_ws/src/install/aws_robomaker_small_house_world/share/aws_robomaker_small_house_world/hook/cmake_prefix_path.sh'
[7.645s] Level 1:colcon.colcon_core.environment:checking '/home/samuisa/Documents/COGAR/ros_ws/src/install/aws_robomaker_small_house_world/bin'
[7.645s] Level 1:colcon.colcon_core.environment:checking '/home/samuisa/Documents/COGAR/ros_ws/src/install/aws_robomaker_small_house_world/lib/pkgconfig/aws_robomaker_small_house_world.pc'
[7.646s] Level 1:colcon.colcon_core.environment:checking '/home/samuisa/Documents/COGAR/ros_ws/src/install/aws_robomaker_small_house_world/lib/python3.10/site-packages'
[7.646s] Level 1:colcon.colcon_core.environment:checking '/home/samuisa/Documents/COGAR/ros_ws/src/install/aws_robomaker_small_house_world/bin'
[7.647s] INFO:colcon.colcon_core.shell:Creating package script '/home/samuisa/Documents/COGAR/ros_ws/src/install/aws_robomaker_small_house_world/share/aws_robomaker_small_house_world/package.ps1'
[7.648s] INFO:colcon.colcon_core.shell:Creating package descriptor '/home/samuisa/Documents/COGAR/ros_ws/src/install/aws_robomaker_small_house_world/share/aws_robomaker_small_house_world/package.dsv'
[7.649s] INFO:colcon.colcon_core.shell:Creating package script '/home/samuisa/Documents/COGAR/ros_ws/src/install/aws_robomaker_small_house_world/share/aws_robomaker_small_house_world/package.sh'
[7.650s] INFO:colcon.colcon_core.shell:Creating package script '/home/samuisa/Documents/COGAR/ros_ws/src/install/aws_robomaker_small_house_world/share/aws_robomaker_small_house_world/package.bash'
[7.650s] INFO:colcon.colcon_core.shell:Creating package script '/home/samuisa/Documents/COGAR/ros_ws/src/install/aws_robomaker_small_house_world/share/aws_robomaker_small_house_world/package.zsh'
[7.651s] Level 1:colcon.colcon_core.environment:create_file_with_runtime_dependencies(/home/samuisa/Documents/COGAR/ros_ws/src/install/aws_robomaker_small_house_world/share/colcon-core/packages/aws_robomaker_small_house_world)
[7.652s] Level 1:colcon.colcon_core.environment:create_environment_scripts_only(aws_robomaker_small_house_world)
[7.652s] Level 1:colcon.colcon_core.environment:checking '/home/samuisa/Documents/COGAR/ros_ws/src/install/aws_robomaker_small_house_world' for CMake module files
[7.654s] Level 1:colcon.colcon_core.environment:checking '/home/samuisa/Documents/COGAR/ros_ws/src/install/aws_robomaker_small_house_world' for CMake config files
[7.654s] Level 1:colcon.colcon_core.shell:create_environment_hook('aws_robomaker_small_house_world', 'cmake_prefix_path')
[7.654s] INFO:colcon.colcon_core.shell:Creating environment hook '/home/samuisa/Documents/COGAR/ros_ws/src/install/aws_robomaker_small_house_world/share/aws_robomaker_small_house_world/hook/cmake_prefix_path.ps1'
[7.655s] INFO:colcon.colcon_core.shell:Creating environment descriptor '/home/samuisa/Documents/COGAR/ros_ws/src/install/aws_robomaker_small_house_world/share/aws_robomaker_small_house_world/hook/cmake_prefix_path.dsv'
[7.656s] INFO:colcon.colcon_core.shell:Creating environment hook '/home/samuisa/Documents/COGAR/ros_ws/src/install/aws_robomaker_small_house_world/share/aws_robomaker_small_house_world/hook/cmake_prefix_path.sh'
[7.657s] Level 1:colcon.colcon_core.environment:checking '/home/samuisa/Documents/COGAR/ros_ws/src/install/aws_robomaker_small_house_world/bin'
[7.657s] Level 1:colcon.colcon_core.environment:checking '/home/samuisa/Documents/COGAR/ros_ws/src/install/aws_robomaker_small_house_world/lib/pkgconfig/aws_robomaker_small_house_world.pc'
[7.658s] Level 1:colcon.colcon_core.environment:checking '/home/samuisa/Documents/COGAR/ros_ws/src/install/aws_robomaker_small_house_world/lib/python3.10/site-packages'
[7.658s] Level 1:colcon.colcon_core.environment:checking '/home/samuisa/Documents/COGAR/ros_ws/src/install/aws_robomaker_small_house_world/bin'
[7.659s] INFO:colcon.colcon_core.shell:Creating package script '/home/samuisa/Documents/COGAR/ros_ws/src/install/aws_robomaker_small_house_world/share/aws_robomaker_small_house_world/package.ps1'
[7.660s] INFO:colcon.colcon_core.shell:Creating package descriptor '/home/samuisa/Documents/COGAR/ros_ws/src/install/aws_robomaker_small_house_world/share/aws_robomaker_small_house_world/package.dsv'
[7.661s] INFO:colcon.colcon_core.shell:Creating package script '/home/samuisa/Documents/COGAR/ros_ws/src/install/aws_robomaker_small_house_world/share/aws_robomaker_small_house_world/package.sh'
[7.662s] INFO:colcon.colcon_core.shell:Creating package script '/home/samuisa/Documents/COGAR/ros_ws/src/install/aws_robomaker_small_house_world/share/aws_robomaker_small_house_world/package.bash'
[7.663s] INFO:colcon.colcon_core.shell:Creating package script '/home/samuisa/Documents/COGAR/ros_ws/src/install/aws_robomaker_small_house_world/share/aws_robomaker_small_house_world/package.zsh'
[7.664s] Level 1:colcon.colcon_core.environment:create_file_with_runtime_dependencies(/home/samuisa/Documents/COGAR/ros_ws/src/install/aws_robomaker_small_house_world/share/colcon-core/packages/aws_robomaker_small_house_world)
[7.664s] DEBUG:colcon.colcon_parallel_executor.executor.parallel:closing loop
[7.665s] DEBUG:colcon.colcon_parallel_executor.executor.parallel:loop closed
[7.665s] DEBUG:colcon.colcon_parallel_executor.executor.parallel:run_until_complete finished with '0'
[7.665s] DEBUG:colcon.colcon_core.event_reactor:joining thread
[7.676s] INFO:colcon.colcon_core.plugin_system:Skipping extension 'colcon_notification.desktop_notification.terminal_notifier': Not used on non-Darwin systems
[7.676s] INFO:colcon.colcon_core.plugin_system:Skipping extension 'colcon_notification.desktop_notification.win32': Not used on non-Windows systems
[7.676s] INFO:colcon.colcon_notification.desktop_notification:Sending desktop notification using 'notify2'
[7.699s] DEBUG:colcon.colcon_core.event_reactor:joined thread
[7.700s] INFO:colcon.colcon_core.shell:Creating prefix script '/home/samuisa/Documents/COGAR/ros_ws/src/install/local_setup.ps1'
[7.701s] INFO:colcon.colcon_core.shell:Creating prefix util module '/home/samuisa/Documents/COGAR/ros_ws/src/install/_local_setup_util_ps1.py'
[7.704s] INFO:colcon.colcon_core.shell:Creating prefix chain script '/home/samuisa/Documents/COGAR/ros_ws/src/install/setup.ps1'
[7.706s] INFO:colcon.colcon_core.shell:Creating prefix script '/home/samuisa/Documents/COGAR/ros_ws/src/install/local_setup.sh'
[7.708s] INFO:colcon.colcon_core.shell:Creating prefix util module '/home/samuisa/Documents/COGAR/ros_ws/src/install/_local_setup_util_sh.py'
[7.709s] INFO:colcon.colcon_core.shell:Creating prefix chain script '/home/samuisa/Documents/COGAR/ros_ws/src/install/setup.sh'
[7.711s] INFO:colcon.colcon_core.shell:Creating prefix script '/home/samuisa/Documents/COGAR/ros_ws/src/install/local_setup.bash'
[7.712s] INFO:colcon.colcon_core.shell:Creating prefix chain script '/home/samuisa/Documents/COGAR/ros_ws/src/install/setup.bash'
[7.714s] INFO:colcon.colcon_core.shell:Creating prefix script '/home/samuisa/Documents/COGAR/ros_ws/src/install/local_setup.zsh'
[7.715s] INFO:colcon.colcon_core.shell:Creating prefix chain script '/home/samuisa/Documents/COGAR/ros_ws/src/install/setup.zsh'
