[0.012s] Invoking command in '/home/samuisa/Documents/COGAR/ros_ws/build/bme_gazebo_sensors': CMAKE_PREFIX_PATH=${CMAKE_PREFIX_PATH}:/opt/ros/humble /usr/bin/cmake /home/samuisa/Documents/COGAR/ros_ws/src/bme_gazebo_sensors -DCMAKE_INSTALL_PREFIX=/home/samuisa/Documents/COGAR/ros_ws/install/bme_gazebo_sensors
[0.066s] -- The C compiler identification is GNU 11.4.0
[0.120s] -- The CXX compiler identification is GNU 11.4.0
[0.126s] -- Detecting C compiler ABI info
[0.196s] -- Detecting C compiler ABI info - done
[0.202s] -- Check for working C compiler: /usr/bin/cc - skipped
[0.202s] -- Detecting C compile features
[0.203s] -- Detecting C compile features - done
[0.205s] -- Detecting CXX compiler ABI info
[0.285s] -- Detecting CXX compiler ABI info - done
[0.300s] -- Check for working CXX compiler: /usr/bin/c++ - skipped
[0.300s] -- Detecting CXX compile features
[0.301s] -- Detecting CXX compile features - done
[0.307s] -- Found ament_cmake: 1.3.14 (/opt/ros/humble/share/ament_cmake/cmake)
[0.461s] -- Found Python3: /usr/bin/python3 (found version "3.10.12") found components: Interpreter 
[0.544s] -- Found ament_lint_auto: 0.12.15 (/opt/ros/humble/share/ament_lint_auto/cmake)
[0.613s] -- Added test 'flake8' to check Python code syntax and style conventions
[0.614s] -- Added test 'lint_cmake' to check CMake code style
[0.614s] -- Added test 'pep257' to check Python code against some of the docstring style conventions in PEP 257
[0.616s] -- Added test 'xmllint' to check XML markup files
[0.617s] -- Configuring done
[0.620s] -- Generating done
[0.622s] -- Build files have been written to: /home/samuisa/Documents/COGAR/ros_ws/build/bme_gazebo_sensors
[0.626s] Invoked command in '/home/samuisa/Documents/COGAR/ros_ws/build/bme_gazebo_sensors' returned '0': CMAKE_PREFIX_PATH=${CMAKE_PREFIX_PATH}:/opt/ros/humble /usr/bin/cmake /home/samuisa/Documents/COGAR/ros_ws/src/bme_gazebo_sensors -DCMAKE_INSTALL_PREFIX=/home/samuisa/Documents/COGAR/ros_ws/install/bme_gazebo_sensors
[0.628s] Invoking command in '/home/samuisa/Documents/COGAR/ros_ws/build/bme_gazebo_sensors': CMAKE_PREFIX_PATH=${CMAKE_PREFIX_PATH}:/opt/ros/humble /usr/bin/cmake --build /home/samuisa/Documents/COGAR/ros_ws/build/bme_gazebo_sensors -- -j16 -l16
[0.668s] Invoked command in '/home/samuisa/Documents/COGAR/ros_ws/build/bme_gazebo_sensors' returned '0': CMAKE_PREFIX_PATH=${CMAKE_PREFIX_PATH}:/opt/ros/humble /usr/bin/cmake --build /home/samuisa/Documents/COGAR/ros_ws/build/bme_gazebo_sensors -- -j16 -l16
[0.669s] Invoking command in '/home/samuisa/Documents/COGAR/ros_ws/build/bme_gazebo_sensors': CMAKE_PREFIX_PATH=${CMAKE_PREFIX_PATH}:/opt/ros/humble /usr/bin/cmake --install /home/samuisa/Documents/COGAR/ros_ws/build/bme_gazebo_sensors
[0.677s] -- Install configuration: ""
[0.677s] -- Installing: /home/samuisa/Documents/COGAR/ros_ws/install/bme_gazebo_sensors/share/bme_gazebo_sensors/launch
[0.677s] -- Installing: /home/samuisa/Documents/COGAR/ros_ws/install/bme_gazebo_sensors/share/bme_gazebo_sensors/launch/world.launch.py
[0.677s] -- Installing: /home/samuisa/Documents/COGAR/ros_ws/install/bme_gazebo_sensors/share/bme_gazebo_sensors/launch/spawn_robot_ex.launch.py
[0.677s] -- Installing: /home/samuisa/Documents/COGAR/ros_ws/install/bme_gazebo_sensors/share/bme_gazebo_sensors/launch/spawn_robot.launch.py
[0.677s] -- Installing: /home/samuisa/Documents/COGAR/ros_ws/install/bme_gazebo_sensors/share/bme_gazebo_sensors/worlds
[0.677s] -- Installing: /home/samuisa/Documents/COGAR/ros_ws/install/bme_gazebo_sensors/share/bme_gazebo_sensors/worlds/small_house.sdf
[0.678s] -- Installing: /home/samuisa/Documents/COGAR/ros_ws/install/bme_gazebo_sensors/share/bme_gazebo_sensors/worlds/world.sdf
[0.678s] -- Installing: /home/samuisa/Documents/COGAR/ros_ws/install/bme_gazebo_sensors/share/bme_gazebo_sensors/worlds/home.sdf
[0.678s] -- Installing: /home/samuisa/Documents/COGAR/ros_ws/install/bme_gazebo_sensors/share/bme_gazebo_sensors/worlds/world_empty.sdf
[0.678s] -- Installing: /home/samuisa/Documents/COGAR/ros_ws/install/bme_gazebo_sensors/share/bme_gazebo_sensors/worlds/my_world.sdf
[0.678s] -- Installing: /home/samuisa/Documents/COGAR/ros_ws/install/bme_gazebo_sensors/share/bme_gazebo_sensors/worlds/my.sdf
[0.678s] -- Installing: /home/samuisa/Documents/COGAR/ros_ws/install/bme_gazebo_sensors/share/bme_gazebo_sensors/rviz
[0.678s] -- Installing: /home/samuisa/Documents/COGAR/ros_ws/install/bme_gazebo_sensors/share/bme_gazebo_sensors/rviz/urdf.rviz
[0.679s] -- Installing: /home/samuisa/Documents/COGAR/ros_ws/install/bme_gazebo_sensors/share/bme_gazebo_sensors/rviz/gps.rviz
[0.679s] -- Installing: /home/samuisa/Documents/COGAR/ros_ws/install/bme_gazebo_sensors/share/bme_gazebo_sensors/rviz/rviz.rviz
[0.679s] -- Installing: /home/samuisa/Documents/COGAR/ros_ws/install/bme_gazebo_sensors/share/bme_gazebo_sensors/urdf
[0.679s] -- Installing: /home/samuisa/Documents/COGAR/ros_ws/install/bme_gazebo_sensors/share/bme_gazebo_sensors/urdf/materials.xacro
[0.679s] -- Installing: /home/samuisa/Documents/COGAR/ros_ws/install/bme_gazebo_sensors/share/bme_gazebo_sensors/urdf/mogi_bot.gazebo
[0.679s] -- Installing: /home/samuisa/Documents/COGAR/ros_ws/install/bme_gazebo_sensors/share/bme_gazebo_sensors/urdf/mogi_bot.urdf
[0.679s] -- Installing: /home/samuisa/Documents/COGAR/ros_ws/install/bme_gazebo_sensors/share/bme_gazebo_sensors/meshes
[0.679s] -- Installing: /home/samuisa/Documents/COGAR/ros_ws/install/bme_gazebo_sensors/share/bme_gazebo_sensors/meshes/lidar.dae
[0.679s] -- Installing: /home/samuisa/Documents/COGAR/ros_ws/install/bme_gazebo_sensors/share/bme_gazebo_sensors/meshes/mogi_bot.dae
[0.680s] -- Installing: /home/samuisa/Documents/COGAR/ros_ws/install/bme_gazebo_sensors/share/bme_gazebo_sensors/meshes/wheel.dae
[0.680s] -- Installing: /home/samuisa/Documents/COGAR/ros_ws/install/bme_gazebo_sensors/share/bme_gazebo_sensors/config
[0.680s] -- Installing: /home/samuisa/Documents/COGAR/ros_ws/install/bme_gazebo_sensors/share/bme_gazebo_sensors/config/ekf.yaml
[0.680s] -- Installing: /home/samuisa/Documents/COGAR/ros_ws/install/bme_gazebo_sensors/share/ament_index/resource_index/package_run_dependencies/bme_gazebo_sensors
[0.681s] -- Installing: /home/samuisa/Documents/COGAR/ros_ws/install/bme_gazebo_sensors/share/ament_index/resource_index/parent_prefix_path/bme_gazebo_sensors
[0.681s] -- Installing: /home/samuisa/Documents/COGAR/ros_ws/install/bme_gazebo_sensors/share/bme_gazebo_sensors/environment/ament_prefix_path.sh
[0.681s] -- Installing: /home/samuisa/Documents/COGAR/ros_ws/install/bme_gazebo_sensors/share/bme_gazebo_sensors/environment/ament_prefix_path.dsv
[0.681s] -- Installing: /home/samuisa/Documents/COGAR/ros_ws/install/bme_gazebo_sensors/share/bme_gazebo_sensors/environment/path.sh
[0.681s] -- Installing: /home/samuisa/Documents/COGAR/ros_ws/install/bme_gazebo_sensors/share/bme_gazebo_sensors/environment/path.dsv
[0.681s] -- Installing: /home/samuisa/Documents/COGAR/ros_ws/install/bme_gazebo_sensors/share/bme_gazebo_sensors/local_setup.bash
[0.681s] -- Installing: /home/samuisa/Documents/COGAR/ros_ws/install/bme_gazebo_sensors/share/bme_gazebo_sensors/local_setup.sh
[0.682s] -- Installing: /home/samuisa/Documents/COGAR/ros_ws/install/bme_gazebo_sensors/share/bme_gazebo_sensors/local_setup.zsh
[0.682s] -- Installing: /home/samuisa/Documents/COGAR/ros_ws/install/bme_gazebo_sensors/share/bme_gazebo_sensors/local_setup.dsv
[0.682s] -- Installing: /home/samuisa/Documents/COGAR/ros_ws/install/bme_gazebo_sensors/share/bme_gazebo_sensors/package.dsv
[0.682s] -- Installing: /home/samuisa/Documents/COGAR/ros_ws/install/bme_gazebo_sensors/share/ament_index/resource_index/packages/bme_gazebo_sensors
[0.682s] -- Installing: /home/samuisa/Documents/COGAR/ros_ws/install/bme_gazebo_sensors/share/bme_gazebo_sensors/cmake/bme_gazebo_sensorsConfig.cmake
[0.682s] -- Installing: /home/samuisa/Documents/COGAR/ros_ws/install/bme_gazebo_sensors/share/bme_gazebo_sensors/cmake/bme_gazebo_sensorsConfig-version.cmake
[0.682s] -- Installing: /home/samuisa/Documents/COGAR/ros_ws/install/bme_gazebo_sensors/share/bme_gazebo_sensors/package.xml
[0.685s] Invoked command in '/home/samuisa/Documents/COGAR/ros_ws/build/bme_gazebo_sensors' returned '0': CMAKE_PREFIX_PATH=${CMAKE_PREFIX_PATH}:/opt/ros/humble /usr/bin/cmake --install /home/samuisa/Documents/COGAR/ros_ws/build/bme_gazebo_sensors
